-------------------------------------------------------------------------------
Test set: de.ruu.app.jeeeraaah.frontend.ws.rs.TestDBCommands
-------------------------------------------------------------------------------
Tests run: 1, Failures: 0, Errors: 1, Skipped: 0, Time elapsed: 0.008 s <<< FAILURE! -- in de.ruu.app.jeeeraaah.frontend.ws.rs.TestDBCommands
de.ruu.app.jeeeraaah.frontend.ws.rs.TestDBCommands -- Time elapsed: 0.008 s <<< ERROR!
java.lang.NoSuchMethodError: 'java.lang.Object org.jboss.logging.Logger.getMessageLogger(java.lang.invoke.MethodHandles$Lookup, java.lang.Class, java.lang.String)'
	at io.smallrye.config.ConfigValueConfigSource$ConfigValueProperties.<clinit>(ConfigValueConfigSource.java:346)
	at io.smallrye.config.PropertiesConfigSource.urlToConfigValueMap(PropertiesConfigSource.java:78)
	at io.smallrye.config.PropertiesConfigSource.<init>(PropertiesConfigSource.java:51)
	at io.smallrye.config.PropertiesConfigSource.<init>(PropertiesConfigSource.java:47)
	at io.smallrye.config.PropertiesConfigSourceLoader.loadConfigSource(PropertiesConfigSourceLoader.java:29)
	at io.smallrye.config.AbstractLocationConfigSourceLoader.loadConfigSourceInternal(AbstractLocationConfigSourceLoader.java:220)
	at io.smallrye.config.AbstractLocationConfigSourceLoader.loadConfigSource(AbstractLocationConfigSourceLoader.java:228)
	at io.smallrye.config.AbstractLocationConfigSourceLoader$ConfigSourceClassPathConsumer.accept(AbstractLocationConfigSourceLoader.java:378)
	at io.smallrye.config.AbstractLocationConfigSourceLoader$ConfigSourceClassPathConsumer.accept(AbstractLocationConfigSourceLoader.java:359)
	at io.smallrye.common.classloader.ClassPathUtils.lambda$consumeAsPath$0(ClassPathUtils.java:103)
	at io.smallrye.common.classloader.ClassPathUtils.processAsPath(ClassPathUtils.java:167)
	at io.smallrye.common.classloader.ClassPathUtils.consumeAsPath(ClassPathUtils.java:102)
	at io.smallrye.common.classloader.ClassPathUtils.consumeAsPaths(ClassPathUtils.java:86)
	at io.smallrye.config.AbstractLocationConfigSourceLoader.tryClassPath(AbstractLocationConfigSourceLoader.java:144)
	at io.smallrye.config.AbstractLocationConfigSourceLoader.loadConfigSources(AbstractLocationConfigSourceLoader.java:107)
	at io.smallrye.config.AbstractLocationConfigSourceLoader.loadConfigSources(AbstractLocationConfigSourceLoader.java:90)
	at io.smallrye.config.PropertiesConfigSourceLoader$InClassPath.getConfigSources(PropertiesConfigSourceLoader.java:47)
	at io.smallrye.config.PropertiesConfigSourceLoader.inClassPath(PropertiesConfigSourceLoader.java:33)
	at io.smallrye.config.SmallRyeConfigBuilder.getPropertiesSources(SmallRyeConfigBuilder.java:219)
	at io.smallrye.config.SmallRyeConfigBuilder.getDefaultSources(SmallRyeConfigBuilder.java:201)
	at io.smallrye.config.SmallRyeConfig$ConfigSources.buildSources(SmallRyeConfig.java:949)
	at io.smallrye.config.SmallRyeConfig$ConfigSources.<init>(SmallRyeConfig.java:876)
	at io.smallrye.config.SmallRyeConfig.<init>(SmallRyeConfig.java:86)
	at io.smallrye.config.SmallRyeConfigBuilder.build(SmallRyeConfigBuilder.java:773)
	at io.smallrye.config.SmallRyeConfigFactory$Default.getConfigFor(SmallRyeConfigFactory.java:63)
	at io.smallrye.config.SmallRyeConfigProviderResolver.getConfig(SmallRyeConfigProviderResolver.java:78)
	at io.smallrye.config.SmallRyeConfigProviderResolver.getConfig(SmallRyeConfigProviderResolver.java:66)
	at microprofile.config.api@3.0/org.eclipse.microprofile.config.ConfigProvider.getConfig(ConfigProvider.java:85)
	at de.ruu.lib.junit.DisableOnServerNotListening.evaluateExecutionCondition(DisableOnServerNotListening.java:41)
	at org.junit.jupiter.engine.execution.ConditionEvaluator.evaluate(ConditionEvaluator.java:64)
	at org.junit.jupiter.engine.execution.ConditionEvaluator.lambda$evaluate$0(ConditionEvaluator.java:55)
	at java.base/java.util.stream.ReferencePipeline$3$1.accept(ReferencePipeline.java:215)
	at java.base/java.util.stream.ReferencePipeline$2$1.accept(ReferencePipeline.java:197)
	at java.base/java.util.stream.StreamSpliterators$WrappingSpliterator.tryAdvance(StreamSpliterators.java:305)
	at java.base/java.util.stream.Streams$ConcatSpliterator.tryAdvance(Streams.java:723)
	at java.base/java.util.stream.ReferencePipeline.forEachWithCancel(ReferencePipeline.java:147)
	at java.base/java.util.stream.AbstractPipeline.copyIntoWithCancel(AbstractPipeline.java:588)
	at java.base/java.util.stream.AbstractPipeline.copyInto(AbstractPipeline.java:574)
	at java.base/java.util.stream.AbstractPipeline.wrapAndCopyInto(AbstractPipeline.java:560)
	at java.base/java.util.stream.FindOps$FindOp.evaluateSequential(FindOps.java:150)
	at java.base/java.util.stream.AbstractPipeline.evaluate(AbstractPipeline.java:265)
	at java.base/java.util.stream.ReferencePipeline.findFirst(ReferencePipeline.java:687)
	at org.junit.jupiter.engine.execution.ConditionEvaluator.evaluate(ConditionEvaluator.java:57)
	at org.junit.jupiter.engine.descriptor.JupiterTestDescriptor.shouldBeSkipped(JupiterTestDescriptor.java:202)
	at org.junit.jupiter.engine.descriptor.JupiterTestDescriptor.shouldBeSkipped(JupiterTestDescriptor.java:57)
	at org.junit.platform.engine.support.hierarchical.NodeTestTask.lambda$checkWhetherSkipped$2(NodeTestTask.java:119)
	at org.junit.platform.engine.support.hierarchical.ThrowableCollector.execute(ThrowableCollector.java:73)
	at org.junit.platform.engine.support.hierarchical.NodeTestTask.checkWhetherSkipped(NodeTestTask.java:119)
	at org.junit.platform.engine.support.hierarchical.NodeTestTask.execute(NodeTestTask.java:81)
	at java.base/java.util.ArrayList.forEach(ArrayList.java:1604)
	at org.junit.platform.engine.support.hierarchical.SameThreadHierarchicalTestExecutorService.invokeAll(SameThreadHierarchicalTestExecutorService.java:38)
	at org.junit.platform.engine.support.hierarchical.NodeTestTask.lambda$executeRecursively$5(NodeTestTask.java:143)
	at org.junit.platform.engine.support.hierarchical.ThrowableCollector.execute(ThrowableCollector.java:73)
	at org.junit.platform.engine.support.hierarchical.NodeTestTask.lambda$executeRecursively$7(NodeTestTask.java:129)
	at org.junit.platform.engine.support.hierarchical.Node.around(Node.java:137)
	at org.junit.platform.engine.support.hierarchical.NodeTestTask.lambda$executeRecursively$8(NodeTestTask.java:127)
	at org.junit.platform.engine.support.hierarchical.ThrowableCollector.execute(ThrowableCollector.java:73)
	at org.junit.platform.engine.support.hierarchical.NodeTestTask.executeRecursively(NodeTestTask.java:126)
	at org.junit.platform.engine.support.hierarchical.NodeTestTask.execute(NodeTestTask.java:84)
	at org.junit.platform.engine.support.hierarchical.SameThreadHierarchicalTestExecutorService.submit(SameThreadHierarchicalTestExecutorService.java:32)
	at org.junit.platform.engine.support.hierarchical.HierarchicalTestExecutor.execute(HierarchicalTestExecutor.java:57)
	at org.junit.platform.engine.support.hierarchical.HierarchicalTestEngine.execute(HierarchicalTestEngine.java:51)
	at org.junit.platform.launcher.core.EngineExecutionOrchestrator.execute(EngineExecutionOrchestrator.java:108)
	at org.junit.platform.launcher.core.EngineExecutionOrchestrator.execute(EngineExecutionOrchestrator.java:88)
	at org.junit.platform.launcher.core.EngineExecutionOrchestrator.lambda$execute$0(EngineExecutionOrchestrator.java:54)
	at org.junit.platform.launcher.core.EngineExecutionOrchestrator.withInterceptedStreams(EngineExecutionOrchestrator.java:67)
	at org.junit.platform.launcher.core.EngineExecutionOrchestrator.execute(EngineExecutionOrchestrator.java:52)
	at org.junit.platform.launcher.core.DefaultLauncher.execute(DefaultLauncher.java:96)
	at org.junit.platform.launcher.core.DefaultLauncher.execute(DefaultLauncher.java:75)
	at org.apache.maven.surefire.junitplatform.LauncherAdapter.executeWithoutCancellationToken(LauncherAdapter.java:60)
	at org.apache.maven.surefire.junitplatform.LauncherAdapter.execute(LauncherAdapter.java:52)
	at org.apache.maven.surefire.junitplatform.JUnitPlatformProvider.execute(JUnitPlatformProvider.java:203)
	at org.apache.maven.surefire.junitplatform.JUnitPlatformProvider.invokeAllTests(JUnitPlatformProvider.java:168)
	at org.apache.maven.surefire.junitplatform.JUnitPlatformProvider.invoke(JUnitPlatformProvider.java:136)
	at org.apache.maven.surefire.booter.ForkedBooter.runSuitesInProcess(ForkedBooter.java:385)
	at org.apache.maven.surefire.booter.ForkedBooter.execute(ForkedBooter.java:162)
	at org.apache.maven.surefire.booter.ForkedBooter.run(ForkedBooter.java:507)
	at org.apache.maven.surefire.booter.ForkedBooter.main(ForkedBooter.java:495)

