<?xml version="1.0" encoding="UTF-8"?>
<testsuite xmlns:xsi="http://www.w3.org/2001/XMLSchema-instance" xsi:noNamespaceSchemaLocation="https://maven.apache.org/surefire/maven-surefire-plugin/xsd/surefire-test-report.xsd" version="3.0.2" name="de.ruu.lib.archunit.TestFieldWithAccessors" time="0.113" tests="1" errors="0" skipped="0" failures="0">
  <properties>
[...]
</properties>
  <testcase name="testFieldsAndAccessors" classname="de.ruu.lib.archunit.TestFieldWithAccessors" time="0.11">
    <system-out><![CDATA[15:22:18.644 DEBUG com.tngtech.archunit.core.importer.UrlSource$From.findUrlsForClassPathProperty(192) - Found URLs on sun.boot.class.path: []
15:22:18.645 DEBUG com.tngtech.archunit.core.importer.UrlSource$From.findUrlsForClassPathProperty(192) - Found URLs on java.class.path: [file:/C:/Users/r-uu/develop/github/codespace/r-uu/lib/archunit/target/test-classes/, file:/C:/Users/r-uu/develop/github/codespace/r-uu/lib/archunit/target/classes/, jar:file:/C:/Users/r-uu/develop/github/codespace/r-uu/lib/util/target/r-uu.codespace.lib.util-0.0.1.jar!/, jar:file:/C:/Users/r-uu/.m2/repository/jakarta/annotation/jakarta.annotation-api/3.0.0/jakarta.annotation-api-3.0.0.jar!/, jar:file:/C:/Users/r-uu/.m2/repository/jakarta/ws/rs/jakarta.ws.rs-api/3.1.0/jakarta.ws.rs-api-3.1.0.jar!/, jar:file:/C:/Users/r-uu/.m2/repository/org/slf4j/slf4j-api/2.0.16/slf4j-api-2.0.16.jar!/, jar:file:/C:/Users/r-uu/.m2/repository/com/tngtech/archunit/archunit/1.4.1/archunit-1.4.1.jar!/, jar:file:/C:/Users/r-uu/.m2/repository/org/apache/logging/log4j/log4j-slf4j2-impl/2.24.1/log4j-slf4j2-impl-2.24.1.jar!/, jar:file:/C:/Users/r-uu/.m2/repository/org/apache/logging/log4j/log4j-api/2.24.1/log4j-api-2.24.1.jar!/, jar:file:/C:/Users/r-uu/.m2/repository/org/apache/logging/log4j/log4j-core/2.24.1/log4j-core-2.24.1.jar!/, jar:file:/C:/Users/r-uu/.m2/repository/org/projectlombok/lombok/1.18.38/lombok-1.18.38.jar!/, jar:file:/C:/Users/r-uu/.m2/repository/org/hamcrest/hamcrest/2.2/hamcrest-2.2.jar!/, jar:file:/C:/Users/r-uu/.m2/repository/org/junit/jupiter/junit-jupiter/5.10.2/junit-jupiter-5.10.2.jar!/, jar:file:/C:/Users/r-uu/.m2/repository/org/junit/jupiter/junit-jupiter-api/5.10.2/junit-jupiter-api-5.10.2.jar!/, jar:file:/C:/Users/r-uu/.m2/repository/org/opentest4j/opentest4j/1.3.0/opentest4j-1.3.0.jar!/, jar:file:/C:/Users/r-uu/.m2/repository/org/junit/platform/junit-platform-commons/1.10.2/junit-platform-commons-1.10.2.jar!/, jar:file:/C:/Users/r-uu/.m2/repository/org/apiguardian/apiguardian-api/1.1.2/apiguardian-api-1.1.2.jar!/, jar:file:/C:/Users/r-uu/.m2/repository/org/junit/jupiter/junit-jupiter-params/5.10.2/junit-jupiter-params-5.10.2.jar!/, jar:file:/C:/Users/r-uu/.m2/repository/org/junit/jupiter/junit-jupiter-engine/5.10.2/junit-jupiter-engine-5.10.2.jar!/, jar:file:/C:/Users/r-uu/.m2/repository/org/junit/platform/junit-platform-engine/1.10.2/junit-platform-engine-1.10.2.jar!/]
15:22:18.673 DEBUG com.tngtech.archunit.core.importer.JavaClassProcessor.visit(104) - Processing class 'de/ruu/lib/archunit/TestFieldWithAccessors$ClassWithFluentAccessorsOnly'
15:22:18.676 DEBUG com.tngtech.archunit.core.importer.JavaClassProcessor.visit(104) - Processing class 'lombok/Generated'
15:22:18.676 DEBUG com.tngtech.archunit.core.importer.JavaClassProcessor.visit(104) - Processing class 'de/ruu/lib/archunit/TestFieldWithAccessors'
15:22:18.679 DEBUG com.tngtech.archunit.core.importer.JavaClassProcessor.visit(104) - Processing class 'java/lang/Object'
15:22:18.691 DEBUG com.tngtech.archunit.core.importer.JavaClassProcessor.visit(104) - Processing class 'org/junit/jupiter/api/Test'
15:22:18.692 DEBUG com.tngtech.archunit.core.importer.JavaClassProcessor.visit(104) - Processing class 'jdk/internal/vm/annotation/IntrinsicCandidate'
15:22:18.694 DEBUG com.tngtech.archunit.core.importer.JavaClassProcessor.visit(104) - Processing class 'java/lang/Deprecated'
15:22:18.695 DEBUG com.tngtech.archunit.core.importer.JavaClassProcessor.visit(104) - Processing class 'java/lang/annotation/Annotation'
15:22:18.696 DEBUG com.tngtech.archunit.core.importer.JavaClassProcessor.visit(104) - Processing class 'java/lang/annotation/Target'
15:22:18.696 DEBUG com.tngtech.archunit.core.importer.JavaClassProcessor.visit(104) - Processing class 'java/lang/annotation/ElementType'
15:22:18.697 DEBUG com.tngtech.archunit.core.importer.JavaClassProcessor.visit(104) - Processing class 'java/lang/annotation/Retention'
15:22:18.697 DEBUG com.tngtech.archunit.core.importer.JavaClassProcessor.visit(104) - Processing class 'java/lang/annotation/RetentionPolicy'
15:22:18.697 DEBUG com.tngtech.archunit.core.importer.JavaClassProcessor.visit(104) - Processing class 'java/lang/Enum'
15:22:18.699 DEBUG com.tngtech.archunit.core.importer.JavaClassProcessor.visit(104) - Processing class 'java/lang/annotation/Documented'
15:22:18.700 DEBUG com.tngtech.archunit.core.importer.JavaClassProcessor.visit(104) - Processing class 'org/junit/platform/commons/annotation/Testable'
15:22:18.700 DEBUG com.tngtech.archunit.core.importer.JavaClassProcessor.visit(104) - Processing class 'org/apiguardian/api/API'
15:22:18.700 DEBUG com.tngtech.archunit.core.importer.JavaClassProcessor.visit(104) - Processing class 'org/apiguardian/api/API$Status'
15:22:18.701 DEBUG com.tngtech.archunit.core.importer.JavaClassProcessor.visit(104) - Processing class 'jdk/internal/vm/annotation/Stable'
15:22:18.701 DEBUG com.tngtech.archunit.core.importer.JavaClassProcessor.visit(104) - Processing class 'java/lang/annotation/Inherited'
15:22:18.702 DEBUG com.tngtech.archunit.core.importer.JavaClassProcessor.visit(104) - Processing class 'java/io/Serializable'
15:22:18.702 DEBUG com.tngtech.archunit.core.importer.JavaClassProcessor.visit(104) - Processing class 'java/lang/constant/Constable'
15:22:18.702 DEBUG com.tngtech.archunit.core.importer.JavaClassProcessor.visit(104) - Processing class 'java/lang/Enum$EnumDesc'
15:22:18.703 DEBUG com.tngtech.archunit.core.importer.JavaClassProcessor.visit(104) - Processing class 'java/lang/Comparable'
15:22:18.704 DEBUG com.tngtech.archunit.core.importer.JavaClassProcessor.visit(104) - Processing class 'java/lang/constant/DynamicConstantDesc'
15:22:18.705 DEBUG com.tngtech.archunit.core.importer.JavaClassProcessor.visit(104) - Processing class 'java/lang/constant/ConstantDesc'
15:22:18.707 DEBUG com.tngtech.archunit.core.importer.JavaClassProcessor.visit(104) - Processing class 'java/lang/String'
15:22:18.719 DEBUG com.tngtech.archunit.core.importer.JavaClassProcessor.visit(104) - Processing class 'java/lang/Class'
15:22:18.722 DEBUG com.tngtech.archunit.core.importer.JavaClassProcessor.visit(104) - Processing class 'java/io/ObjectInputStream'
15:22:18.724 DEBUG com.tngtech.archunit.core.importer.JavaClassProcessor.visit(104) - Processing class 'java/io/IOException'
15:22:18.725 DEBUG com.tngtech.archunit.core.importer.JavaClassProcessor.visit(104) - Processing class 'java/lang/ClassNotFoundException'
15:22:18.725 DEBUG com.tngtech.archunit.core.importer.JavaClassProcessor.visit(104) - Processing class 'java/lang/CloneNotSupportedException'
15:22:18.726 DEBUG com.tngtech.archunit.core.importer.JavaClassProcessor.visit(104) - Processing class 'java/io/ObjectStreamException'
15:22:18.726 DEBUG com.tngtech.archunit.core.importer.JavaClassProcessor.visit(104) - Processing class 'java/util/Optional'
15:22:18.729 DEBUG com.tngtech.archunit.core.importer.JavaClassProcessor.visit(104) - Processing class 'java/lang/invoke/MethodHandles$Lookup'
15:22:18.730 DEBUG com.tngtech.archunit.core.importer.JavaClassProcessor.visit(104) - Processing class 'java/lang/ReflectiveOperationException'
15:22:18.730 DEBUG com.tngtech.archunit.core.importer.JavaClassProcessor.visit(104) - Processing class 'java/lang/constant/ClassDesc'
15:22:18.732 DEBUG com.tngtech.archunit.core.importer.JavaClassProcessor.visit(104) - Processing class 'java/lang/InterruptedException'
15:22:18.733 DEBUG com.tngtech.archunit.core.importer.JavaClassProcessor.visit(104) - Processing class 'java/lang/Throwable'
15:22:18.739 DEBUG com.tngtech.archunit.core.importer.JavaClassProcessor.visit(104) - Processing class 'java/lang/constant/DirectMethodHandleDesc'
15:22:18.741 DEBUG com.tngtech.archunit.core.importer.JavaClassProcessor.visit(104) - Processing class 'java/util/List'
]]></system-out>
  </testcase>
</testsuite>