<?xml version="1.0" encoding="UTF-8"?>
<testsuite xmlns:xsi="http://www.w3.org/2001/XMLSchema-instance" xsi:noNamespaceSchemaLocation="https://maven.apache.org/surefire/maven-surefire-plugin/xsd/surefire-test-report.xsd" version="3.0.2" name="de.ruu.lib.gen.java.fx.tableview.GeneratorFXTableViewConfiguratorTest" time="3.796" tests="1" errors="0" skipped="0" failures="0">
  <properties>
[...]
</properties>
  <testcase name="test" classname="de.ruu.lib.gen.java.fx.tableview.GeneratorFXTableViewConfiguratorTest" time="0.551">
    <system-out><![CDATA[06:10:10.333 INFO  com.tngtech.archunit.core.PluginLoader.get(68) - Detected Java version 24.0.2
06:10:10.350 DEBUG com.tngtech.archunit.core.PluginLoader.get(73) - Current Java version is compatible to JAVA_9 => Loading Plugin com.tngtech.archunit.core.importer.ModuleImportPlugin
06:10:10.409 DEBUG com.tngtech.archunit.core.importer.UrlSource$From.findUrlsForClassPathProperty(192) - Found URLs on sun.boot.class.path: []
06:10:10.426 DEBUG com.tngtech.archunit.core.importer.UrlSource$From.findUrlsForClassPathProperty(192) - Found URLs on java.class.path: [file:/C:/Users/r-uu/develop/github/codespace/r-uu/lib/gen/java/fx/tableview/target/test-classes/, file:/C:/Users/r-uu/develop/github/codespace/r-uu/lib/gen/java/fx/tableview/target/classes/, jar:file:/C:/Users/r-uu/.m2/repository/org/jboss/weld/se/weld-se-core/6.0.3.Final/weld-se-core-6.0.3.Final.jar!/, jar:file:/C:/Users/r-uu/.m2/repository/org/jboss/weld/environment/weld-environment-common/6.0.3.Final/weld-environment-common-6.0.3.Final.jar!/, jar:file:/C:/Users/r-uu/.m2/repository/org/jboss/weld/weld-core-impl/6.0.3.Final/weld-core-impl-6.0.3.Final.jar!/, jar:file:/C:/Users/r-uu/.m2/repository/org/jboss/weld/weld-api/6.0.Final/weld-api-6.0.Final.jar!/, jar:file:/C:/Users/r-uu/.m2/repository/jakarta/enterprise/jakarta.enterprise.cdi-el-api/4.1.0/jakarta.enterprise.cdi-el-api-4.1.0.jar!/, jar:file:/C:/Users/r-uu/.m2/repository/org/jboss/weld/weld-spi/6.0.Final/weld-spi-6.0.Final.jar!/, jar:file:/C:/Users/r-uu/.m2/repository/org/jboss/logging/jboss-logging/3.6.1.Final/jboss-logging-3.6.1.Final.jar!/, jar:file:/C:/Users/r-uu/.m2/repository/org/jboss/weld/weld-lite-extension-translator/6.0.3.Final/weld-lite-extension-translator-6.0.3.Final.jar!/, jar:file:/C:/Users/r-uu/.m2/repository/org/jboss/logging/jboss-logging-processor/3.0.4.Final/jboss-logging-processor-3.0.4.Final.jar!/, jar:file:/C:/Users/r-uu/.m2/repository/org/jboss/logging/jboss-logging-annotations/3.0.4.Final/jboss-logging-annotations-3.0.4.Final.jar!/, jar:file:/C:/Users/r-uu/.m2/repository/org/jboss/jdeparser/jdeparser/2.0.3.Final/jdeparser-2.0.3.Final.jar!/, jar:file:/C:/Users/r-uu/.m2/repository/jakarta/enterprise/jakarta.enterprise.cdi-api/4.1.0/jakarta.enterprise.cdi-api-4.1.0.jar!/, jar:file:/C:/Users/r-uu/.m2/repository/jakarta/enterprise/jakarta.enterprise.lang-model/4.1.0/jakarta.enterprise.lang-model-4.1.0.jar!/, jar:file:/C:/Users/r-uu/.m2/repository/org/jboss/classfilewriter/jboss-classfilewriter/1.3.1.Final/jboss-classfilewriter-1.3.1.Final.jar!/, jar:file:/C:/Users/r-uu/.m2/repository/org/projectlombok/lombok/1.18.38/lombok-1.18.38.jar!/, jar:file:/C:/Users/r-uu/develop/github/codespace/r-uu/lib/archunit/target/r-uu.codespace.lib.archunit-0.0.1.jar!/, jar:file:/C:/Users/r-uu/.m2/repository/com/tngtech/archunit/archunit/1.4.1/archunit-1.4.1.jar!/, jar:file:/C:/Users/r-uu/.m2/repository/org/apache/logging/log4j/log4j-slf4j2-impl/2.24.1/log4j-slf4j2-impl-2.24.1.jar!/, jar:file:/C:/Users/r-uu/.m2/repository/org/apache/logging/log4j/log4j-api/2.24.1/log4j-api-2.24.1.jar!/, jar:file:/C:/Users/r-uu/.m2/repository/org/apache/logging/log4j/log4j-core/2.24.1/log4j-core-2.24.1.jar!/, jar:file:/C:/Users/r-uu/develop/github/codespace/r-uu/lib/cdi/common/target/r-uu.codespace.lib.cdi.common-0.0.1.jar!/, jar:file:/C:/Users/r-uu/develop/github/codespace/r-uu/lib/cdi/se/target/r-uu.codespace.lib.cdi.se-0.0.1.jar!/, jar:file:/C:/Users/r-uu/.m2/repository/jakarta/el/jakarta.el-api/6.0.1/jakarta.el-api-6.0.1.jar!/, jar:file:/C:/Users/r-uu/.m2/repository/jakarta/inject/jakarta.inject-api/2.0.1/jakarta.inject-api-2.0.1.jar!/, jar:file:/C:/Users/r-uu/.m2/repository/jakarta/interceptor/jakarta.interceptor-api/2.2.0/jakarta.interceptor-api-2.2.0.jar!/, jar:file:/C:/Users/r-uu/develop/github/codespace/r-uu/lib/gen/core/target/r-uu.codespace.lib.gen.core-0.0.1.jar!/, jar:file:/C:/Users/r-uu/.m2/repository/org/eclipse/microprofile/config/microprofile-config-api/3.1/microprofile-config-api-3.1.jar!/, jar:file:/C:/Users/r-uu/develop/github/codespace/r-uu/lib/gen/java/core/target/r-uu.codespace.lib.gen.java.core-0.0.1.jar!/, jar:file:/C:/Users/r-uu/develop/github/codespace/r-uu/lib/gen/java/fx/bean/target/r-uu.codespace.lib.gen.java.fx.bean-0.0.1.jar!/, jar:file:/C:/Users/r-uu/develop/github/codespace/r-uu/lib/util/target/r-uu.codespace.lib.util-0.0.1.jar!/, jar:file:/C:/Users/r-uu/.m2/repository/jakarta/annotation/jakarta.annotation-api/3.0.0/jakarta.annotation-api-3.0.0.jar!/, jar:file:/C:/Users/r-uu/.m2/repository/jakarta/ws/rs/jakarta.ws.rs-api/3.1.0/jakarta.ws.rs-api-3.1.0.jar!/, jar:file:/C:/Users/r-uu/.m2/repository/org/slf4j/slf4j-api/2.0.16/slf4j-api-2.0.16.jar!/, jar:file:/C:/Users/r-uu/.m2/repository/org/hamcrest/hamcrest/2.2/hamcrest-2.2.jar!/, jar:file:/C:/Users/r-uu/.m2/repository/org/junit/jupiter/junit-jupiter-api/5.10.2/junit-jupiter-api-5.10.2.jar!/, jar:file:/C:/Users/r-uu/.m2/repository/org/opentest4j/opentest4j/1.3.0/opentest4j-1.3.0.jar!/, jar:file:/C:/Users/r-uu/.m2/repository/org/junit/platform/junit-platform-commons/1.10.2/junit-platform-commons-1.10.2.jar!/, jar:file:/C:/Users/r-uu/.m2/repository/org/apiguardian/apiguardian-api/1.1.2/apiguardian-api-1.1.2.jar!/, jar:file:/C:/Users/r-uu/.m2/repository/org/openjfx/javafx-controls/24.0.2/javafx-controls-24.0.2.jar!/, jar:file:/C:/Users/r-uu/.m2/repository/org/openjfx/javafx-controls/24.0.2/javafx-controls-24.0.2-win.jar!/, jar:file:/C:/Users/r-uu/.m2/repository/org/openjfx/javafx-graphics/24.0.2/javafx-graphics-24.0.2.jar!/, jar:file:/C:/Users/r-uu/.m2/repository/org/openjfx/javafx-graphics/24.0.2/javafx-graphics-24.0.2-win.jar!/, jar:file:/C:/Users/r-uu/.m2/repository/org/openjfx/javafx-base/24.0.2/javafx-base-24.0.2.jar!/, jar:file:/C:/Users/r-uu/.m2/repository/org/openjfx/javafx-base/24.0.2/javafx-base-24.0.2-win.jar!/, jar:file:/C:/Users/r-uu/.m2/repository/org/openjfx/javafx-fxml/24.0.2/javafx-fxml-24.0.2.jar!/, jar:file:/C:/Users/r-uu/.m2/repository/org/openjfx/javafx-fxml/24.0.2/javafx-fxml-24.0.2-win.jar!/]
06:10:11.297 DEBUG com.tngtech.archunit.ArchConfiguration.readProperties(89) - No configuration found in classpath at archunit.properties => Using default configuration
06:10:11.397 DEBUG com.tngtech.archunit.core.importer.JavaClassProcessor.visit(104) - Processing class 'de/ruu/lib/gen/java/fx/tableview/JavaModelDemo'
06:10:11.629 DEBUG com.tngtech.archunit.core.importer.JavaClassProcessor.visit(104) - Processing class 'java/math/BigDecimal'
06:10:11.694 DEBUG com.tngtech.archunit.core.importer.JavaClassProcessor.visit(104) - Processing class 'de/ruu/lib/gen/java/fx/bean/FXProperty'
06:10:11.701 DEBUG com.tngtech.archunit.core.importer.JavaClassProcessor.visit(104) - Processing class 'java/util/List'
06:10:11.717 DEBUG com.tngtech.archunit.core.importer.JavaClassProcessor.visit(104) - Processing class 'java/lang/String'
06:10:11.746 DEBUG com.tngtech.archunit.core.importer.JavaClassProcessor.visit(104) - Processing class 'java/lang/SafeVarargs'
06:10:11.747 DEBUG com.tngtech.archunit.core.importer.JavaClassProcessor.visit(104) - Processing class 'jdk/internal/vm/annotation/IntrinsicCandidate'
06:10:11.749 DEBUG com.tngtech.archunit.core.importer.JavaClassProcessor.visit(104) - Processing class 'jdk/internal/vm/annotation/ForceInline'
06:10:11.750 DEBUG com.tngtech.archunit.core.importer.JavaClassProcessor.visit(104) - Processing class 'java/lang/CharSequence'
06:10:11.752 DEBUG com.tngtech.archunit.core.importer.JavaClassProcessor.visit(104) - Processing class 'jdk/internal/vm/annotation/Stable'
06:10:11.753 DEBUG com.tngtech.archunit.core.importer.JavaClassProcessor.visit(104) - Processing class 'java/lang/Deprecated'
06:10:11.755 DEBUG com.tngtech.archunit.core.importer.JavaClassProcessor.visit(104) - Processing class 'java/lang/annotation/Target'
06:10:11.756 DEBUG com.tngtech.archunit.core.importer.JavaClassProcessor.visit(104) - Processing class 'java/lang/annotation/ElementType'
06:10:11.758 DEBUG com.tngtech.archunit.core.importer.JavaClassProcessor.visit(104) - Processing class 'java/io/Serializable'
06:10:11.760 DEBUG com.tngtech.archunit.core.importer.JavaClassProcessor.visit(104) - Processing class 'java/lang/constant/Constable'
06:10:11.762 DEBUG com.tngtech.archunit.core.importer.JavaClassProcessor.visit(104) - Processing class 'java/lang/constant/ConstantDesc'
06:10:11.763 DEBUG com.tngtech.archunit.core.importer.JavaClassProcessor.visit(104) - Processing class 'java/lang/annotation/Annotation'
06:10:11.765 DEBUG com.tngtech.archunit.core.importer.JavaClassProcessor.visit(104) - Processing class 'java/lang/Comparable'
06:10:11.767 DEBUG com.tngtech.archunit.core.importer.JavaClassProcessor.visit(104) - Processing class 'java/lang/Object'
06:10:11.771 DEBUG com.tngtech.archunit.core.importer.JavaClassProcessor.visit(104) - Processing class 'java/lang/Number'
06:10:11.773 DEBUG com.tngtech.archunit.core.importer.JavaClassProcessor.visit(104) - Processing class 'java/util/SequencedCollection'
06:10:11.775 DEBUG com.tngtech.archunit.core.importer.JavaClassProcessor.visit(104) - Processing class 'java/util/Collection'
06:10:11.778 DEBUG com.tngtech.archunit.core.importer.JavaClassProcessor.visit(104) - Processing class 'java/lang/annotation/Retention'
06:10:11.779 DEBUG com.tngtech.archunit.core.importer.JavaClassProcessor.visit(104) - Processing class 'java/lang/Enum'
06:10:11.782 DEBUG com.tngtech.archunit.core.importer.JavaClassProcessor.visit(104) - Processing class 'java/lang/annotation/Documented'
06:10:11.784 DEBUG com.tngtech.archunit.core.importer.JavaClassProcessor.visit(104) - Processing class 'java/lang/annotation/RetentionPolicy'
06:10:11.786 DEBUG com.tngtech.archunit.core.importer.JavaClassProcessor.visit(104) - Processing class 'java/lang/Iterable'
06:10:11.788 DEBUG com.tngtech.archunit.core.importer.JavaClassProcessor.visit(104) - Processing class 'java/lang/Enum$EnumDesc'
06:10:11.791 DEBUG com.tngtech.archunit.core.importer.JavaClassProcessor.visit(104) - Processing class 'java/lang/constant/DynamicConstantDesc'
06:10:11.843 DEBUG com.tngtech.archunit.core.importer.JavaClassProcessor.visit(104) - Processing class 'java/util/stream/IntStream'
06:10:11.864 DEBUG com.tngtech.archunit.core.importer.JavaClassProcessor.visit(104) - Processing class 'java/lang/Class'
06:10:11.888 DEBUG com.tngtech.archunit.core.importer.JavaClassProcessor.visit(104) - Processing class 'java/util/Optional'
06:10:11.914 DEBUG com.tngtech.archunit.core.importer.JavaClassProcessor.visit(104) - Processing class 'java/io/ObjectStreamException'
06:10:11.917 DEBUG com.tngtech.archunit.core.importer.JavaClassProcessor.visit(104) - Processing class 'java/io/ObjectInputStream'
06:10:11.924 DEBUG com.tngtech.archunit.core.importer.JavaClassProcessor.visit(104) - Processing class 'java/io/IOException'
06:10:11.926 DEBUG com.tngtech.archunit.core.importer.JavaClassProcessor.visit(104) - Processing class 'java/lang/ClassNotFoundException'
06:10:11.930 DEBUG com.tngtech.archunit.core.importer.JavaClassProcessor.visit(104) - Processing class 'java/lang/CloneNotSupportedException'
06:10:11.936 DEBUG com.tngtech.archunit.core.importer.JavaClassProcessor.visit(104) - Processing class 'java/lang/constant/ClassDesc'
06:10:11.938 DEBUG com.tngtech.archunit.core.importer.JavaClassProcessor.visit(104) - Processing class 'java/lang/invoke/MethodHandles$Lookup'
06:10:11.950 DEBUG com.tngtech.archunit.core.importer.JavaClassProcessor.visit(104) - Processing class 'java/lang/ReflectiveOperationException'
06:10:11.952 DEBUG com.tngtech.archunit.core.importer.JavaClassProcessor.visit(104) - Processing class 'java/util/Iterator'
06:10:11.954 DEBUG com.tngtech.archunit.core.importer.JavaClassProcessor.visit(104) - Processing class 'java/util/function/Consumer'
06:10:11.957 DEBUG com.tngtech.archunit.core.importer.JavaClassProcessor.visit(104) - Processing class 'java/util/Spliterator'
06:10:11.965 DEBUG com.tngtech.archunit.core.importer.JavaClassProcessor.visit(104) - Processing class 'java/lang/InterruptedException'
06:10:11.967 DEBUG com.tngtech.archunit.core.importer.JavaClassProcessor.visit(104) - Processing class 'java/lang/Throwable'
06:10:11.979 DEBUG com.tngtech.archunit.core.importer.JavaClassProcessor.visit(104) - Processing class 'java/io/ObjectStreamField'
06:10:11.982 DEBUG com.tngtech.archunit.core.importer.JavaClassProcessor.visit(104) - Processing class 'java/util/Comparator'
06:10:11.986 DEBUG com.tngtech.archunit.core.importer.JavaClassProcessor.visit(104) - Processing class 'java/lang/foreign/MemorySegment'
06:10:11.992 DEBUG com.tngtech.archunit.core.importer.JavaClassProcessor.visit(104) - Processing class 'java/lang/StringBuffer'
06:10:11.997 DEBUG com.tngtech.archunit.core.importer.JavaClassProcessor.visit(104) - Processing class 'java/nio/charset/CharsetDecoder'
06:10:12.003 DEBUG com.tngtech.archunit.core.importer.JavaClassProcessor.visit(104) - Processing class 'java/nio/charset/CharacterCodingException'
06:10:12.009 DEBUG com.tngtech.archunit.core.importer.JavaClassProcessor.visit(104) - Processing class 'java/nio/charset/Charset'
06:10:12.014 DEBUG com.tngtech.archunit.core.importer.JavaClassProcessor.visit(104) - Processing class 'java/lang/AbstractStringBuilder'
06:10:12.022 DEBUG com.tngtech.archunit.core.importer.JavaClassProcessor.visit(104) - Processing class 'java/io/UnsupportedEncodingException'
06:10:12.026 DEBUG com.tngtech.archunit.core.importer.JavaClassProcessor.visit(104) - Processing class 'java/lang/Void'
06:10:12.029 DEBUG com.tngtech.archunit.core.importer.JavaClassProcessor.visit(104) - Processing class 'java/util/Locale'
06:10:12.039 DEBUG com.tngtech.archunit.core.importer.JavaClassProcessor.visit(104) - Processing class 'java/util/function/Function'
06:10:12.043 DEBUG com.tngtech.archunit.core.importer.JavaClassProcessor.visit(104) - Processing class 'java/util/stream/Stream'
06:10:12.048 DEBUG com.tngtech.archunit.core.importer.JavaClassProcessor.visit(104) - Processing class 'java/lang/StringBuilder'
06:10:12.064 DEBUG com.tngtech.archunit.core.importer.JavaClassProcessor.visit(104) - Processing class 'java/lang/constant/DirectMethodHandleDesc'
06:10:12.079 DEBUG com.tngtech.archunit.core.importer.JavaClassProcessor.visit(104) - Processing class 'java/math/BigInteger'
06:10:12.101 DEBUG com.tngtech.archunit.core.importer.JavaClassProcessor.visit(104) - Processing class 'java/math/MathContext'
06:10:12.103 DEBUG com.tngtech.archunit.core.importer.JavaClassProcessor.visit(104) - Processing class 'java/math/RoundingMode'
06:10:12.109 DEBUG com.tngtech.archunit.core.importer.JavaClassProcessor.visit(104) - Processing class 'java/math/MutableBigInteger'
06:10:12.118 DEBUG com.tngtech.archunit.core.importer.JavaClassProcessor.visit(104) - Processing class 'java/io/ObjectOutputStream'
06:10:12.128 DEBUG com.tngtech.archunit.core.importer.JavaClassProcessor.visit(104) - Processing class 'java/util/function/Predicate'
06:10:12.133 DEBUG com.tngtech.archunit.core.importer.JavaClassProcessor.visit(104) - Processing class 'java/util/function/IntFunction'
06:10:12.136 DEBUG com.tngtech.archunit.core.importer.JavaClassProcessor.visit(104) - Processing class 'java/util/ListIterator'
06:10:12.141 DEBUG com.tngtech.archunit.core.importer.JavaClassProcessor.visit(104) - Processing class 'java/util/function/UnaryOperator'
06:10:12.186 DEBUG com.tngtech.archunit.core.importer.UrlSource$From.findUrlsForClassPathProperty(192) - Found URLs on sun.boot.class.path: []
06:10:12.198 DEBUG com.tngtech.archunit.core.importer.UrlSource$From.findUrlsForClassPathProperty(192) - Found URLs on java.class.path: [file:/C:/Users/r-uu/develop/github/codespace/r-uu/lib/gen/java/fx/tableview/target/test-classes/, file:/C:/Users/r-uu/develop/github/codespace/r-uu/lib/gen/java/fx/tableview/target/classes/, jar:file:/C:/Users/r-uu/.m2/repository/org/jboss/weld/se/weld-se-core/6.0.3.Final/weld-se-core-6.0.3.Final.jar!/, jar:file:/C:/Users/r-uu/.m2/repository/org/jboss/weld/environment/weld-environment-common/6.0.3.Final/weld-environment-common-6.0.3.Final.jar!/, jar:file:/C:/Users/r-uu/.m2/repository/org/jboss/weld/weld-core-impl/6.0.3.Final/weld-core-impl-6.0.3.Final.jar!/, jar:file:/C:/Users/r-uu/.m2/repository/org/jboss/weld/weld-api/6.0.Final/weld-api-6.0.Final.jar!/, jar:file:/C:/Users/r-uu/.m2/repository/jakarta/enterprise/jakarta.enterprise.cdi-el-api/4.1.0/jakarta.enterprise.cdi-el-api-4.1.0.jar!/, jar:file:/C:/Users/r-uu/.m2/repository/org/jboss/weld/weld-spi/6.0.Final/weld-spi-6.0.Final.jar!/, jar:file:/C:/Users/r-uu/.m2/repository/org/jboss/logging/jboss-logging/3.6.1.Final/jboss-logging-3.6.1.Final.jar!/, jar:file:/C:/Users/r-uu/.m2/repository/org/jboss/weld/weld-lite-extension-translator/6.0.3.Final/weld-lite-extension-translator-6.0.3.Final.jar!/, jar:file:/C:/Users/r-uu/.m2/repository/org/jboss/logging/jboss-logging-processor/3.0.4.Final/jboss-logging-processor-3.0.4.Final.jar!/, jar:file:/C:/Users/r-uu/.m2/repository/org/jboss/logging/jboss-logging-annotations/3.0.4.Final/jboss-logging-annotations-3.0.4.Final.jar!/, jar:file:/C:/Users/r-uu/.m2/repository/org/jboss/jdeparser/jdeparser/2.0.3.Final/jdeparser-2.0.3.Final.jar!/, jar:file:/C:/Users/r-uu/.m2/repository/jakarta/enterprise/jakarta.enterprise.cdi-api/4.1.0/jakarta.enterprise.cdi-api-4.1.0.jar!/, jar:file:/C:/Users/r-uu/.m2/repository/jakarta/enterprise/jakarta.enterprise.lang-model/4.1.0/jakarta.enterprise.lang-model-4.1.0.jar!/, jar:file:/C:/Users/r-uu/.m2/repository/org/jboss/classfilewriter/jboss-classfilewriter/1.3.1.Final/jboss-classfilewriter-1.3.1.Final.jar!/, jar:file:/C:/Users/r-uu/.m2/repository/org/projectlombok/lombok/1.18.38/lombok-1.18.38.jar!/, jar:file:/C:/Users/r-uu/develop/github/codespace/r-uu/lib/archunit/target/r-uu.codespace.lib.archunit-0.0.1.jar!/, jar:file:/C:/Users/r-uu/.m2/repository/com/tngtech/archunit/archunit/1.4.1/archunit-1.4.1.jar!/, jar:file:/C:/Users/r-uu/.m2/repository/org/apache/logging/log4j/log4j-slf4j2-impl/2.24.1/log4j-slf4j2-impl-2.24.1.jar!/, jar:file:/C:/Users/r-uu/.m2/repository/org/apache/logging/log4j/log4j-api/2.24.1/log4j-api-2.24.1.jar!/, jar:file:/C:/Users/r-uu/.m2/repository/org/apache/logging/log4j/log4j-core/2.24.1/log4j-core-2.24.1.jar!/, jar:file:/C:/Users/r-uu/develop/github/codespace/r-uu/lib/cdi/common/target/r-uu.codespace.lib.cdi.common-0.0.1.jar!/, jar:file:/C:/Users/r-uu/develop/github/codespace/r-uu/lib/cdi/se/target/r-uu.codespace.lib.cdi.se-0.0.1.jar!/, jar:file:/C:/Users/r-uu/.m2/repository/jakarta/el/jakarta.el-api/6.0.1/jakarta.el-api-6.0.1.jar!/, jar:file:/C:/Users/r-uu/.m2/repository/jakarta/inject/jakarta.inject-api/2.0.1/jakarta.inject-api-2.0.1.jar!/, jar:file:/C:/Users/r-uu/.m2/repository/jakarta/interceptor/jakarta.interceptor-api/2.2.0/jakarta.interceptor-api-2.2.0.jar!/, jar:file:/C:/Users/r-uu/develop/github/codespace/r-uu/lib/gen/core/target/r-uu.codespace.lib.gen.core-0.0.1.jar!/, jar:file:/C:/Users/r-uu/.m2/repository/org/eclipse/microprofile/config/microprofile-config-api/3.1/microprofile-config-api-3.1.jar!/, jar:file:/C:/Users/r-uu/develop/github/codespace/r-uu/lib/gen/java/core/target/r-uu.codespace.lib.gen.java.core-0.0.1.jar!/, jar:file:/C:/Users/r-uu/develop/github/codespace/r-uu/lib/gen/java/fx/bean/target/r-uu.codespace.lib.gen.java.fx.bean-0.0.1.jar!/, jar:file:/C:/Users/r-uu/develop/github/codespace/r-uu/lib/util/target/r-uu.codespace.lib.util-0.0.1.jar!/, jar:file:/C:/Users/r-uu/.m2/repository/jakarta/annotation/jakarta.annotation-api/3.0.0/jakarta.annotation-api-3.0.0.jar!/, jar:file:/C:/Users/r-uu/.m2/repository/jakarta/ws/rs/jakarta.ws.rs-api/3.1.0/jakarta.ws.rs-api-3.1.0.jar!/, jar:file:/C:/Users/r-uu/.m2/repository/org/slf4j/slf4j-api/2.0.16/slf4j-api-2.0.16.jar!/, jar:file:/C:/Users/r-uu/.m2/repository/org/hamcrest/hamcrest/2.2/hamcrest-2.2.jar!/, jar:file:/C:/Users/r-uu/.m2/repository/org/junit/jupiter/junit-jupiter-api/5.10.2/junit-jupiter-api-5.10.2.jar!/, jar:file:/C:/Users/r-uu/.m2/repository/org/opentest4j/opentest4j/1.3.0/opentest4j-1.3.0.jar!/, jar:file:/C:/Users/r-uu/.m2/repository/org/junit/platform/junit-platform-commons/1.10.2/junit-platform-commons-1.10.2.jar!/, jar:file:/C:/Users/r-uu/.m2/repository/org/apiguardian/apiguardian-api/1.1.2/apiguardian-api-1.1.2.jar!/, jar:file:/C:/Users/r-uu/.m2/repository/org/openjfx/javafx-controls/24.0.2/javafx-controls-24.0.2.jar!/, jar:file:/C:/Users/r-uu/.m2/repository/org/openjfx/javafx-controls/24.0.2/javafx-controls-24.0.2-win.jar!/, jar:file:/C:/Users/r-uu/.m2/repository/org/openjfx/javafx-graphics/24.0.2/javafx-graphics-24.0.2.jar!/, jar:file:/C:/Users/r-uu/.m2/repository/org/openjfx/javafx-graphics/24.0.2/javafx-graphics-24.0.2-win.jar!/, jar:file:/C:/Users/r-uu/.m2/repository/org/openjfx/javafx-base/24.0.2/javafx-base-24.0.2.jar!/, jar:file:/C:/Users/r-uu/.m2/repository/org/openjfx/javafx-base/24.0.2/javafx-base-24.0.2-win.jar!/, jar:file:/C:/Users/r-uu/.m2/repository/org/openjfx/javafx-fxml/24.0.2/javafx-fxml-24.0.2.jar!/, jar:file:/C:/Users/r-uu/.m2/repository/org/openjfx/javafx-fxml/24.0.2/javafx-fxml-24.0.2-win.jar!/]
06:10:12.237 DEBUG com.tngtech.archunit.core.importer.JavaClassProcessor.visit(104) - Processing class 'de/ruu/lib/gen/java/fx/tableview/JavaModelDemoDTO'
06:10:12.243 DEBUG com.tngtech.archunit.core.importer.JavaClassProcessor.visit(104) - Processing class 'java/math/BigDecimal'
06:10:12.258 DEBUG com.tngtech.archunit.core.importer.JavaClassProcessor.visit(104) - Processing class 'java/util/List'
06:10:12.263 DEBUG com.tngtech.archunit.core.importer.JavaClassProcessor.visit(104) - Processing class 'lombok/Generated'
06:10:12.264 DEBUG com.tngtech.archunit.core.importer.JavaClassProcessor.visit(104) - Processing class 'java/lang/Object'
06:10:12.266 DEBUG com.tngtech.archunit.core.importer.JavaClassProcessor.visit(104) - Processing class 'java/lang/String'
06:10:12.278 DEBUG com.tngtech.archunit.core.importer.JavaClassProcessor.visit(104) - Processing class 'java/lang/SafeVarargs'
06:10:12.279 DEBUG com.tngtech.archunit.core.importer.JavaClassProcessor.visit(104) - Processing class 'jdk/internal/vm/annotation/IntrinsicCandidate'
06:10:12.281 DEBUG com.tngtech.archunit.core.importer.JavaClassProcessor.visit(104) - Processing class 'jdk/internal/vm/annotation/ForceInline'
06:10:12.282 DEBUG com.tngtech.archunit.core.importer.JavaClassProcessor.visit(104) - Processing class 'java/lang/CharSequence'
06:10:12.284 DEBUG com.tngtech.archunit.core.importer.JavaClassProcessor.visit(104) - Processing class 'jdk/internal/vm/annotation/Stable'
06:10:12.285 DEBUG com.tngtech.archunit.core.importer.JavaClassProcessor.visit(104) - Processing class 'java/lang/Deprecated'
06:10:12.286 DEBUG com.tngtech.archunit.core.importer.JavaClassProcessor.visit(104) - Processing class 'java/lang/annotation/Target'
06:10:12.288 DEBUG com.tngtech.archunit.core.importer.JavaClassProcessor.visit(104) - Processing class 'java/lang/annotation/ElementType'
06:10:12.290 DEBUG com.tngtech.archunit.core.importer.JavaClassProcessor.visit(104) - Processing class 'java/lang/annotation/Retention'
06:10:12.292 DEBUG com.tngtech.archunit.core.importer.JavaClassProcessor.visit(104) - Processing class 'java/io/Serializable'
06:10:12.292 DEBUG com.tngtech.archunit.core.importer.JavaClassProcessor.visit(104) - Processing class 'java/lang/constant/Constable'
06:10:12.293 DEBUG com.tngtech.archunit.core.importer.JavaClassProcessor.visit(104) - Processing class 'java/lang/constant/ConstantDesc'
06:10:12.295 DEBUG com.tngtech.archunit.core.importer.JavaClassProcessor.visit(104) - Processing class 'java/lang/annotation/Annotation'
06:10:12.296 DEBUG com.tngtech.archunit.core.importer.JavaClassProcessor.visit(104) - Processing class 'java/lang/Comparable'
06:10:12.297 DEBUG com.tngtech.archunit.core.importer.JavaClassProcessor.visit(104) - Processing class 'java/lang/Number'
06:10:12.298 DEBUG com.tngtech.archunit.core.importer.JavaClassProcessor.visit(104) - Processing class 'java/util/SequencedCollection'
06:10:12.299 DEBUG com.tngtech.archunit.core.importer.JavaClassProcessor.visit(104) - Processing class 'java/lang/annotation/RetentionPolicy'
06:10:12.301 DEBUG com.tngtech.archunit.core.importer.JavaClassProcessor.visit(104) - Processing class 'java/lang/Enum'
06:10:12.302 DEBUG com.tngtech.archunit.core.importer.JavaClassProcessor.visit(104) - Processing class 'java/util/Collection'
06:10:12.305 DEBUG com.tngtech.archunit.core.importer.JavaClassProcessor.visit(104) - Processing class 'java/lang/annotation/Documented'
06:10:12.306 DEBUG com.tngtech.archunit.core.importer.JavaClassProcessor.visit(104) - Processing class 'java/lang/Iterable'
06:10:12.307 DEBUG com.tngtech.archunit.core.importer.JavaClassProcessor.visit(104) - Processing class 'java/lang/Enum$EnumDesc'
06:10:12.309 DEBUG com.tngtech.archunit.core.importer.JavaClassProcessor.visit(104) - Processing class 'java/lang/constant/DynamicConstantDesc'
06:10:12.313 DEBUG com.tngtech.archunit.core.importer.JavaClassProcessor.visit(104) - Processing class 'java/util/stream/IntStream'
06:10:12.318 DEBUG com.tngtech.archunit.core.importer.JavaClassProcessor.visit(104) - Processing class 'java/io/ObjectInputStream'
06:10:12.324 DEBUG com.tngtech.archunit.core.importer.JavaClassProcessor.visit(104) - Processing class 'java/io/IOException'
06:10:12.325 DEBUG com.tngtech.archunit.core.importer.JavaClassProcessor.visit(104) - Processing class 'java/lang/ClassNotFoundException'
06:10:12.327 DEBUG com.tngtech.archunit.core.importer.JavaClassProcessor.visit(104) - Processing class 'java/util/Optional'
06:10:12.330 DEBUG com.tngtech.archunit.core.importer.JavaClassProcessor.visit(104) - Processing class 'java/io/ObjectStreamException'
06:10:12.332 DEBUG com.tngtech.archunit.core.importer.JavaClassProcessor.visit(104) - Processing class 'java/lang/Class'
06:10:12.343 DEBUG com.tngtech.archunit.core.importer.JavaClassProcessor.visit(104) - Processing class 'java/lang/CloneNotSupportedException'
06:10:12.345 DEBUG com.tngtech.archunit.core.importer.JavaClassProcessor.visit(104) - Processing class 'java/lang/invoke/MethodHandles$Lookup'
06:10:12.355 DEBUG com.tngtech.archunit.core.importer.JavaClassProcessor.visit(104) - Processing class 'java/lang/ReflectiveOperationException'
06:10:12.357 DEBUG com.tngtech.archunit.core.importer.JavaClassProcessor.visit(104) - Processing class 'java/lang/constant/ClassDesc'
06:10:12.361 DEBUG com.tngtech.archunit.core.importer.JavaClassProcessor.visit(104) - Processing class 'java/util/Iterator'
06:10:12.362 DEBUG com.tngtech.archunit.core.importer.JavaClassProcessor.visit(104) - Processing class 'java/util/function/Consumer'
06:10:12.365 DEBUG com.tngtech.archunit.core.importer.JavaClassProcessor.visit(104) - Processing class 'java/util/Spliterator'
06:10:12.370 DEBUG com.tngtech.archunit.core.importer.JavaClassProcessor.visit(104) - Processing class 'java/lang/InterruptedException'
06:10:12.374 DEBUG com.tngtech.archunit.core.importer.JavaClassProcessor.visit(104) - Processing class 'java/lang/Throwable'
06:10:12.379 DEBUG com.tngtech.archunit.core.importer.JavaClassProcessor.visit(104) - Processing class 'java/util/Comparator'
06:10:12.385 DEBUG com.tngtech.archunit.core.importer.JavaClassProcessor.visit(104) - Processing class 'java/io/ObjectStreamField'
06:10:12.388 DEBUG com.tngtech.archunit.core.importer.JavaClassProcessor.visit(104) - Processing class 'java/nio/charset/Charset'
06:10:12.391 DEBUG com.tngtech.archunit.core.importer.JavaClassProcessor.visit(104) - Processing class 'java/nio/charset/CharacterCodingException'
06:10:12.394 DEBUG com.tngtech.archunit.core.importer.JavaClassProcessor.visit(104) - Processing class 'java/io/UnsupportedEncodingException'
06:10:12.398 DEBUG com.tngtech.archunit.core.importer.JavaClassProcessor.visit(104) - Processing class 'java/util/Locale'
06:10:12.407 DEBUG com.tngtech.archunit.core.importer.JavaClassProcessor.visit(104) - Processing class 'java/util/stream/Stream'
06:10:12.414 DEBUG com.tngtech.archunit.core.importer.JavaClassProcessor.visit(104) - Processing class 'java/lang/AbstractStringBuilder'
06:10:12.426 DEBUG com.tngtech.archunit.core.importer.JavaClassProcessor.visit(104) - Processing class 'java/lang/foreign/MemorySegment'
06:10:12.434 DEBUG com.tngtech.archunit.core.importer.JavaClassProcessor.visit(104) - Processing class 'java/util/function/Function'
06:10:12.440 DEBUG com.tngtech.archunit.core.importer.JavaClassProcessor.visit(104) - Processing class 'java/lang/StringBuffer'
06:10:12.444 DEBUG com.tngtech.archunit.core.importer.JavaClassProcessor.visit(104) - Processing class 'java/lang/Void'
06:10:12.447 DEBUG com.tngtech.archunit.core.importer.JavaClassProcessor.visit(104) - Processing class 'java/nio/charset/CharsetDecoder'
06:10:12.450 DEBUG com.tngtech.archunit.core.importer.JavaClassProcessor.visit(104) - Processing class 'java/lang/StringBuilder'
06:10:12.463 DEBUG com.tngtech.archunit.core.importer.JavaClassProcessor.visit(104) - Processing class 'java/lang/constant/DirectMethodHandleDesc'
06:10:12.467 DEBUG com.tngtech.archunit.core.importer.JavaClassProcessor.visit(104) - Processing class 'java/math/BigInteger'
06:10:12.488 DEBUG com.tngtech.archunit.core.importer.JavaClassProcessor.visit(104) - Processing class 'java/math/MutableBigInteger'
06:10:12.498 DEBUG com.tngtech.archunit.core.importer.JavaClassProcessor.visit(104) - Processing class 'java/math/MathContext'
06:10:12.502 DEBUG com.tngtech.archunit.core.importer.JavaClassProcessor.visit(104) - Processing class 'java/math/RoundingMode'
06:10:12.504 DEBUG com.tngtech.archunit.core.importer.JavaClassProcessor.visit(104) - Processing class 'java/io/ObjectOutputStream'
06:10:12.512 DEBUG com.tngtech.archunit.core.importer.JavaClassProcessor.visit(104) - Processing class 'java/util/function/IntFunction'
06:10:12.514 DEBUG com.tngtech.archunit.core.importer.JavaClassProcessor.visit(104) - Processing class 'java/util/function/Predicate'
06:10:12.516 DEBUG com.tngtech.archunit.core.importer.JavaClassProcessor.visit(104) - Processing class 'java/util/ListIterator'
06:10:12.518 DEBUG com.tngtech.archunit.core.importer.JavaClassProcessor.visit(104) - Processing class 'java/util/function/UnaryOperator'
06:10:12.693 DEBUG de.ruu.lib.gen.java.CompilationUnitFileWriter$CompilationUnitFileWriterAbstract.write(75) - wrote C:\Users\r-uu\develop\github\codespace\r-uu\lib\gen\java\fx\tableview\.\src\gen\java\de\ruu\lib\gen\java\fx\tableview\demo\FXModelDemo.java
06:10:12.738 DEBUG com.tngtech.archunit.core.importer.UrlSource$From.findUrlsForClassPathProperty(192) - Found URLs on sun.boot.class.path: []
06:10:12.748 DEBUG com.tngtech.archunit.core.importer.UrlSource$From.findUrlsForClassPathProperty(192) - Found URLs on java.class.path: [file:/C:/Users/r-uu/develop/github/codespace/r-uu/lib/gen/java/fx/tableview/target/test-classes/, file:/C:/Users/r-uu/develop/github/codespace/r-uu/lib/gen/java/fx/tableview/target/classes/, jar:file:/C:/Users/r-uu/.m2/repository/org/jboss/weld/se/weld-se-core/6.0.3.Final/weld-se-core-6.0.3.Final.jar!/, jar:file:/C:/Users/r-uu/.m2/repository/org/jboss/weld/environment/weld-environment-common/6.0.3.Final/weld-environment-common-6.0.3.Final.jar!/, jar:file:/C:/Users/r-uu/.m2/repository/org/jboss/weld/weld-core-impl/6.0.3.Final/weld-core-impl-6.0.3.Final.jar!/, jar:file:/C:/Users/r-uu/.m2/repository/org/jboss/weld/weld-api/6.0.Final/weld-api-6.0.Final.jar!/, jar:file:/C:/Users/r-uu/.m2/repository/jakarta/enterprise/jakarta.enterprise.cdi-el-api/4.1.0/jakarta.enterprise.cdi-el-api-4.1.0.jar!/, jar:file:/C:/Users/r-uu/.m2/repository/org/jboss/weld/weld-spi/6.0.Final/weld-spi-6.0.Final.jar!/, jar:file:/C:/Users/r-uu/.m2/repository/org/jboss/logging/jboss-logging/3.6.1.Final/jboss-logging-3.6.1.Final.jar!/, jar:file:/C:/Users/r-uu/.m2/repository/org/jboss/weld/weld-lite-extension-translator/6.0.3.Final/weld-lite-extension-translator-6.0.3.Final.jar!/, jar:file:/C:/Users/r-uu/.m2/repository/org/jboss/logging/jboss-logging-processor/3.0.4.Final/jboss-logging-processor-3.0.4.Final.jar!/, jar:file:/C:/Users/r-uu/.m2/repository/org/jboss/logging/jboss-logging-annotations/3.0.4.Final/jboss-logging-annotations-3.0.4.Final.jar!/, jar:file:/C:/Users/r-uu/.m2/repository/org/jboss/jdeparser/jdeparser/2.0.3.Final/jdeparser-2.0.3.Final.jar!/, jar:file:/C:/Users/r-uu/.m2/repository/jakarta/enterprise/jakarta.enterprise.cdi-api/4.1.0/jakarta.enterprise.cdi-api-4.1.0.jar!/, jar:file:/C:/Users/r-uu/.m2/repository/jakarta/enterprise/jakarta.enterprise.lang-model/4.1.0/jakarta.enterprise.lang-model-4.1.0.jar!/, jar:file:/C:/Users/r-uu/.m2/repository/org/jboss/classfilewriter/jboss-classfilewriter/1.3.1.Final/jboss-classfilewriter-1.3.1.Final.jar!/, jar:file:/C:/Users/r-uu/.m2/repository/org/projectlombok/lombok/1.18.38/lombok-1.18.38.jar!/, jar:file:/C:/Users/r-uu/develop/github/codespace/r-uu/lib/archunit/target/r-uu.codespace.lib.archunit-0.0.1.jar!/, jar:file:/C:/Users/r-uu/.m2/repository/com/tngtech/archunit/archunit/1.4.1/archunit-1.4.1.jar!/, jar:file:/C:/Users/r-uu/.m2/repository/org/apache/logging/log4j/log4j-slf4j2-impl/2.24.1/log4j-slf4j2-impl-2.24.1.jar!/, jar:file:/C:/Users/r-uu/.m2/repository/org/apache/logging/log4j/log4j-api/2.24.1/log4j-api-2.24.1.jar!/, jar:file:/C:/Users/r-uu/.m2/repository/org/apache/logging/log4j/log4j-core/2.24.1/log4j-core-2.24.1.jar!/, jar:file:/C:/Users/r-uu/develop/github/codespace/r-uu/lib/cdi/common/target/r-uu.codespace.lib.cdi.common-0.0.1.jar!/, jar:file:/C:/Users/r-uu/develop/github/codespace/r-uu/lib/cdi/se/target/r-uu.codespace.lib.cdi.se-0.0.1.jar!/, jar:file:/C:/Users/r-uu/.m2/repository/jakarta/el/jakarta.el-api/6.0.1/jakarta.el-api-6.0.1.jar!/, jar:file:/C:/Users/r-uu/.m2/repository/jakarta/inject/jakarta.inject-api/2.0.1/jakarta.inject-api-2.0.1.jar!/, jar:file:/C:/Users/r-uu/.m2/repository/jakarta/interceptor/jakarta.interceptor-api/2.2.0/jakarta.interceptor-api-2.2.0.jar!/, jar:file:/C:/Users/r-uu/develop/github/codespace/r-uu/lib/gen/core/target/r-uu.codespace.lib.gen.core-0.0.1.jar!/, jar:file:/C:/Users/r-uu/.m2/repository/org/eclipse/microprofile/config/microprofile-config-api/3.1/microprofile-config-api-3.1.jar!/, jar:file:/C:/Users/r-uu/develop/github/codespace/r-uu/lib/gen/java/core/target/r-uu.codespace.lib.gen.java.core-0.0.1.jar!/, jar:file:/C:/Users/r-uu/develop/github/codespace/r-uu/lib/gen/java/fx/bean/target/r-uu.codespace.lib.gen.java.fx.bean-0.0.1.jar!/, jar:file:/C:/Users/r-uu/develop/github/codespace/r-uu/lib/util/target/r-uu.codespace.lib.util-0.0.1.jar!/, jar:file:/C:/Users/r-uu/.m2/repository/jakarta/annotation/jakarta.annotation-api/3.0.0/jakarta.annotation-api-3.0.0.jar!/, jar:file:/C:/Users/r-uu/.m2/repository/jakarta/ws/rs/jakarta.ws.rs-api/3.1.0/jakarta.ws.rs-api-3.1.0.jar!/, jar:file:/C:/Users/r-uu/.m2/repository/org/slf4j/slf4j-api/2.0.16/slf4j-api-2.0.16.jar!/, jar:file:/C:/Users/r-uu/.m2/repository/org/hamcrest/hamcrest/2.2/hamcrest-2.2.jar!/, jar:file:/C:/Users/r-uu/.m2/repository/org/junit/jupiter/junit-jupiter-api/5.10.2/junit-jupiter-api-5.10.2.jar!/, jar:file:/C:/Users/r-uu/.m2/repository/org/opentest4j/opentest4j/1.3.0/opentest4j-1.3.0.jar!/, jar:file:/C:/Users/r-uu/.m2/repository/org/junit/platform/junit-platform-commons/1.10.2/junit-platform-commons-1.10.2.jar!/, jar:file:/C:/Users/r-uu/.m2/repository/org/apiguardian/apiguardian-api/1.1.2/apiguardian-api-1.1.2.jar!/, jar:file:/C:/Users/r-uu/.m2/repository/org/openjfx/javafx-controls/24.0.2/javafx-controls-24.0.2.jar!/, jar:file:/C:/Users/r-uu/.m2/repository/org/openjfx/javafx-controls/24.0.2/javafx-controls-24.0.2-win.jar!/, jar:file:/C:/Users/r-uu/.m2/repository/org/openjfx/javafx-graphics/24.0.2/javafx-graphics-24.0.2.jar!/, jar:file:/C:/Users/r-uu/.m2/repository/org/openjfx/javafx-graphics/24.0.2/javafx-graphics-24.0.2-win.jar!/, jar:file:/C:/Users/r-uu/.m2/repository/org/openjfx/javafx-base/24.0.2/javafx-base-24.0.2.jar!/, jar:file:/C:/Users/r-uu/.m2/repository/org/openjfx/javafx-base/24.0.2/javafx-base-24.0.2-win.jar!/, jar:file:/C:/Users/r-uu/.m2/repository/org/openjfx/javafx-fxml/24.0.2/javafx-fxml-24.0.2.jar!/, jar:file:/C:/Users/r-uu/.m2/repository/org/openjfx/javafx-fxml/24.0.2/javafx-fxml-24.0.2-win.jar!/]
06:10:12.774 DEBUG com.tngtech.archunit.core.importer.JavaClassProcessor.visit(104) - Processing class 'de/ruu/lib/gen/java/fx/tableview/demo/FXModelDemo'
06:10:12.781 DEBUG com.tngtech.archunit.core.importer.JavaClassProcessor.visit(104) - Processing class 'javafx/beans/property/ObjectProperty'
06:10:12.783 DEBUG com.tngtech.archunit.core.importer.JavaClassProcessor.visit(104) - Processing class 'javafx/beans/property/SimpleStringProperty'
06:10:12.785 DEBUG com.tngtech.archunit.core.importer.JavaClassProcessor.visit(104) - Processing class 'de/ruu/lib/gen/java/fx/tableview/JavaModelDemo'
06:10:12.787 DEBUG com.tngtech.archunit.core.importer.JavaClassProcessor.visit(104) - Processing class 'javafx/beans/property/SimpleListProperty'
06:10:12.793 DEBUG com.tngtech.archunit.core.importer.JavaClassProcessor.visit(104) - Processing class 'javafx/beans/property/IntegerProperty'
06:10:12.796 DEBUG com.tngtech.archunit.core.importer.JavaClassProcessor.visit(104) - Processing class 'java/math/BigDecimal'
06:10:12.805 DEBUG com.tngtech.archunit.core.importer.JavaClassProcessor.visit(104) - Processing class 'javafx/beans/property/BooleanProperty'
06:10:12.808 DEBUG com.tngtech.archunit.core.importer.JavaClassProcessor.visit(104) - Processing class 'javafx/beans/property/SimpleBooleanProperty'
06:10:12.809 DEBUG com.tngtech.archunit.core.importer.JavaClassProcessor.visit(104) - Processing class 'javafx/beans/property/SimpleObjectProperty'
06:10:12.811 DEBUG com.tngtech.archunit.core.importer.JavaClassProcessor.visit(104) - Processing class 'javafx/beans/property/SimpleIntegerProperty'
06:10:12.813 DEBUG com.tngtech.archunit.core.importer.JavaClassProcessor.visit(104) - Processing class 'java/lang/Object'
06:10:12.815 DEBUG com.tngtech.archunit.core.importer.JavaClassProcessor.visit(104) - Processing class 'java/lang/String'
06:10:12.822 DEBUG com.tngtech.archunit.core.importer.JavaClassProcessor.visit(104) - Processing class 'javafx/beans/property/ListProperty'
06:10:12.825 DEBUG com.tngtech.archunit.core.importer.JavaClassProcessor.visit(104) - Processing class 'javafx/beans/property/StringProperty'
06:10:12.826 DEBUG com.tngtech.archunit.core.importer.JavaClassProcessor.visit(104) - Processing class 'de/ruu/lib/gen/java/fx/bean/FXProperty'
06:10:12.828 DEBUG com.tngtech.archunit.core.importer.JavaClassProcessor.visit(104) - Processing class 'javafx/beans/property/ReadOnlyObjectProperty'
06:10:12.830 DEBUG com.tngtech.archunit.core.importer.JavaClassProcessor.visit(104) - Processing class 'javafx/beans/value/WritableBooleanValue'
06:10:12.831 DEBUG com.tngtech.archunit.core.importer.JavaClassProcessor.visit(104) - Processing class 'javafx/beans/property/ReadOnlyBooleanProperty'
06:10:12.832 DEBUG com.tngtech.archunit.core.importer.JavaClassProcessor.visit(104) - Processing class 'java/lang/Integer'
06:10:12.839 DEBUG com.tngtech.archunit.core.importer.JavaClassProcessor.visit(104) - Processing class 'javafx/beans/value/WritableListValue'
06:10:12.841 DEBUG com.tngtech.archunit.core.importer.JavaClassProcessor.visit(104) - Processing class 'java/lang/constant/ConstantDesc'
06:10:12.842 DEBUG com.tngtech.archunit.core.importer.JavaClassProcessor.visit(104) - Processing class 'javafx/beans/property/ReadOnlyStringProperty'
06:10:12.844 DEBUG com.tngtech.archunit.core.importer.JavaClassProcessor.visit(104) - Processing class 'javafx/beans/value/WritableStringValue'
06:10:12.845 DEBUG com.tngtech.archunit.core.importer.JavaClassProcessor.visit(104) - Processing class 'java/lang/Boolean'
06:10:12.847 DEBUG com.tngtech.archunit.core.importer.JavaClassProcessor.visit(104) - Processing class 'java/lang/Number'
06:10:12.849 DEBUG com.tngtech.archunit.core.importer.JavaClassProcessor.visit(104) - Processing class 'javafx/beans/value/WritableObjectValue'
06:10:12.850 DEBUG com.tngtech.archunit.core.importer.JavaClassProcessor.visit(104) - Processing class 'jdk/internal/vm/annotation/IntrinsicCandidate'
06:10:12.851 DEBUG com.tngtech.archunit.core.importer.JavaClassProcessor.visit(104) - Processing class 'jdk/internal/vm/annotation/ForceInline'
06:10:12.852 DEBUG com.tngtech.archunit.core.importer.JavaClassProcessor.visit(104) - Processing class 'java/lang/CharSequence'
06:10:12.853 DEBUG com.tngtech.archunit.core.importer.JavaClassProcessor.visit(104) - Processing class 'jdk/internal/vm/annotation/Stable'
06:10:12.854 DEBUG com.tngtech.archunit.core.importer.JavaClassProcessor.visit(104) - Processing class 'java/lang/Deprecated'
06:10:12.856 DEBUG com.tngtech.archunit.core.importer.JavaClassProcessor.visit(104) - Processing class 'javafx/beans/property/Property'
06:10:12.857 DEBUG com.tngtech.archunit.core.importer.JavaClassProcessor.visit(104) - Processing class 'javafx/beans/property/ObjectPropertyBase'
06:10:12.860 DEBUG com.tngtech.archunit.core.importer.JavaClassProcessor.visit(104) - Processing class 'javafx/beans/property/IntegerPropertyBase'
06:10:12.862 DEBUG com.tngtech.archunit.core.importer.JavaClassProcessor.visit(104) - Processing class 'javafx/beans/property/ReadOnlyListProperty'
06:10:12.864 DEBUG com.tngtech.archunit.core.importer.JavaClassProcessor.visit(104) - Processing class 'javafx/beans/property/StringPropertyBase'
06:10:12.867 DEBUG com.tngtech.archunit.core.importer.JavaClassProcessor.visit(104) - Processing class 'javafx/beans/property/BooleanPropertyBase'
06:10:12.869 DEBUG com.tngtech.archunit.core.importer.JavaClassProcessor.visit(104) - Processing class 'java/io/Serializable'
06:10:12.870 DEBUG com.tngtech.archunit.core.importer.JavaClassProcessor.visit(104) - Processing class 'java/lang/constant/Constable'
06:10:12.871 DEBUG com.tngtech.archunit.core.importer.JavaClassProcessor.visit(104) - Processing class 'javafx/beans/value/WritableIntegerValue'
06:10:12.873 DEBUG com.tngtech.archunit.core.importer.JavaClassProcessor.visit(104) - Processing class 'javafx/beans/property/ReadOnlyIntegerProperty'
06:10:12.875 DEBUG com.tngtech.archunit.core.importer.JavaClassProcessor.visit(104) - Processing class 'java/lang/Comparable'
06:10:12.877 DEBUG com.tngtech.archunit.core.importer.JavaClassProcessor.visit(104) - Processing class 'javafx/collections/ObservableList'
06:10:12.880 DEBUG com.tngtech.archunit.core.importer.JavaClassProcessor.visit(104) - Processing class 'javafx/beans/property/ListPropertyBase'
06:10:12.886 DEBUG com.tngtech.archunit.core.importer.JavaClassProcessor.visit(104) - Processing class 'javafx/beans/binding/ObjectExpression'
06:10:12.888 DEBUG com.tngtech.archunit.core.importer.JavaClassProcessor.visit(104) - Processing class 'javafx/beans/binding/IntegerExpression'
06:10:12.891 DEBUG com.tngtech.archunit.core.importer.JavaClassProcessor.visit(104) - Processing class 'java/lang/annotation/Retention'
06:10:12.894 DEBUG com.tngtech.archunit.core.importer.JavaClassProcessor.visit(104) - Processing class 'javafx/beans/binding/ListExpression'
06:10:12.898 DEBUG com.tngtech.archunit.core.importer.JavaClassProcessor.visit(104) - Processing class 'javafx/beans/property/ReadOnlyProperty'
06:10:12.899 DEBUG com.tngtech.archunit.core.importer.JavaClassProcessor.visit(104) - Processing class 'java/lang/annotation/Documented'
06:10:12.901 DEBUG com.tngtech.archunit.core.importer.JavaClassProcessor.visit(104) - Processing class 'javafx/beans/binding/StringExpression'
06:10:12.903 DEBUG com.tngtech.archunit.core.importer.JavaClassProcessor.visit(104) - Processing class 'java/lang/annotation/Target'
06:10:12.905 DEBUG com.tngtech.archunit.core.importer.JavaClassProcessor.visit(104) - Processing class 'javafx/beans/binding/BooleanExpression'
06:10:12.906 DEBUG com.tngtech.archunit.core.importer.JavaClassProcessor.visit(104) - Processing class 'java/lang/annotation/ElementType'
06:10:12.908 DEBUG com.tngtech.archunit.core.importer.JavaClassProcessor.visit(104) - Processing class 'javafx/beans/Observable'
06:10:12.911 DEBUG com.tngtech.archunit.core.importer.JavaClassProcessor.visit(104) - Processing class 'javafx/beans/value/WritableNumberValue'
06:10:12.912 DEBUG com.tngtech.archunit.core.importer.JavaClassProcessor.visit(104) - Processing class 'java/lang/constant/DynamicConstantDesc'
06:10:12.915 DEBUG com.tngtech.archunit.core.importer.JavaClassProcessor.visit(104) - Processing class 'java/util/List'
06:10:12.918 DEBUG com.tngtech.archunit.core.importer.JavaClassProcessor.visit(104) - Processing class 'java/lang/annotation/Annotation'
06:10:12.919 DEBUG com.tngtech.archunit.core.importer.JavaClassProcessor.visit(104) - Processing class 'jdk/internal/ValueBased'
06:10:12.920 DEBUG com.tngtech.archunit.core.importer.JavaClassProcessor.visit(104) - Processing class 'javafx/beans/value/WritableValue'
06:10:12.921 DEBUG com.tngtech.archunit.core.importer.JavaClassProcessor.visit(104) - Processing class 'java/lang/annotation/RetentionPolicy'
06:10:12.923 DEBUG com.tngtech.archunit.core.importer.JavaClassProcessor.visit(104) - Processing class 'java/lang/SafeVarargs'
06:10:12.924 DEBUG com.tngtech.archunit.core.importer.JavaClassProcessor.visit(104) - Processing class 'javafx/beans/value/ObservableListValue'
06:10:12.928 DEBUG com.tngtech.archunit.core.importer.JavaClassProcessor.visit(104) - Processing class 'javafx/beans/value/ObservableIntegerValue'
06:10:12.930 DEBUG com.tngtech.archunit.core.importer.JavaClassProcessor.visit(104) - Processing class 'javafx/beans/value/ObservableStringValue'
06:10:12.932 DEBUG com.tngtech.archunit.core.importer.JavaClassProcessor.visit(104) - Processing class 'javafx/beans/value/ObservableBooleanValue'
06:10:12.933 DEBUG com.tngtech.archunit.core.importer.JavaClassProcessor.visit(104) - Processing class 'java/lang/Enum'
06:10:12.935 DEBUG com.tngtech.archunit.core.importer.JavaClassProcessor.visit(104) - Processing class 'javafx/beans/value/ObservableValue'
06:10:12.938 DEBUG com.tngtech.archunit.core.importer.JavaClassProcessor.visit(104) - Processing class 'javafx/beans/binding/NumberExpressionBase'
06:10:12.941 DEBUG com.tngtech.archunit.core.importer.JavaClassProcessor.visit(104) - Processing class 'javafx/beans/value/ObservableObjectValue'
06:10:12.943 DEBUG com.tngtech.archunit.core.importer.JavaClassProcessor.visit(104) - Processing class 'java/util/SequencedCollection'
06:10:12.944 DEBUG com.tngtech.archunit.core.importer.JavaClassProcessor.visit(104) - Processing class 'java/util/Collection'
06:10:12.947 DEBUG com.tngtech.archunit.core.importer.JavaClassProcessor.visit(104) - Processing class 'javafx/beans/binding/NumberExpression'
06:10:12.949 DEBUG com.tngtech.archunit.core.importer.JavaClassProcessor.visit(104) - Processing class 'javafx/beans/value/ObservableNumberValue'
06:10:12.950 DEBUG com.tngtech.archunit.core.importer.JavaClassProcessor.visit(104) - Processing class 'java/lang/Enum$EnumDesc'
06:10:12.951 DEBUG com.tngtech.archunit.core.importer.JavaClassProcessor.visit(104) - Processing class 'java/lang/Iterable'
06:10:12.954 DEBUG com.tngtech.archunit.core.importer.JavaClassProcessor.visit(104) - Processing class 'java/lang/Class'
06:10:12.963 DEBUG com.tngtech.archunit.core.importer.JavaClassProcessor.visit(104) - Processing class 'java/util/Optional'
06:10:12.966 DEBUG com.tngtech.archunit.core.importer.JavaClassProcessor.visit(104) - Processing class 'java/util/stream/IntStream'
06:10:12.970 DEBUG com.tngtech.archunit.core.importer.JavaClassProcessor.visit(104) - Processing class 'java/io/ObjectStreamException'
06:10:12.970 DEBUG com.tngtech.archunit.core.importer.JavaClassProcessor.visit(104) - Processing class 'java/lang/CloneNotSupportedException'
06:10:12.971 DEBUG com.tngtech.archunit.core.importer.JavaClassProcessor.visit(104) - Processing class 'java/io/ObjectInputStream'
06:10:12.974 DEBUG com.tngtech.archunit.core.importer.JavaClassProcessor.visit(104) - Processing class 'java/io/IOException'
06:10:12.976 DEBUG com.tngtech.archunit.core.importer.JavaClassProcessor.visit(104) - Processing class 'java/lang/ClassNotFoundException'
06:10:12.978 DEBUG com.tngtech.archunit.core.importer.JavaClassProcessor.visit(104) - Processing class 'java/lang/invoke/MethodHandles$Lookup'
06:10:12.982 DEBUG com.tngtech.archunit.core.importer.JavaClassProcessor.visit(104) - Processing class 'java/lang/ReflectiveOperationException'
06:10:12.983 DEBUG com.tngtech.archunit.core.importer.JavaClassProcessor.visit(104) - Processing class 'java/lang/constant/ClassDesc'
06:10:12.985 DEBUG com.tngtech.archunit.core.importer.JavaClassProcessor.visit(104) - Processing class 'java/lang/NumberFormatException'
06:10:12.990 DEBUG com.tngtech.archunit.core.importer.JavaClassProcessor.visit(104) - Processing class 'java/util/Iterator'
06:10:12.992 DEBUG com.tngtech.archunit.core.importer.JavaClassProcessor.visit(104) - Processing class 'java/util/function/Consumer'
06:10:12.993 DEBUG com.tngtech.archunit.core.importer.JavaClassProcessor.visit(104) - Processing class 'java/util/Spliterator'
06:10:12.995 DEBUG com.tngtech.archunit.core.importer.JavaClassProcessor.visit(104) - Processing class 'java/lang/Throwable'
06:10:12.997 DEBUG com.tngtech.archunit.core.importer.JavaClassProcessor.visit(104) - Processing class 'java/lang/InterruptedException'
06:10:13.000 DEBUG com.tngtech.archunit.core.importer.JavaClassProcessor.visit(104) - Processing class 'java/io/ObjectStreamField'
06:10:13.002 DEBUG com.tngtech.archunit.core.importer.JavaClassProcessor.visit(104) - Processing class 'java/util/Comparator'
06:10:13.004 DEBUG com.tngtech.archunit.core.importer.JavaClassProcessor.visit(104) - Processing class 'java/lang/StringBuffer'
06:10:13.007 DEBUG com.tngtech.archunit.core.importer.JavaClassProcessor.visit(104) - Processing class 'java/util/function/Function'
06:10:13.010 DEBUG com.tngtech.archunit.core.importer.JavaClassProcessor.visit(104) - Processing class 'java/nio/charset/Charset'
06:10:13.012 DEBUG com.tngtech.archunit.core.importer.JavaClassProcessor.visit(104) - Processing class 'java/lang/Void'
06:10:13.013 DEBUG com.tngtech.archunit.core.importer.JavaClassProcessor.visit(104) - Processing class 'java/nio/charset/CharacterCodingException'
06:10:13.014 DEBUG com.tngtech.archunit.core.importer.JavaClassProcessor.visit(104) - Processing class 'java/util/Locale'
06:10:13.018 DEBUG com.tngtech.archunit.core.importer.JavaClassProcessor.visit(104) - Processing class 'java/io/UnsupportedEncodingException'
06:10:13.019 DEBUG com.tngtech.archunit.core.importer.JavaClassProcessor.visit(104) - Processing class 'java/lang/AbstractStringBuilder'
06:10:13.023 DEBUG com.tngtech.archunit.core.importer.JavaClassProcessor.visit(104) - Processing class 'java/nio/charset/CharsetDecoder'
06:10:13.026 DEBUG com.tngtech.archunit.core.importer.JavaClassProcessor.visit(104) - Processing class 'java/util/stream/Stream'
06:10:13.029 DEBUG com.tngtech.archunit.core.importer.JavaClassProcessor.visit(104) - Processing class 'java/lang/foreign/MemorySegment'
06:10:13.033 DEBUG com.tngtech.archunit.core.importer.JavaClassProcessor.visit(104) - Processing class 'java/lang/StringBuilder'
06:10:13.041 DEBUG com.tngtech.archunit.core.importer.JavaClassProcessor.visit(104) - Processing class 'java/lang/constant/DirectMethodHandleDesc'
06:10:13.045 DEBUG com.tngtech.archunit.core.importer.JavaClassProcessor.visit(104) - Processing class 'java/math/BigInteger'
06:10:13.052 DEBUG com.tngtech.archunit.core.importer.JavaClassProcessor.visit(104) - Processing class 'java/math/MathContext'
06:10:13.054 DEBUG com.tngtech.archunit.core.importer.JavaClassProcessor.visit(104) - Processing class 'java/math/RoundingMode'
06:10:13.055 DEBUG com.tngtech.archunit.core.importer.JavaClassProcessor.visit(104) - Processing class 'java/math/MutableBigInteger'
06:10:13.058 DEBUG com.tngtech.archunit.core.importer.JavaClassProcessor.visit(104) - Processing class 'java/io/ObjectOutputStream'
06:10:13.062 DEBUG com.tngtech.archunit.core.importer.JavaClassProcessor.visit(104) - Processing class 'java/util/function/Predicate'
06:10:13.063 DEBUG com.tngtech.archunit.core.importer.JavaClassProcessor.visit(104) - Processing class 'java/util/function/IntFunction'
06:10:13.065 DEBUG com.tngtech.archunit.core.importer.JavaClassProcessor.visit(104) - Processing class 'java/util/ListIterator'
06:10:13.068 DEBUG com.tngtech.archunit.core.importer.JavaClassProcessor.visit(104) - Processing class 'java/util/function/UnaryOperator'
06:10:13.071 DEBUG com.tngtech.archunit.core.importer.JavaClassProcessor.visit(104) - Processing class 'javafx/beans/InvalidationListener'
06:10:13.072 DEBUG com.tngtech.archunit.core.importer.JavaClassProcessor.visit(104) - Processing class 'javafx/util/Subscription'
06:10:13.074 DEBUG com.tngtech.archunit.core.importer.JavaClassProcessor.visit(104) - Processing class 'java/lang/Runnable'
06:10:13.076 DEBUG com.tngtech.archunit.core.importer.JavaClassProcessor.visit(104) - Processing class 'javafx/beans/binding/BooleanBinding'
06:10:13.081 DEBUG com.tngtech.archunit.core.importer.JavaClassProcessor.visit(104) - Processing class 'javafx/beans/binding/StringBinding'
06:10:13.084 DEBUG com.tngtech.archunit.core.importer.JavaClassProcessor.visit(104) - Processing class 'javafx/beans/binding/NumberBinding'
06:10:13.086 DEBUG com.tngtech.archunit.core.importer.JavaClassProcessor.visit(104) - Processing class 'javafx/beans/binding/DoubleBinding'
06:10:13.088 DEBUG com.tngtech.archunit.core.importer.JavaClassProcessor.visit(104) - Processing class 'javafx/beans/binding/LongBinding'
06:10:13.091 DEBUG com.tngtech.archunit.core.importer.JavaClassProcessor.visit(104) - Processing class 'javafx/beans/binding/IntegerBinding'
06:10:13.094 DEBUG com.tngtech.archunit.core.importer.JavaClassProcessor.visit(104) - Processing class 'javafx/beans/binding/FloatBinding'
06:10:13.098 DEBUG com.tngtech.archunit.core.importer.JavaClassProcessor.visit(104) - Processing class 'javafx/beans/binding/ObjectBinding'
06:10:13.104 DEBUG com.tngtech.archunit.core.importer.JavaClassProcessor.visit(104) - Processing class 'com/sun/javafx/binding/ExpressionHelper'
06:10:13.107 DEBUG com.tngtech.archunit.core.importer.JavaClassProcessor.visit(104) - Processing class 'javafx/beans/value/ChangeListener'
06:10:13.110 DEBUG com.tngtech.archunit.core.importer.JavaClassProcessor.visit(104) - Processing class 'com/sun/javafx/binding/ListExpressionHelper'
06:10:13.114 DEBUG com.tngtech.archunit.core.importer.JavaClassProcessor.visit(104) - Processing class 'javafx/beans/property/ListPropertyBase$EmptyProperty'
06:10:13.117 DEBUG com.tngtech.archunit.core.importer.JavaClassProcessor.visit(104) - Processing class 'javafx/collections/ListChangeListener'
06:10:13.119 DEBUG com.tngtech.archunit.core.importer.JavaClassProcessor.visit(104) - Processing class 'javafx/beans/property/ListPropertyBase$SizeProperty'
06:10:13.120 DEBUG com.tngtech.archunit.core.importer.JavaClassProcessor.visit(104) - Processing class 'javafx/collections/ListChangeListener$Change'
06:10:13.127 DEBUG com.tngtech.archunit.core.importer.JavaClassProcessor.visit(104) - Processing class 'javafx/util/StringConverter'
06:10:13.129 DEBUG com.tngtech.archunit.core.importer.JavaClassProcessor.visit(104) - Processing class 'java/text/Format'
06:10:13.132 DEBUG com.tngtech.archunit.core.importer.JavaClassProcessor.visit(104) - Processing class 'java/util/function/BiConsumer'
06:10:13.137 DEBUG com.tngtech.archunit.core.importer.JavaClassProcessor.visit(104) - Processing class 'javafx/collections/transformation/SortedList'
06:10:13.145 DEBUG com.tngtech.archunit.core.importer.JavaClassProcessor.visit(104) - Processing class 'javafx/collections/transformation/FilteredList'
06:10:13.238 DEBUG de.ruu.lib.gen.java.CompilationUnitFileWriter$CompilationUnitFileWriterAbstract.write(75) - wrote C:\Users\r-uu\develop\github\codespace\r-uu\lib\gen\java\fx\tableview\.\src\gen\java\de\ruu\lib\gen\java\fx\tableview\demo\FXTableViewConfigurator.java
]]></system-out>
  </testcase>
</testsuite>