<?xml version="1.0" encoding="UTF-8"?>
<testsuite xmlns:xsi="http://www.w3.org/2001/XMLSchema-instance" xsi:noNamespaceSchemaLocation="https://maven.apache.org/surefire/maven-surefire-plugin/xsd/surefire-test-report.xsd" version="3.0.2" name="de.ruu.lib.util.FilesTest" time="0.183" tests="8" errors="0" skipped="0" failures="0">
  <properties>
[...]
</properties>
  <testcase name="testDeleteRecursivelyStrict" classname="de.ruu.lib.util.FilesTest" time="0.113">
    <system-err><![CDATA[SLF4J(W): No SLF4J providers were found.
SLF4J(W): Defaulting to no-operation (NOP) logger implementation
SLF4J(W): See https://www.slf4j.org/codes.html#noProviders for further details.
]]></system-err>
  </testcase>
  <testcase name="testCreateFileIfNotExists" classname="de.ruu.lib.util.FilesTest" time="0.002"/>
  <testcase name="testIsDirectoryEmpty" classname="de.ruu.lib.util.FilesTest" time="0.003"/>
  <testcase name="testDeleteRecursivelyEfficient" classname="de.ruu.lib.util.FilesTest" time="0.003"/>
  <testcase name="testCopyDirectoryWithContent" classname="de.ruu.lib.util.FilesTest" time="0.04"/>
  <testcase name="testWriteToFileAndReadFromFile" classname="de.ruu.lib.util.FilesTest" time="0.003"/>
  <testcase name="testToSourceFilePath" classname="de.ruu.lib.util.FilesTest" time="0.009"/>
  <testcase name="testDeleteRecursivelyQuiet" classname="de.ruu.lib.util.FilesTest" time="0.003"/>
</testsuite>