<?xml version="1.0" encoding="UTF-8"?>
<testsuite xmlns:xsi="http://www.w3.org/2001/XMLSchema-instance" xsi:noNamespaceSchemaLocation="https://maven.apache.org/surefire/maven-surefire-plugin/xsd/surefire-test-report.xsd" version="3.0.2" name="de.ruu.lib.jpa.se.hibernate.postgres.demo.TestAbstractRepository" time="4.83" tests="2" errors="0" skipped="0" failures="0">
  <properties>
[...]
</properties>
  <testcase name="testAbstractRepositoryWithoutTransaction" classname="de.ruu.lib.jpa.se.hibernate.postgres.demo.TestAbstractRepository" time="3.507">
    <system-out><![CDATA[22:28:33.156 DEBUG de.ruu.lib.junit.DisableOnServerNotListening.evaluateExecutionCondition(26) - annotated Element: class de.ruu.lib.jpa.se.hibernate.postgres.demo.TestAbstractRepository
22:28:33.168 DEBUG de.ruu.lib.junit.DisableOnServerNotListening.evaluateExecutionCondition(37) - 
property name host: database.host
property name port: database.port
22:28:33.228 DEBUG org.jboss.logging.logProvider(162) - Logging Provider: org.jboss.logging.Log4j2LoggerProvider
22:28:33.276 DEBUG io.smallrye.config.getSources(1077) - SRCFG01006: Loaded ConfigSource SysPropConfigSource with ordinal 400
22:28:33.277 DEBUG io.smallrye.config.getSources(1077) - SRCFG01006: Loaded ConfigSource EnvConfigSource with ordinal 300
22:28:33.278 DEBUG io.smallrye.config.getSources(1077) - SRCFG01006: Loaded ConfigSource PropertiesConfigSource[source=file:/C:/Users/r-uu/develop/github/codespace/r-uu/lib/jpa/se.hibernate.postgres.demo/target/test-classes/META-INF/microprofile-config.properties] with ordinal 100
22:28:33.278 DEBUG io.smallrye.config.getSources(1077) - SRCFG01006: Loaded ConfigSource DefaultValuesConfigSource with ordinal -2147483648
22:28:33.307 DEBUG de.ruu.lib.junit.DisableOnServerNotListening.evaluateExecutionCondition(65) - server at "localhost:5432" is listening -> execution enabled
22:28:33.393 DEBUG de.ruu.lib.cdi.se.CDIContainer.bootstrap(72) - initialising CDI
22:28:33.395 DEBUG de.ruu.lib.cdi.se.CDIContainer.checkIfBeansXMLIsPresent(108) - found META-INF/beans.xml in /C:/Users/r-uu/develop/github/codespace/r-uu/lib/jpa/se.hibernate.postgres.demo/target/classes/META-INF/beans.xml
22:28:33.422 INFO  org.jboss.weld.Version.<clinit>(150) - WELD-000900: 5.1.2 (Final)
22:28:33.568 INFO  org.jboss.weld.Bootstrap.create(68) - WELD-ENV-000020: Using jandex for bean discovery
22:28:33.880 INFO  org.jboss.weld.Bootstrap.startContainer(227) - WELD-000101: Transactional services not available. Injection of @Inject UserTransaction not available. Transactional observers will be invoked synchronously.
22:28:34.245 WARN  org.jboss.weld.Validator.lambda$static$6(65) - WELD-001478: Interceptor class de.ruu.lib.jpa.se.hibernate.postgres.demo.TransactionalInterceptorCDI is enabled for the application and for the bean archive C:\Users\r-uu\develop\github\codespace\r-uu\lib\jpa\se.hibernate.postgres.demo\target\classes. It will only be invoked in the @Priority part of the chain.
22:28:34.519 INFO  org.jboss.weld.Bootstrap.fireContainerInitializedEvent(242) - WELD-ENV-002003: Weld SE container 2ad53e9f-8671-4a7b-a17b-b6627476c2ac initialized
22:28:34.526 DEBUG de.ruu.lib.cdi.se.CDIContainer.bootstrap(87) - initialised CDI successfully: true
22:28:34.527 DEBUG de.ruu.lib.jpa.se.hibernate.postgres.demo.TestAbstractRepository.beforeAll(30) - cdi bootstrapped successfully
22:28:34.537 DEBUG de.ruu.lib.junit.DisableOnServerNotListening.evaluateExecutionCondition(26) - annotated Element: void de.ruu.lib.jpa.se.hibernate.postgres.demo.TestAbstractRepository.testAbstractRepositoryWithoutTransaction()
22:28:34.538 DEBUG de.ruu.lib.junit.DisableOnServerNotListening.evaluateExecutionCondition(90) - annotation not found -> execution enabled
22:28:34.630 DEBUG org.hibernate.jpa.internal.util.LogHelper.logPersistenceUnitInformation(102) - PersistenceUnitInfo [
	name: lib_test
	persistence provider classname: org.hibernate.jpa.HibernatePersistenceProvider
	classloader: jdk.internal.loader.ClassLoaders$AppClassLoader@18b4aac2
	excludeUnlistedClasses: false
	JTA datasource: org.postgresql.ds.PGSimpleDataSource@7a8136b3
	Non JTA datasource: org.postgresql.ds.PGSimpleDataSource@7a8136b3
	Transaction type: RESOURCE_LOCAL
	PU root URL: null
	Shared Cache Mode: UNSPECIFIED
	Validation Mode: AUTO
	Jar files URLs []
	Managed classes names [
		de.ruu.lib.jpa.se.hibernate.postgres.demo.SimpleTypeEntity]
	Mapping files names []
	Properties [
		persistence.unit.class.loader: null
		persistence.unit.jar.file.urls: null
		persistence.unit.jta.data.source: null
		persistence.unit.mapping.file.names: null
		persistence.unit.transaction.type: null
		persistence.unit.shared.cache.mode: null
		persistence.unit.persistence.unit.name: lib_test
		persistence.unit.managed.class.names: null
		persistence.unit.persistence.provider.class.name: org.hibernate.jpa.HibernatePersistenceProvider
		persistence.unit.exclude.unlisted.classes: null
		persistence.unit.validation.mode: null
		persistence.unit.persistence.xml.schema.version: 3.2
		persistence.unit.properties: null]
22:28:34.655 DEBUG org.hibernate.integrator.internal.IntegratorServiceImpl.addIntegrator(51) - Adding Integrator [org.hibernate.boot.beanvalidation.BeanValidationIntegrator].
22:28:34.666 DEBUG org.hibernate.integrator.internal.IntegratorServiceImpl.addIntegrator(51) - Adding Integrator [org.hibernate.cache.internal.CollectionCacheInvalidator].
22:28:34.785 INFO  org.hibernate.Version.logVersion(44) - HHH000412: Hibernate ORM core version 6.6.4.Final
22:28:34.789 DEBUG org.hibernate.cfg.Environment.<clinit>(163) - HHH000206: 'hibernate.properties' not found
22:28:34.835 DEBUG org.hibernate.orm.idgen.factory.getBeanContainer(95) - Ignoring CDI for resolving IdentifierGenerator instances as extended or delayed CDI support was enabled
22:28:34.843 DEBUG org.hibernate.orm.idgen.factory.register(173) - Registering IdentifierGenerator strategy [uuid2] -> [org.hibernate.id.UUIDGenerator]
22:28:34.844 DEBUG org.hibernate.orm.idgen.factory.register(173) - Registering IdentifierGenerator strategy [guid] -> [org.hibernate.id.GUIDGenerator]
22:28:34.846 DEBUG org.hibernate.orm.idgen.factory.register(173) - Registering IdentifierGenerator strategy [uuid] -> [org.hibernate.id.UUIDHexGenerator]
22:28:34.847 DEBUG org.hibernate.orm.idgen.factory.register(173) - Registering IdentifierGenerator strategy [uuid.hex] -> [org.hibernate.id.UUIDHexGenerator]
22:28:34.848 DEBUG org.hibernate.orm.idgen.factory.register(173) - Registering IdentifierGenerator strategy [assigned] -> [org.hibernate.id.Assigned]
22:28:34.851 DEBUG org.hibernate.orm.idgen.factory.register(173) - Registering IdentifierGenerator strategy [identity] -> [org.hibernate.id.IdentityGenerator]
22:28:34.852 DEBUG org.hibernate.orm.idgen.factory.register(173) - Registering IdentifierGenerator strategy [select] -> [org.hibernate.id.SelectGenerator]
22:28:34.855 DEBUG org.hibernate.orm.idgen.factory.register(173) - Registering IdentifierGenerator strategy [sequence] -> [org.hibernate.id.enhanced.SequenceStyleGenerator]
22:28:34.856 DEBUG org.hibernate.orm.idgen.factory.register(173) - Registering IdentifierGenerator strategy [increment] -> [org.hibernate.id.IncrementGenerator]
22:28:34.857 DEBUG org.hibernate.orm.idgen.factory.register(173) - Registering IdentifierGenerator strategy [foreign] -> [org.hibernate.id.ForeignGenerator]
22:28:34.858 DEBUG org.hibernate.orm.idgen.factory.register(173) - Registering IdentifierGenerator strategy [enhanced-sequence] -> [org.hibernate.id.enhanced.SequenceStyleGenerator]
22:28:34.860 DEBUG org.hibernate.orm.idgen.factory.register(173) - Registering IdentifierGenerator strategy [enhanced-table] -> [org.hibernate.id.enhanced.TableGenerator]
22:28:34.878 INFO  org.hibernate.cache.internal.RegionFactoryInitiator.initiateService(50) - HHH000026: Second-level cache disabled
22:28:35.119 DEBUG org.hibernate.type.BasicTypeRegistry.applyRegistrationKeys(420) - Adding type registration boolean -> org.hibernate.type.BasicTypeReference@40e37b06
22:28:35.120 DEBUG org.hibernate.type.BasicTypeRegistry.applyRegistrationKeys(420) - Adding type registration boolean -> org.hibernate.type.BasicTypeReference@40e37b06
22:28:35.120 DEBUG org.hibernate.type.BasicTypeRegistry.applyRegistrationKeys(420) - Adding type registration java.lang.Boolean -> org.hibernate.type.BasicTypeReference@40e37b06
22:28:35.121 DEBUG org.hibernate.type.BasicTypeRegistry.applyRegistrationKeys(420) - Adding type registration numeric_boolean -> org.hibernate.type.BasicTypeReference@733aa9d8
22:28:35.121 DEBUG org.hibernate.type.BasicTypeRegistry.applyRegistrationKeys(420) - Adding type registration org.hibernate.type.NumericBooleanConverter -> org.hibernate.type.BasicTypeReference@733aa9d8
22:28:35.122 DEBUG org.hibernate.type.BasicTypeRegistry.applyRegistrationKeys(420) - Adding type registration true_false -> org.hibernate.type.BasicTypeReference@6dcc40f5
22:28:35.122 DEBUG org.hibernate.type.BasicTypeRegistry.applyRegistrationKeys(420) - Adding type registration org.hibernate.type.TrueFalseConverter -> org.hibernate.type.BasicTypeReference@6dcc40f5
22:28:35.123 DEBUG org.hibernate.type.BasicTypeRegistry.applyRegistrationKeys(420) - Adding type registration yes_no -> org.hibernate.type.BasicTypeReference@2b680207
22:28:35.123 DEBUG org.hibernate.type.BasicTypeRegistry.applyRegistrationKeys(420) - Adding type registration org.hibernate.type.YesNoConverter -> org.hibernate.type.BasicTypeReference@2b680207
22:28:35.124 DEBUG org.hibernate.type.BasicTypeRegistry.applyRegistrationKeys(420) - Adding type registration byte -> org.hibernate.type.BasicTypeReference@70887727
22:28:35.124 DEBUG org.hibernate.type.BasicTypeRegistry.applyRegistrationKeys(420) - Adding type registration byte -> org.hibernate.type.BasicTypeReference@70887727
22:28:35.125 DEBUG org.hibernate.type.BasicTypeRegistry.applyRegistrationKeys(420) - Adding type registration java.lang.Byte -> org.hibernate.type.BasicTypeReference@70887727
22:28:35.125 DEBUG org.hibernate.type.BasicTypeRegistry.applyRegistrationKeys(420) - Adding type registration binary -> org.hibernate.type.BasicTypeReference@56da7487
22:28:35.125 DEBUG org.hibernate.type.BasicTypeRegistry.applyRegistrationKeys(420) - Adding type registration byte[] -> org.hibernate.type.BasicTypeReference@56da7487
22:28:35.126 DEBUG org.hibernate.type.BasicTypeRegistry.applyRegistrationKeys(420) - Adding type registration [B -> org.hibernate.type.BasicTypeReference@56da7487
22:28:35.126 DEBUG org.hibernate.type.BasicTypeRegistry.applyRegistrationKeys(420) - Adding type registration binary_wrapper -> org.hibernate.type.BasicTypeReference@599e4d41
22:28:35.126 DEBUG org.hibernate.type.BasicTypeRegistry.applyRegistrationKeys(420) - Adding type registration wrapper-binary -> org.hibernate.type.BasicTypeReference@599e4d41
22:28:35.127 DEBUG org.hibernate.type.BasicTypeRegistry.applyRegistrationKeys(420) - Adding type registration image -> org.hibernate.type.BasicTypeReference@328d044f
22:28:35.127 DEBUG org.hibernate.type.BasicTypeRegistry.applyRegistrationKeys(420) - Adding type registration blob -> org.hibernate.type.BasicTypeReference@10f7c76
22:28:35.127 DEBUG org.hibernate.type.BasicTypeRegistry.applyRegistrationKeys(420) - Adding type registration java.sql.Blob -> org.hibernate.type.BasicTypeReference@10f7c76
22:28:35.128 DEBUG org.hibernate.type.BasicTypeRegistry.applyRegistrationKeys(420) - Adding type registration materialized_blob -> org.hibernate.type.BasicTypeReference@4745e9c
22:28:35.128 DEBUG org.hibernate.type.BasicTypeRegistry.applyRegistrationKeys(420) - Adding type registration materialized_blob_wrapper -> org.hibernate.type.BasicTypeReference@2f2bff16
22:28:35.128 DEBUG org.hibernate.type.BasicTypeRegistry.applyRegistrationKeys(420) - Adding type registration short -> org.hibernate.type.BasicTypeReference@75de29c0
22:28:35.129 DEBUG org.hibernate.type.BasicTypeRegistry.applyRegistrationKeys(420) - Adding type registration short -> org.hibernate.type.BasicTypeReference@75de29c0
22:28:35.129 DEBUG org.hibernate.type.BasicTypeRegistry.applyRegistrationKeys(420) - Adding type registration java.lang.Short -> org.hibernate.type.BasicTypeReference@75de29c0
22:28:35.130 DEBUG org.hibernate.type.BasicTypeRegistry.applyRegistrationKeys(420) - Adding type registration integer -> org.hibernate.type.BasicTypeReference@fc807c1
22:28:35.130 DEBUG org.hibernate.type.BasicTypeRegistry.applyRegistrationKeys(420) - Adding type registration int -> org.hibernate.type.BasicTypeReference@fc807c1
22:28:35.131 DEBUG org.hibernate.type.BasicTypeRegistry.applyRegistrationKeys(420) - Adding type registration java.lang.Integer -> org.hibernate.type.BasicTypeReference@fc807c1
22:28:35.131 DEBUG org.hibernate.type.BasicTypeRegistry.applyRegistrationKeys(420) - Adding type registration long -> org.hibernate.type.BasicTypeReference@296e281a
22:28:35.131 DEBUG org.hibernate.type.BasicTypeRegistry.applyRegistrationKeys(420) - Adding type registration long -> org.hibernate.type.BasicTypeReference@296e281a
22:28:35.132 DEBUG org.hibernate.type.BasicTypeRegistry.applyRegistrationKeys(420) - Adding type registration java.lang.Long -> org.hibernate.type.BasicTypeReference@296e281a
22:28:35.132 DEBUG org.hibernate.type.BasicTypeRegistry.applyRegistrationKeys(420) - Adding type registration float -> org.hibernate.type.BasicTypeReference@59cda16e
22:28:35.133 DEBUG org.hibernate.type.BasicTypeRegistry.applyRegistrationKeys(420) - Adding type registration float -> org.hibernate.type.BasicTypeReference@59cda16e
22:28:35.134 DEBUG org.hibernate.type.BasicTypeRegistry.applyRegistrationKeys(420) - Adding type registration java.lang.Float -> org.hibernate.type.BasicTypeReference@59cda16e
22:28:35.134 DEBUG org.hibernate.type.BasicTypeRegistry.applyRegistrationKeys(420) - Adding type registration double -> org.hibernate.type.BasicTypeReference@5dd903be
22:28:35.135 DEBUG org.hibernate.type.BasicTypeRegistry.applyRegistrationKeys(420) - Adding type registration double -> org.hibernate.type.BasicTypeReference@5dd903be
22:28:35.135 DEBUG org.hibernate.type.BasicTypeRegistry.applyRegistrationKeys(420) - Adding type registration java.lang.Double -> org.hibernate.type.BasicTypeReference@5dd903be
22:28:35.136 DEBUG org.hibernate.type.BasicTypeRegistry.applyRegistrationKeys(420) - Adding type registration big_integer -> org.hibernate.type.BasicTypeReference@12e0f1cb
22:28:35.136 DEBUG org.hibernate.type.BasicTypeRegistry.applyRegistrationKeys(420) - Adding type registration java.math.BigInteger -> org.hibernate.type.BasicTypeReference@12e0f1cb
22:28:35.136 DEBUG org.hibernate.type.BasicTypeRegistry.applyRegistrationKeys(420) - Adding type registration big_decimal -> org.hibernate.type.BasicTypeReference@4a163575
22:28:35.137 DEBUG org.hibernate.type.BasicTypeRegistry.applyRegistrationKeys(420) - Adding type registration java.math.BigDecimal -> org.hibernate.type.BasicTypeReference@4a163575
22:28:35.137 DEBUG org.hibernate.type.BasicTypeRegistry.applyRegistrationKeys(420) - Adding type registration character -> org.hibernate.type.BasicTypeReference@7e642b88
22:28:35.137 DEBUG org.hibernate.type.BasicTypeRegistry.applyRegistrationKeys(420) - Adding type registration char -> org.hibernate.type.BasicTypeReference@7e642b88
22:28:35.138 DEBUG org.hibernate.type.BasicTypeRegistry.applyRegistrationKeys(420) - Adding type registration java.lang.Character -> org.hibernate.type.BasicTypeReference@7e642b88
22:28:35.138 DEBUG org.hibernate.type.BasicTypeRegistry.applyRegistrationKeys(420) - Adding type registration character_nchar -> org.hibernate.type.BasicTypeReference@6b350309
22:28:35.138 DEBUG org.hibernate.type.BasicTypeRegistry.applyRegistrationKeys(420) - Adding type registration string -> org.hibernate.type.BasicTypeReference@7ecec90d
22:28:35.139 DEBUG org.hibernate.type.BasicTypeRegistry.applyRegistrationKeys(420) - Adding type registration java.lang.String -> org.hibernate.type.BasicTypeReference@7ecec90d
22:28:35.139 DEBUG org.hibernate.type.BasicTypeRegistry.applyRegistrationKeys(420) - Adding type registration nstring -> org.hibernate.type.BasicTypeReference@588f63c
22:28:35.140 DEBUG org.hibernate.type.BasicTypeRegistry.applyRegistrationKeys(420) - Adding type registration characters -> org.hibernate.type.BasicTypeReference@5a6fa56e
22:28:35.141 DEBUG org.hibernate.type.BasicTypeRegistry.applyRegistrationKeys(420) - Adding type registration char[] -> org.hibernate.type.BasicTypeReference@5a6fa56e
22:28:35.142 DEBUG org.hibernate.type.BasicTypeRegistry.applyRegistrationKeys(420) - Adding type registration [C -> org.hibernate.type.BasicTypeReference@5a6fa56e
22:28:35.142 DEBUG org.hibernate.type.BasicTypeRegistry.applyRegistrationKeys(420) - Adding type registration wrapper-characters -> org.hibernate.type.BasicTypeReference@1981d861
22:28:35.142 DEBUG org.hibernate.type.BasicTypeRegistry.applyRegistrationKeys(420) - Adding type registration text -> org.hibernate.type.BasicTypeReference@118ffcfd
22:28:35.142 DEBUG org.hibernate.type.BasicTypeRegistry.applyRegistrationKeys(420) - Adding type registration ntext -> org.hibernate.type.BasicTypeReference@53f4c1e6
22:28:35.143 DEBUG org.hibernate.type.BasicTypeRegistry.applyRegistrationKeys(420) - Adding type registration clob -> org.hibernate.type.BasicTypeReference@74174a23
22:28:35.143 DEBUG org.hibernate.type.BasicTypeRegistry.applyRegistrationKeys(420) - Adding type registration java.sql.Clob -> org.hibernate.type.BasicTypeReference@74174a23
22:28:35.144 DEBUG org.hibernate.type.BasicTypeRegistry.applyRegistrationKeys(420) - Adding type registration nclob -> org.hibernate.type.BasicTypeReference@6342d610
22:28:35.144 DEBUG org.hibernate.type.BasicTypeRegistry.applyRegistrationKeys(420) - Adding type registration java.sql.NClob -> org.hibernate.type.BasicTypeReference@6342d610
22:28:35.144 DEBUG org.hibernate.type.BasicTypeRegistry.applyRegistrationKeys(420) - Adding type registration materialized_clob -> org.hibernate.type.BasicTypeReference@dc4a691
22:28:35.144 DEBUG org.hibernate.type.BasicTypeRegistry.applyRegistrationKeys(420) - Adding type registration materialized_clob_char_array -> org.hibernate.type.BasicTypeReference@784abd3e
22:28:35.145 DEBUG org.hibernate.type.BasicTypeRegistry.applyRegistrationKeys(420) - Adding type registration materialized_clob_character_array -> org.hibernate.type.BasicTypeReference@36c2b646
22:28:35.145 DEBUG org.hibernate.type.BasicTypeRegistry.applyRegistrationKeys(420) - Adding type registration materialized_nclob -> org.hibernate.type.BasicTypeReference@434514d8
22:28:35.145 DEBUG org.hibernate.type.BasicTypeRegistry.applyRegistrationKeys(420) - Adding type registration materialized_nclob_character_array -> org.hibernate.type.BasicTypeReference@6b1dc20f
22:28:35.146 DEBUG org.hibernate.type.BasicTypeRegistry.applyRegistrationKeys(420) - Adding type registration materialized_nclob_char_array -> org.hibernate.type.BasicTypeReference@4613311f
22:28:35.146 DEBUG org.hibernate.type.BasicTypeRegistry.applyRegistrationKeys(420) - Adding type registration Duration -> org.hibernate.type.BasicTypeReference@6540cf1d
22:28:35.146 DEBUG org.hibernate.type.BasicTypeRegistry.applyRegistrationKeys(420) - Adding type registration java.time.Duration -> org.hibernate.type.BasicTypeReference@6540cf1d
22:28:35.146 DEBUG org.hibernate.type.BasicTypeRegistry.applyRegistrationKeys(420) - Adding type registration LocalDateTime -> org.hibernate.type.BasicTypeReference@ec8f4b9
22:28:35.147 DEBUG org.hibernate.type.BasicTypeRegistry.applyRegistrationKeys(420) - Adding type registration java.time.LocalDateTime -> org.hibernate.type.BasicTypeReference@ec8f4b9
22:28:35.148 DEBUG org.hibernate.type.BasicTypeRegistry.applyRegistrationKeys(420) - Adding type registration LocalDate -> org.hibernate.type.BasicTypeReference@bc042d5
22:28:35.148 DEBUG org.hibernate.type.BasicTypeRegistry.applyRegistrationKeys(420) - Adding type registration java.time.LocalDate -> org.hibernate.type.BasicTypeReference@bc042d5
22:28:35.148 DEBUG org.hibernate.type.BasicTypeRegistry.applyRegistrationKeys(420) - Adding type registration LocalTime -> org.hibernate.type.BasicTypeReference@5484117b
22:28:35.149 DEBUG org.hibernate.type.BasicTypeRegistry.applyRegistrationKeys(420) - Adding type registration java.time.LocalTime -> org.hibernate.type.BasicTypeReference@5484117b
22:28:35.149 DEBUG org.hibernate.type.BasicTypeRegistry.applyRegistrationKeys(420) - Adding type registration OffsetDateTime -> org.hibernate.type.BasicTypeReference@37df14d1
22:28:35.150 DEBUG org.hibernate.type.BasicTypeRegistry.applyRegistrationKeys(420) - Adding type registration java.time.OffsetDateTime -> org.hibernate.type.BasicTypeReference@37df14d1
22:28:35.150 DEBUG org.hibernate.type.BasicTypeRegistry.applyRegistrationKeys(420) - Adding type registration OffsetDateTimeWithTimezone -> org.hibernate.type.BasicTypeReference@7efb53af
22:28:35.150 DEBUG org.hibernate.type.BasicTypeRegistry.applyRegistrationKeys(420) - Adding type registration OffsetDateTimeWithoutTimezone -> org.hibernate.type.BasicTypeReference@7724704f
22:28:35.151 DEBUG org.hibernate.type.BasicTypeRegistry.applyRegistrationKeys(420) - Adding type registration OffsetTime -> org.hibernate.type.BasicTypeReference@3dfa819
22:28:35.151 DEBUG org.hibernate.type.BasicTypeRegistry.applyRegistrationKeys(420) - Adding type registration java.time.OffsetTime -> org.hibernate.type.BasicTypeReference@3dfa819
22:28:35.152 DEBUG org.hibernate.type.BasicTypeRegistry.applyRegistrationKeys(420) - Adding type registration OffsetTimeUtc -> org.hibernate.type.BasicTypeReference@4ce94d2f
22:28:35.152 DEBUG org.hibernate.type.BasicTypeRegistry.applyRegistrationKeys(420) - Adding type registration OffsetTimeWithTimezone -> org.hibernate.type.BasicTypeReference@68ab0936
22:28:35.153 DEBUG org.hibernate.type.BasicTypeRegistry.applyRegistrationKeys(420) - Adding type registration OffsetTimeWithoutTimezone -> org.hibernate.type.BasicTypeReference@3cd9aa64
22:28:35.154 DEBUG org.hibernate.type.BasicTypeRegistry.applyRegistrationKeys(420) - Adding type registration ZonedDateTime -> org.hibernate.type.BasicTypeReference@42b84286
22:28:35.154 DEBUG org.hibernate.type.BasicTypeRegistry.applyRegistrationKeys(420) - Adding type registration java.time.ZonedDateTime -> org.hibernate.type.BasicTypeReference@42b84286
22:28:35.155 DEBUG org.hibernate.type.BasicTypeRegistry.applyRegistrationKeys(420) - Adding type registration ZonedDateTimeWithTimezone -> org.hibernate.type.BasicTypeReference@443effcb
22:28:35.155 DEBUG org.hibernate.type.BasicTypeRegistry.applyRegistrationKeys(420) - Adding type registration ZonedDateTimeWithoutTimezone -> org.hibernate.type.BasicTypeReference@74ecacc3
22:28:35.155 DEBUG org.hibernate.type.BasicTypeRegistry.applyRegistrationKeys(420) - Adding type registration date -> org.hibernate.type.BasicTypeReference@517a2b0
22:28:35.156 DEBUG org.hibernate.type.BasicTypeRegistry.applyRegistrationKeys(420) - Adding type registration java.sql.Date -> org.hibernate.type.BasicTypeReference@517a2b0
22:28:35.157 DEBUG org.hibernate.type.BasicTypeRegistry.applyRegistrationKeys(420) - Adding type registration time -> org.hibernate.type.BasicTypeReference@53b7ce6
22:28:35.158 DEBUG org.hibernate.type.BasicTypeRegistry.applyRegistrationKeys(420) - Adding type registration java.sql.Time -> org.hibernate.type.BasicTypeReference@53b7ce6
22:28:35.158 DEBUG org.hibernate.type.BasicTypeRegistry.applyRegistrationKeys(420) - Adding type registration timestamp -> org.hibernate.type.BasicTypeReference@36480b2d
22:28:35.159 DEBUG org.hibernate.type.BasicTypeRegistry.applyRegistrationKeys(420) - Adding type registration java.sql.Timestamp -> org.hibernate.type.BasicTypeReference@36480b2d
22:28:35.159 DEBUG org.hibernate.type.BasicTypeRegistry.applyRegistrationKeys(420) - Adding type registration java.util.Date -> org.hibernate.type.BasicTypeReference@36480b2d
22:28:35.160 DEBUG org.hibernate.type.BasicTypeRegistry.applyRegistrationKeys(420) - Adding type registration calendar -> org.hibernate.type.BasicTypeReference@27d33393
22:28:35.160 DEBUG org.hibernate.type.BasicTypeRegistry.applyRegistrationKeys(420) - Adding type registration java.util.Calendar -> org.hibernate.type.BasicTypeReference@27d33393
22:28:35.161 DEBUG org.hibernate.type.BasicTypeRegistry.applyRegistrationKeys(420) - Adding type registration java.util.GregorianCalendar -> org.hibernate.type.BasicTypeReference@27d33393
22:28:35.161 DEBUG org.hibernate.type.BasicTypeRegistry.applyRegistrationKeys(420) - Adding type registration calendar_date -> org.hibernate.type.BasicTypeReference@1f6917fb
22:28:35.162 DEBUG org.hibernate.type.BasicTypeRegistry.applyRegistrationKeys(420) - Adding type registration calendar_time -> org.hibernate.type.BasicTypeReference@41eb94bc
22:28:35.162 DEBUG org.hibernate.type.BasicTypeRegistry.applyRegistrationKeys(420) - Adding type registration instant -> org.hibernate.type.BasicTypeReference@378cfecf
22:28:35.162 DEBUG org.hibernate.type.BasicTypeRegistry.applyRegistrationKeys(420) - Adding type registration java.time.Instant -> org.hibernate.type.BasicTypeReference@378cfecf
22:28:35.163 DEBUG org.hibernate.type.BasicTypeRegistry.applyRegistrationKeys(420) - Adding type registration uuid -> org.hibernate.type.BasicTypeReference@97d0c06
22:28:35.163 DEBUG org.hibernate.type.BasicTypeRegistry.applyRegistrationKeys(420) - Adding type registration java.util.UUID -> org.hibernate.type.BasicTypeReference@97d0c06
22:28:35.164 DEBUG org.hibernate.type.BasicTypeRegistry.applyRegistrationKeys(420) - Adding type registration pg-uuid -> org.hibernate.type.BasicTypeReference@97d0c06
22:28:35.164 DEBUG org.hibernate.type.BasicTypeRegistry.applyRegistrationKeys(420) - Adding type registration uuid-binary -> org.hibernate.type.BasicTypeReference@5e7c141d
22:28:35.164 DEBUG org.hibernate.type.BasicTypeRegistry.applyRegistrationKeys(420) - Adding type registration uuid-char -> org.hibernate.type.BasicTypeReference@43af351a
22:28:35.165 DEBUG org.hibernate.type.BasicTypeRegistry.applyRegistrationKeys(420) - Adding type registration class -> org.hibernate.type.BasicTypeReference@1305c126
22:28:35.165 DEBUG org.hibernate.type.BasicTypeRegistry.applyRegistrationKeys(420) - Adding type registration java.lang.Class -> org.hibernate.type.BasicTypeReference@1305c126
22:28:35.166 DEBUG org.hibernate.type.BasicTypeRegistry.applyRegistrationKeys(420) - Adding type registration currency -> org.hibernate.type.BasicTypeReference@72f9f27c
22:28:35.166 DEBUG org.hibernate.type.BasicTypeRegistry.applyRegistrationKeys(420) - Adding type registration Currency -> org.hibernate.type.BasicTypeReference@72f9f27c
22:28:35.166 DEBUG org.hibernate.type.BasicTypeRegistry.applyRegistrationKeys(420) - Adding type registration java.util.Currency -> org.hibernate.type.BasicTypeReference@72f9f27c
22:28:35.167 DEBUG org.hibernate.type.BasicTypeRegistry.applyRegistrationKeys(420) - Adding type registration locale -> org.hibernate.type.BasicTypeReference@4c1bdcc2
22:28:35.167 DEBUG org.hibernate.type.BasicTypeRegistry.applyRegistrationKeys(420) - Adding type registration java.util.Locale -> org.hibernate.type.BasicTypeReference@4c1bdcc2
22:28:35.167 DEBUG org.hibernate.type.BasicTypeRegistry.applyRegistrationKeys(420) - Adding type registration serializable -> org.hibernate.type.BasicTypeReference@762637be
22:28:35.168 DEBUG org.hibernate.type.BasicTypeRegistry.applyRegistrationKeys(420) - Adding type registration java.io.Serializable -> org.hibernate.type.BasicTypeReference@762637be
22:28:35.168 DEBUG org.hibernate.type.BasicTypeRegistry.applyRegistrationKeys(420) - Adding type registration timezone -> org.hibernate.type.BasicTypeReference@4b97c4ad
22:28:35.168 DEBUG org.hibernate.type.BasicTypeRegistry.applyRegistrationKeys(420) - Adding type registration java.util.TimeZone -> org.hibernate.type.BasicTypeReference@4b97c4ad
22:28:35.169 DEBUG org.hibernate.type.BasicTypeRegistry.applyRegistrationKeys(420) - Adding type registration ZoneOffset -> org.hibernate.type.BasicTypeReference@7640a5b1
22:28:35.169 DEBUG org.hibernate.type.BasicTypeRegistry.applyRegistrationKeys(420) - Adding type registration java.time.ZoneOffset -> org.hibernate.type.BasicTypeReference@7640a5b1
22:28:35.170 DEBUG org.hibernate.type.BasicTypeRegistry.applyRegistrationKeys(420) - Adding type registration url -> org.hibernate.type.BasicTypeReference@642f9a77
22:28:35.170 DEBUG org.hibernate.type.BasicTypeRegistry.applyRegistrationKeys(420) - Adding type registration java.net.URL -> org.hibernate.type.BasicTypeReference@642f9a77
22:28:35.170 DEBUG org.hibernate.type.BasicTypeRegistry.applyRegistrationKeys(420) - Adding type registration vector -> org.hibernate.type.BasicTypeReference@23f3da8b
22:28:35.171 DEBUG org.hibernate.type.BasicTypeRegistry.applyRegistrationKeys(420) - Adding type registration float_vector -> org.hibernate.type.BasicTypeReference@5634d0f4
22:28:35.171 DEBUG org.hibernate.type.BasicTypeRegistry.applyRegistrationKeys(420) - Adding type registration double_vector -> org.hibernate.type.BasicTypeReference@252a8aae
22:28:35.172 DEBUG org.hibernate.type.BasicTypeRegistry.applyRegistrationKeys(420) - Adding type registration byte_vector -> org.hibernate.type.BasicTypeReference@3d4e405e
22:28:35.172 DEBUG org.hibernate.type.BasicTypeRegistry.applyRegistrationKeys(420) - Adding type registration row_version -> org.hibernate.type.BasicTypeReference@54e2fe
22:28:35.186 DEBUG org.hibernate.type.BasicTypeRegistry.applyRegistrationKeys(395) - Adding type registration object -> org.hibernate.type.JavaObjectType@671d1157
22:28:35.186 DEBUG org.hibernate.type.BasicTypeRegistry.applyRegistrationKeys(395) - Adding type registration java.lang.Object -> org.hibernate.type.JavaObjectType@671d1157
22:28:35.190 DEBUG org.hibernate.type.BasicTypeRegistry.applyRegistrationKeys(395) - Adding type registration null -> org.hibernate.type.NullType@16727bf0
22:28:35.190 DEBUG org.hibernate.type.BasicTypeRegistry.applyRegistrationKeys(420) - Adding type registration imm_date -> org.hibernate.type.BasicTypeReference@2f84acf7
22:28:35.191 DEBUG org.hibernate.type.BasicTypeRegistry.applyRegistrationKeys(420) - Adding type registration imm_time -> org.hibernate.type.BasicTypeReference@291373d3
22:28:35.191 DEBUG org.hibernate.type.BasicTypeRegistry.applyRegistrationKeys(420) - Adding type registration imm_timestamp -> org.hibernate.type.BasicTypeReference@372ca2d6
22:28:35.192 DEBUG org.hibernate.type.BasicTypeRegistry.applyRegistrationKeys(420) - Adding type registration imm_calendar -> org.hibernate.type.BasicTypeReference@3204e238
22:28:35.192 DEBUG org.hibernate.type.BasicTypeRegistry.applyRegistrationKeys(420) - Adding type registration imm_calendar_date -> org.hibernate.type.BasicTypeReference@38ed139b
22:28:35.193 DEBUG org.hibernate.type.BasicTypeRegistry.applyRegistrationKeys(420) - Adding type registration imm_calendar_time -> org.hibernate.type.BasicTypeReference@a5272be
22:28:35.193 DEBUG org.hibernate.type.BasicTypeRegistry.applyRegistrationKeys(420) - Adding type registration imm_binary -> org.hibernate.type.BasicTypeReference@58ba5b30
22:28:35.193 DEBUG org.hibernate.type.BasicTypeRegistry.applyRegistrationKeys(420) - Adding type registration imm_serializable -> org.hibernate.type.BasicTypeReference@4dba773d
22:28:35.206 DEBUG org.hibernate.boot.internal.BootstrapContextImpl.injectScanEnvironment(301) - Injecting ScanEnvironment [org.hibernate.jpa.boot.internal.StandardJpaScanEnvironmentImpl@3a66e67e] into BootstrapContext; was [null]
22:28:35.206 DEBUG org.hibernate.boot.internal.BootstrapContextImpl.injectScanOptions(296) - Injecting ScanOptions [org.hibernate.boot.archive.scan.internal.StandardScanOptions@75d4a80f] into BootstrapContext; was [org.hibernate.boot.archive.scan.internal.StandardScanOptions@4596f8f3]
22:28:35.248 DEBUG org.hibernate.boot.internal.BootstrapContextImpl.injectJpaTempClassLoader(291) - Injecting JPA temp ClassLoader [null] into BootstrapContext; was [null]
22:28:35.248 DEBUG org.hibernate.boot.internal.ClassLoaderAccessImpl.injectTempClassLoader(45) - ClassLoaderAccessImpl#injectTempClassLoader(null) [was null]
22:28:35.293 WARN  org.hibernate.orm.connections.pooling.configure(86) - HHH10001002: Using built-in connection pool (not intended for production use)
22:28:35.302 DEBUG org.hibernate.orm.connections.pooling.debugf(383) - Initializing Connection pool with 1 Connections
22:28:35.652 DEBUG org.hibernate.engine.jdbc.env.internal.JdbcEnvironmentInitiator.logDatabaseAndDriver(397) - Database ->
	   name : PostgreSQL
	version : 17.5 (Debian 17.5-1.pgdg120+1)
	  major : 17
	  minor : 5
22:28:35.652 DEBUG org.hibernate.engine.jdbc.env.internal.JdbcEnvironmentInitiator.logDatabaseAndDriver(408) - Driver ->
	   name : PostgreSQL JDBC Driver
	version : 42.7.3
	  major : 42
	  minor : 7
22:28:35.652 DEBUG org.hibernate.engine.jdbc.env.internal.JdbcEnvironmentInitiator.debugf(388) - JDBC version : 4.2
22:28:35.737 DEBUG org.hibernate.orm.dialect.logSelectedDialect(94) - HHH035001: Using dialect: org.hibernate.dialect.PostgreSQLDialect, version: 17.5
22:28:35.742 DEBUG org.hibernate.engine.jdbc.env.spi.IdentifierHelperBuilder.applyIdentifierCasing(116) - JDBC driver metadata reported database stores quoted identifiers in neither upper, lower nor mixed case
22:28:35.763 DEBUG org.hibernate.orm.jdbc.lob.getSupportedContextualLobTypes(61) - HHH10010004: Disabling contextual LOB creation as Dialect reported it is not supported
22:28:35.768 INFO  org.hibernate.orm.connections.pooling.initiateService(157) - HHH10001005: Database info:
	Database JDBC URL [jdbc:postgresql://localhost:5432/lib]
	Database driver: org.postgresql.Driver
	Database version: 17.5
	Autocommit mode: false
	Isolation level: undefined/unknown
	Minimum pool size: 1
	Maximum pool size: 20
22:28:35.784 DEBUG org.hibernate.type.descriptor.sql.spi.DdlTypeRegistry.addDescriptor(64) - addDescriptor(2003, org.hibernate.type.descriptor.sql.internal.ArrayDdlTypeImpl@6ebc9573) replaced previous registration(org.hibernate.type.descriptor.sql.internal.ArrayDdlTypeImpl@1e977098)
22:28:35.784 DEBUG org.hibernate.type.descriptor.sql.spi.DdlTypeRegistry.addDescriptor(64) - addDescriptor(6, org.hibernate.type.descriptor.sql.internal.CapacityDependentDdlType@630390b9) replaced previous registration(org.hibernate.type.descriptor.sql.internal.DdlTypeImpl@6690b9fa)
22:28:35.788 DEBUG org.hibernate.type.descriptor.jdbc.spi.JdbcTypeRegistry.addDescriptor(83) - addDescriptor(2004, BlobTypeDescriptor(BLOB_BINDING)) replaced previous registration(BlobTypeDescriptor(DEFAULT))
22:28:35.789 DEBUG org.hibernate.type.descriptor.jdbc.spi.JdbcTypeRegistry.addDescriptor(83) - addDescriptor(2005, ClobTypeDescriptor(CLOB_BINDING)) replaced previous registration(ClobTypeDescriptor(DEFAULT))
22:28:35.806 DEBUG org.hibernate.type.BasicTypeRegistry.applyRegistrationKeys(395) - Adding type registration JAVA_OBJECT -> org.hibernate.type.JavaObjectType@7209ffb5
22:28:35.807 DEBUG org.hibernate.type.BasicTypeRegistry.applyRegistrationKeys(395) - Adding type registration java.lang.Object -> org.hibernate.type.JavaObjectType@7209ffb5
22:28:35.807 DEBUG org.hibernate.type.BasicTypeRegistry.applyRegistrationKeys(399) - Type registration key [java.lang.Object] overrode previous entry : `org.hibernate.type.JavaObjectType@671d1157`
22:28:35.815 DEBUG org.hibernate.type.BasicTypeRegistry.applyRegistrationKeys(395) - Adding type registration org.hibernate.type.DurationType -> basicType@1(java.time.Duration,3015)
22:28:35.815 DEBUG org.hibernate.type.BasicTypeRegistry.applyRegistrationKeys(395) - Adding type registration Duration -> basicType@1(java.time.Duration,3015)
22:28:35.815 DEBUG org.hibernate.type.BasicTypeRegistry.applyRegistrationKeys(395) - Adding type registration java.time.Duration -> basicType@1(java.time.Duration,3015)
22:28:35.820 DEBUG org.hibernate.type.BasicTypeRegistry.applyRegistrationKeys(395) - Adding type registration org.hibernate.type.OffsetDateTimeType -> basicType@2(java.time.OffsetDateTime,3003)
22:28:35.821 DEBUG org.hibernate.type.BasicTypeRegistry.applyRegistrationKeys(395) - Adding type registration OffsetDateTime -> basicType@2(java.time.OffsetDateTime,3003)
22:28:35.821 DEBUG org.hibernate.type.BasicTypeRegistry.applyRegistrationKeys(395) - Adding type registration java.time.OffsetDateTime -> basicType@2(java.time.OffsetDateTime,3003)
22:28:35.821 DEBUG org.hibernate.type.BasicTypeRegistry.applyRegistrationKeys(395) - Adding type registration org.hibernate.type.ZonedDateTimeType -> basicType@3(java.time.ZonedDateTime,3003)
22:28:35.821 DEBUG org.hibernate.type.BasicTypeRegistry.applyRegistrationKeys(395) - Adding type registration ZonedDateTime -> basicType@3(java.time.ZonedDateTime,3003)
22:28:35.821 DEBUG org.hibernate.type.BasicTypeRegistry.applyRegistrationKeys(395) - Adding type registration java.time.ZonedDateTime -> basicType@3(java.time.ZonedDateTime,3003)
22:28:35.822 DEBUG org.hibernate.type.BasicTypeRegistry.applyRegistrationKeys(395) - Adding type registration org.hibernate.type.OffsetTimeType -> basicType@4(java.time.OffsetTime,3007)
22:28:35.822 DEBUG org.hibernate.type.BasicTypeRegistry.applyRegistrationKeys(395) - Adding type registration OffsetTime -> basicType@4(java.time.OffsetTime,3007)
22:28:35.823 DEBUG org.hibernate.type.BasicTypeRegistry.applyRegistrationKeys(395) - Adding type registration java.time.OffsetTime -> basicType@4(java.time.OffsetTime,3007)
22:28:35.825 DEBUG org.hibernate.type.spi.TypeConfiguration$Scope.scope(197) - Scoping TypeConfiguration [org.hibernate.type.spi.TypeConfiguration@40de8f93] to MetadataBuildingContext [org.hibernate.boot.internal.MetadataBuildingContextRootImpl@6ff0b1cc]
22:28:35.873 DEBUG org.hibernate.boot.model.relational.Namespace.<init>(72) - Created database namespace [logicalName=Name{catalog=null, schema=null}, physicalName=Name{catalog=null, schema=null}]
22:28:35.909 INFO  org.hibernate.orm.beans.resolveBeanContainer(76) - HHH10005002: No explicit CDI BeanManager reference was passed to Hibernate, but CDI is available on the Hibernate ClassLoader.
22:28:35.921 DEBUG org.hibernate.boot.model.internal.EntityBinder.bindEntityClass(225) - Binding entity from annotated class: de.ruu.lib.jpa.se.hibernate.postgres.demo.SimpleTypeEntity
22:28:35.932 DEBUG org.hibernate.boot.model.internal.EntityBinder.registerImportName(1364) - Import with entity name SimpleTypeEntity
22:28:35.940 DEBUG org.hibernate.boot.model.relational.Namespace.<init>(72) - Created database namespace [logicalName=Name{catalog=null, schema=lib_test}, physicalName=Name{catalog=null, schema=lib_test}]
22:28:35.946 DEBUG org.hibernate.boot.model.internal.EntityBinder.bindTable(1908) - Bind entity de.ruu.lib.jpa.se.hibernate.postgres.demo.SimpleTypeEntity on table simple_type
22:28:35.964 DEBUG org.hibernate.boot.model.internal.AnnotatedColumn.bind(268) - Binding column: AnnotatedDiscriminatorColumn(column='DTYPE')
22:28:35.992 DEBUG org.hibernate.boot.model.internal.AnnotatedColumn.bind(268) - Binding column: AnnotatedColumn()
22:28:35.993 DEBUG org.hibernate.boot.internal.ClassLoaderAccessImpl.classForName(60) - Not known whether passed class name [de.ruu.lib.jpa.se.hibernate.postgres.demo.SimpleTypeEntity] is safe
22:28:35.993 DEBUG org.hibernate.boot.internal.ClassLoaderAccessImpl.classForName(62) - No temp ClassLoader provided; using live ClassLoader for loading potentially unsafe class : de.ruu.lib.jpa.se.hibernate.postgres.demo.SimpleTypeEntity
22:28:36.000 DEBUG org.hibernate.boot.model.internal.PropertyBinder.makePropertyAndValue(262) - MetadataSourceProcessor property id with lazy=false
22:28:36.009 DEBUG org.hibernate.boot.model.internal.AbstractPropertyHolder.resolveAttributeConverterDescriptor(106) - Attempting to locate auto-apply AttributeConverter for property [de.ruu.lib.jpa.se.hibernate.postgres.demo.SimpleTypeEntity:id]
22:28:36.013 DEBUG org.hibernate.boot.model.internal.BasicValueBinder.make(1219) - building BasicValue for id
22:28:36.018 DEBUG org.hibernate.mapping.BasicValue.checkSelectable(300) - Skipping column re-registration: simple_type.id
22:28:36.020 DEBUG org.hibernate.boot.model.internal.PropertyBinder.makeProperty(415) - Building property id
22:28:36.025 DEBUG org.hibernate.boot.model.internal.BinderHelper.makeIdGenerator(80) - #makeIdGenerator(BasicValue([Column(id)]), id, org.hibernate.id.enhanced.SequenceStyleGenerator, , ...)
22:28:36.029 DEBUG org.hibernate.boot.model.internal.AnnotatedColumn.bind(268) - Binding column: AnnotatedColumn()
22:28:36.029 DEBUG org.hibernate.boot.model.internal.PropertyBinder.makePropertyAndValue(262) - MetadataSourceProcessor property version with lazy=false
22:28:36.030 DEBUG org.hibernate.boot.model.internal.AbstractPropertyHolder.resolveAttributeConverterDescriptor(106) - Attempting to locate auto-apply AttributeConverter for property [de.ruu.lib.jpa.se.hibernate.postgres.demo.SimpleTypeEntity:version]
22:28:36.030 DEBUG org.hibernate.boot.model.internal.BasicValueBinder.make(1219) - building BasicValue for version
22:28:36.030 DEBUG org.hibernate.mapping.BasicValue.checkSelectable(300) - Skipping column re-registration: simple_type.version
22:28:36.030 DEBUG org.hibernate.boot.model.internal.PropertyBinder.makeProperty(415) - Building property version
22:28:36.032 DEBUG org.hibernate.boot.model.internal.AnnotatedColumn.bind(268) - Binding column: AnnotatedColumn()
22:28:36.032 DEBUG org.hibernate.boot.model.internal.PropertyBinder.makePropertyAndValue(262) - MetadataSourceProcessor property name with lazy=false
22:28:36.032 DEBUG org.hibernate.boot.model.internal.AbstractPropertyHolder.resolveAttributeConverterDescriptor(106) - Attempting to locate auto-apply AttributeConverter for property [de.ruu.lib.jpa.se.hibernate.postgres.demo.SimpleTypeEntity:name]
22:28:36.033 DEBUG org.hibernate.boot.model.internal.BasicValueBinder.make(1219) - building BasicValue for name
22:28:36.034 DEBUG org.hibernate.mapping.BasicValue.checkSelectable(300) - Skipping column re-registration: simple_type.name
22:28:36.034 DEBUG org.hibernate.boot.model.internal.PropertyBinder.makeProperty(415) - Building property name
22:28:36.035 DEBUG org.hibernate.boot.registry.classloading.internal.ClassLoaderServiceImpl.packageForNameOrNull(261) - HHH000194: Package not found or no package-info.java: de.ruu.lib.jpa.se.hibernate.postgres.demo
22:28:36.045 DEBUG org.hibernate.boot.model.internal.BasicValueBinder.fillSimpleValue(1302) - Starting `BasicValueBinder#fillSimpleValue` for id
22:28:36.047 DEBUG org.hibernate.boot.model.internal.BasicValueBinder.fillSimpleValue(1302) - Starting `BasicValueBinder#fillSimpleValue` for version
22:28:36.047 DEBUG org.hibernate.boot.model.internal.BasicValueBinder.fillSimpleValue(1302) - Starting `BasicValueBinder#fillSimpleValue` for name
22:28:36.056 DEBUG org.hibernate.mapping.PrimaryKey.addColumn(41) - Forcing column [id] to be non-null as it is part of the primary key for table [simple_type]
22:28:36.593 DEBUG org.hibernate.internal.SessionFactoryImpl.<init>(222) - Building session factory
22:28:36.673 DEBUG org.hibernate.service.internal.SessionFactoryServiceRegistryImpl.getService(105) - EventListenerRegistry access via ServiceRegistry is deprecated.  Use `sessionFactory.getEventEngine().getListenerRegistry()` instead
22:28:36.674 DEBUG org.hibernate.internal.SessionFactoryImpl.<init>(240) - Instantiating SessionFactory with settings: {persistence.unit.properties={}, hibernate.format_sql=true, java.specification.version=24, sun.cpu.isalist=amd64, sun.jnu.encoding=Cp1252, persistence.unit.mapping.file.names=[], sun.arch.data.model=64, java.vendor.url=https://java.oracle.com/, javax.persistence.jdbc.user=****, javax.persistence.jdbc.url=jdbc:postgresql://localhost:5432/lib, jakarta.persistence.jdbc.password=****, hibernate.jdbc.batch_size=0, sun.boot.library.path=C:\software\develop\java\jdk\bin, sun.java.command=C:\Users\r-uu\AppData\Local\Temp\surefire14687933195052639223\surefirebooter-20250930222831199_95.jar C:\Users\r-uu\AppData\Local\Temp\surefire14687933195052639223 2025-09-30T22-23-22_052-jvmRun1 surefire-20250930222831199_93tmp surefire_17-20250930222831199_94tmp, jdk.debug=release, java.specification.vendor=Oracle Corporation, java.version.date=2025-07-15, java.home=C:\software\develop\java\jdk, file.separator=\, basedir=C:\Users\r-uu\develop\github\codespace\r-uu\lib\jpa\se.hibernate.postgres.demo, java.vm.compressedOopsMode=Zero based, line.separator=
, hibernate.persistenceUnitName=lib_test, persistence.unit.class.loader=jdk.internal.loader.ClassLoaders$AppClassLoader@18b4aac2, java.vm.specification.vendor=Oracle Corporation, java.specification.name=Java Platform API Specification, hibernate.transaction.coordinator_class=class org.hibernate.resource.transaction.backend.jdbc.internal.JdbcResourceLocalTransactionCoordinatorBuilderImpl, persistence.unit.transaction.type=RESOURCE_LOCAL, persistence.unit.jar.file.urls=[], hibernate.hbm2ddl.auto=create, user.script=, sun.management.compiler=HotSpot 64-Bit Tiered Compilers, persistence.unit.jta.data.source=org.postgresql.ds.PGSimpleDataSource@7a8136b3, java.runtime.version=24.0.2+11-jvmci-b01, persistence.unit.persistence.provider.class.name=org.hibernate.jpa.HibernatePersistenceProvider, hibernate.cache.use_structured_entries=false, user.name=r-uu, persistence.unit.persistence.unit.name=lib_test, file.encoding=UTF-8, java.vendor.version=Oracle GraalVM 24.0.2+11.1, persistence.unit.managed.class.names=[de.ruu.lib.jpa.se.hibernate.postgres.demo.SimpleTypeEntity], localRepository=C:\Users\r-uu\.m2\repository, hibernate.connection.driver_class=org.postgresql.Driver, java.io.tmpdir=C:\Users\r-uu\AppData\Local\Temp\, java.version=24.0.2, java.vm.specification.name=Java Virtual Machine Specification, persistence.unit.persistence.xml.schema.version=3.2, sun.os.patch.level=, native.encoding=Cp1252, hibernate.cache.use_second_level_cache=false, java.library.path=C:\software\develop\java\jdk\bin;C:\WINDOWS\Sun\Java\bin;C:\WINDOWS\system32;C:\WINDOWS;C:\WINDOWS\system32;C:\WINDOWS;C:\WINDOWS\System32\Wbem;C:\WINDOWS\System32\WindowsPowerShell\v1.0\;C:\WINDOWS\System32\OpenSSH\;C:\Program Files\Graphviz\bin;C:\Program Files\PuTTY\;C:\Program Files\Docker\Docker\resources\bin;C:\Program Files\Git\cmd;C:\Users\r-uu\AppData\Local\Programs\Python\Python310\Scripts\;C:\Users\r-uu\AppData\Local\Programs\Python\Python310\;C:\Users\r-uu\AppData\Local\Microsoft\WindowsApps;C:\Users\r-uu\AppData\Local\Programs\Microsoft VS Code\bin;C:\Users\r-uu\AppData\Local\GitHubDesktop\bin;C:\software\develop\build\maven\bin;C:\software\develop\java\jdk\bin;C:\Users\r-uu\AppData\Local\JetBrains\Toolbox\scripts;;C:\Users\r-uu\AppData\Roaming\Programs\Zero Install;%USERPROFILE%\AppData\Local\Microsoft\WindowsApps;., stderr.encoding=Cp1252, java.vendor=Oracle Corporation, sun.io.unicode.encoding=UnicodeLittle, java.class.path=C:\Users\r-uu\develop\github\codespace\r-uu\lib\jpa\se.hibernate.postgres.demo\target\test-classes;C:\Users\r-uu\develop\github\codespace\r-uu\lib\jpa\se.hibernate.postgres.demo\target\classes;C:\Users\r-uu\.m2\repository\jakarta\json\jakarta.json-api\2.1.2\jakarta.json-api-2.1.2.jar;C:\Users\r-uu\.m2\repository\org\projectlombok\lombok\1.18.38\lombok-1.18.38.jar;C:\Users\r-uu\develop\github\codespace\r-uu\lib\cdi\common\target\r-uu.codespace.lib.cdi.common-0.0.1.jar;C:\Users\r-uu\.m2\repository\jakarta\enterprise\jakarta.enterprise.cdi-api\4.1.0\jakarta.enterprise.cdi-api-4.1.0.jar;C:\Users\r-uu\.m2\repository\jakarta\enterprise\jakarta.enterprise.lang-model\4.1.0\jakarta.enterprise.lang-model-4.1.0.jar;C:\Users\r-uu\.m2\repository\org\apache\logging\log4j\log4j-slf4j2-impl\2.24.1\log4j-slf4j2-impl-2.24.1.jar;C:\Users\r-uu\.m2\repository\org\apache\logging\log4j\log4j-api\2.24.1\log4j-api-2.24.1.jar;C:\Users\r-uu\.m2\repository\org\apache\logging\log4j\log4j-core\2.24.1\log4j-core-2.24.1.jar;C:\Users\r-uu\develop\github\codespace\r-uu\lib\cdi\se\target\r-uu.codespace.lib.cdi.se-0.0.1.jar;C:\Users\r-uu\.m2\repository\jakarta\el\jakarta.el-api\6.0.1\jakarta.el-api-6.0.1.jar;C:\Users\r-uu\.m2\repository\jakarta\inject\jakarta.inject-api\2.0.1\jakarta.inject-api-2.0.1.jar;C:\Users\r-uu\.m2\repository\jakarta\interceptor\jakarta.interceptor-api\2.2.0\jakarta.interceptor-api-2.2.0.jar;C:\Users\r-uu\develop\github\codespace\r-uu\lib\jpa\se\target\r-uu.codespace.lib.jpa.se-0.0.1.jar;C:\Users\r-uu\.m2\repository\jakarta\persistence\jakarta.persistence-api\3.2.0\jakarta.persistence-api-3.2.0.jar;C:\Users\r-uu\develop\github\codespace\r-uu\lib\jpa\core\target\r-uu.codespace.lib.jpa.core-0.0.1.jar;C:\Users\r-uu\.m2\repository\com\fasterxml\jackson\core\jackson-annotations\2.18.3\jackson-annotations-2.18.3.jar;C:\Users\r-uu\.m2\repository\jakarta\annotation\jakarta.annotation-api\3.0.0\jakarta.annotation-api-3.0.0.jar;C:\Users\r-uu\.m2\repository\jakarta\json\bind\jakarta.json.bind-api\3.0.0\jakarta.json.bind-api-3.0.0.jar;C:\Users\r-uu\.m2\repository\org\eclipse\yasson\3.0.4\yasson-3.0.4.jar;C:\Users\r-uu\.m2\repository\org\eclipse\parsson\parsson\1.1.7\parsson-1.1.7.jar;C:\Users\r-uu\develop\github\codespace\r-uu\lib\util\target\r-uu.codespace.lib.util-0.0.1.jar;C:\Users\r-uu\.m2\repository\jakarta\ws\rs\jakarta.ws.rs-api\3.1.0\jakarta.ws.rs-api-3.1.0.jar;C:\Users\r-uu\develop\github\codespace\r-uu\lib\jpa\se.hibernate.postgres\target\r-uu.codespace.lib.jpa.se.hibernate.postgres-0.0.1.jar;C:\Users\r-uu\develop\github\codespace\r-uu\lib\jdbc\core\target\r-uu.codespace.lib.jdbc.core-0.0.1.jar;C:\Users\r-uu\develop\github\codespace\r-uu\lib\jdbc\postgres\target\r-uu.codespace.lib.jdbc.postgres-0.0.1.jar;C:\Users\r-uu\.m2\repository\org\postgresql\postgresql\42.7.3\postgresql-42.7.3.jar;C:\Users\r-uu\.m2\repository\org\checkerframework\checker-qual\3.42.0\checker-qual-3.42.0.jar;C:\Users\r-uu\develop\github\codespace\r-uu\lib\jpa\se.hibernate\target\r-uu.codespace.lib.jpa.se.hibernate-0.0.1.jar;C:\Users\r-uu\.m2\repository\jakarta\xml\bind\jakarta.xml.bind-api\4.0.1\jakarta.xml.bind-api-4.0.1.jar;C:\Users\r-uu\.m2\repository\jakarta\activation\jakarta.activation-api\2.1.2\jakarta.activation-api-2.1.2.jar;C:\Users\r-uu\.m2\repository\org\hibernate\orm\hibernate-core\6.6.4.Final\hibernate-core-6.6.4.Final.jar;C:\Users\r-uu\.m2\repository\jakarta\transaction\jakarta.transaction-api\2.0.1\jakarta.transaction-api-2.0.1.jar;C:\Users\r-uu\.m2\repository\org\hibernate\common\hibernate-commons-annotations\6.0.6.Final\hibernate-commons-annotations-6.0.6.Final.jar;C:\Users\r-uu\.m2\repository\com\fasterxml\classmate\1.5.1\classmate-1.5.1.jar;C:\Users\r-uu\.m2\repository\net\bytebuddy\byte-buddy\1.14.18\byte-buddy-1.14.18.jar;C:\Users\r-uu\.m2\repository\org\glassfish\jaxb\jaxb-runtime\4.0.2\jaxb-runtime-4.0.2.jar;C:\Users\r-uu\.m2\repository\org\glassfish\jaxb\jaxb-core\4.0.2\jaxb-core-4.0.2.jar;C:\Users\r-uu\.m2\repository\org\eclipse\angus\angus-activation\2.0.0\angus-activation-2.0.0.jar;C:\Users\r-uu\.m2\repository\org\glassfish\jaxb\txw2\4.0.2\txw2-4.0.2.jar;C:\Users\r-uu\.m2\repository\com\sun\istack\istack-commons-runtime\4.1.1\istack-commons-runtime-4.1.1.jar;C:\Users\r-uu\.m2\repository\org\antlr\antlr4-runtime\4.13.0\antlr4-runtime-4.13.0.jar;C:\Users\r-uu\.m2\repository\io\smallrye\jandex\3.2.2\jandex-3.2.2.jar;C:\Users\r-uu\.m2\repository\io\smallrye\config\smallrye-config\3.11.1\smallrye-config-3.11.1.jar;C:\Users\r-uu\.m2\repository\io\smallrye\config\smallrye-config-core\3.11.1\smallrye-config-core-3.11.1.jar;C:\Users\r-uu\.m2\repository\io\smallrye\common\smallrye-common-annotation\2.9.0\smallrye-common-annotation-2.9.0.jar;C:\Users\r-uu\.m2\repository\io\smallrye\common\smallrye-common-expression\2.9.0\smallrye-common-expression-2.9.0.jar;C:\Users\r-uu\.m2\repository\io\smallrye\common\smallrye-common-function\2.9.0\smallrye-common-function-2.9.0.jar;C:\Users\r-uu\.m2\repository\io\smallrye\common\smallrye-common-constraint\2.9.0\smallrye-common-constraint-2.9.0.jar;C:\Users\r-uu\.m2\repository\io\smallrye\common\smallrye-common-classloader\2.9.0\smallrye-common-classloader-2.9.0.jar;C:\Users\r-uu\.m2\repository\org\ow2\asm\asm\9.7.1\asm-9.7.1.jar;C:\Users\r-uu\.m2\repository\io\smallrye\config\smallrye-config-common\3.11.1\smallrye-config-common-3.11.1.jar;C:\Users\r-uu\.m2\repository\org\jboss\logging\jboss-logging\3.6.1.Final\jboss-logging-3.6.1.Final.jar;C:\Users\r-uu\.m2\repository\org\eclipse\microprofile\config\microprofile-config-api\3.1\microprofile-config-api-3.1.jar;C:\Users\r-uu\develop\github\codespace\r-uu\lib\junit\target\r-uu.codespace.lib.junit-0.0.1.jar;C:\Users\r-uu\.m2\repository\org\slf4j\slf4j-api\2.0.16\slf4j-api-2.0.16.jar;C:\Users\r-uu\.m2\repository\org\junit\jupiter\junit-jupiter-api\5.10.2\junit-jupiter-api-5.10.2.jar;C:\Users\r-uu\.m2\repository\org\opentest4j\opentest4j\1.3.0\opentest4j-1.3.0.jar;C:\Users\r-uu\.m2\repository\org\apiguardian\apiguardian-api\1.1.2\apiguardian-api-1.1.2.jar;C:\Users\r-uu\.m2\repository\org\junit\platform\junit-platform-commons\1.10.2\junit-platform-commons-1.10.2.jar;C:\Users\r-uu\.m2\repository\org\hamcrest\hamcrest\2.2\hamcrest-2.2.jar;C:\Users\r-uu\.m2\repository\org\jboss\weld\se\weld-se-shaded\5.1.2.Final\weld-se-shaded-5.1.2.Final.jar;, java.vm.vendor=Oracle Corporation, user.variant=, user.timezone=Europe/Berlin, jakarta.persistence.sharedCache.mode=UNSPECIFIED, os.name=Windows 11, java.vm.specification.version=24, hibernate.generate_statistics=false, persistence.unit.shared.cache.mode=UNSPECIFIED, sun.java.launcher=SUN_STANDARD, user.country=DE, local.setting.IS_JTA_TXN_COORD=false, surefire.test.class.path=C:\Users\r-uu\develop\github\codespace\r-uu\lib\jpa\se.hibernate.postgres.demo\target\test-classes;C:\Users\r-uu\develop\github\codespace\r-uu\lib\jpa\se.hibernate.postgres.demo\target\classes;C:\Users\r-uu\.m2\repository\jakarta\json\jakarta.json-api\2.1.2\jakarta.json-api-2.1.2.jar;C:\Users\r-uu\.m2\repository\org\projectlombok\lombok\1.18.38\lombok-1.18.38.jar;C:\Users\r-uu\develop\github\codespace\r-uu\lib\cdi\common\target\r-uu.codespace.lib.cdi.common-0.0.1.jar;C:\Users\r-uu\.m2\repository\jakarta\enterprise\jakarta.enterprise.cdi-api\4.1.0\jakarta.enterprise.cdi-api-4.1.0.jar;C:\Users\r-uu\.m2\repository\jakarta\enterprise\jakarta.enterprise.lang-model\4.1.0\jakarta.enterprise.lang-model-4.1.0.jar;C:\Users\r-uu\.m2\repository\org\apache\logging\log4j\log4j-slf4j2-impl\2.24.1\log4j-slf4j2-impl-2.24.1.jar;C:\Users\r-uu\.m2\repository\org\apache\logging\log4j\log4j-api\2.24.1\log4j-api-2.24.1.jar;C:\Users\r-uu\.m2\repository\org\apache\logging\log4j\log4j-core\2.24.1\log4j-core-2.24.1.jar;C:\Users\r-uu\develop\github\codespace\r-uu\lib\cdi\se\target\r-uu.codespace.lib.cdi.se-0.0.1.jar;C:\Users\r-uu\.m2\repository\jakarta\el\jakarta.el-api\6.0.1\jakarta.el-api-6.0.1.jar;C:\Users\r-uu\.m2\repository\jakarta\inject\jakarta.inject-api\2.0.1\jakarta.inject-api-2.0.1.jar;C:\Users\r-uu\.m2\repository\jakarta\interceptor\jakarta.interceptor-api\2.2.0\jakarta.interceptor-api-2.2.0.jar;C:\Users\r-uu\develop\github\codespace\r-uu\lib\jpa\se\target\r-uu.codespace.lib.jpa.se-0.0.1.jar;C:\Users\r-uu\.m2\repository\jakarta\persistence\jakarta.persistence-api\3.2.0\jakarta.persistence-api-3.2.0.jar;C:\Users\r-uu\develop\github\codespace\r-uu\lib\jpa\core\target\r-uu.codespace.lib.jpa.core-0.0.1.jar;C:\Users\r-uu\.m2\repository\com\fasterxml\jackson\core\jackson-annotations\2.18.3\jackson-annotations-2.18.3.jar;C:\Users\r-uu\.m2\repository\jakarta\annotation\jakarta.annotation-api\3.0.0\jakarta.annotation-api-3.0.0.jar;C:\Users\r-uu\.m2\repository\jakarta\json\bind\jakarta.json.bind-api\3.0.0\jakarta.json.bind-api-3.0.0.jar;C:\Users\r-uu\.m2\repository\org\eclipse\yasson\3.0.4\yasson-3.0.4.jar;C:\Users\r-uu\.m2\repository\org\eclipse\parsson\parsson\1.1.7\parsson-1.1.7.jar;C:\Users\r-uu\develop\github\codespace\r-uu\lib\util\target\r-uu.codespace.lib.util-0.0.1.jar;C:\Users\r-uu\.m2\repository\jakarta\ws\rs\jakarta.ws.rs-api\3.1.0\jakarta.ws.rs-api-3.1.0.jar;C:\Users\r-uu\develop\github\codespace\r-uu\lib\jpa\se.hibernate.postgres\target\r-uu.codespace.lib.jpa.se.hibernate.postgres-0.0.1.jar;C:\Users\r-uu\develop\github\codespace\r-uu\lib\jdbc\core\target\r-uu.codespace.lib.jdbc.core-0.0.1.jar;C:\Users\r-uu\develop\github\codespace\r-uu\lib\jdbc\postgres\target\r-uu.codespace.lib.jdbc.postgres-0.0.1.jar;C:\Users\r-uu\.m2\repository\org\postgresql\postgresql\42.7.3\postgresql-42.7.3.jar;C:\Users\r-uu\.m2\repository\org\checkerframework\checker-qual\3.42.0\checker-qual-3.42.0.jar;C:\Users\r-uu\develop\github\codespace\r-uu\lib\jpa\se.hibernate\target\r-uu.codespace.lib.jpa.se.hibernate-0.0.1.jar;C:\Users\r-uu\.m2\repository\jakarta\xml\bind\jakarta.xml.bind-api\4.0.1\jakarta.xml.bind-api-4.0.1.jar;C:\Users\r-uu\.m2\repository\jakarta\activation\jakarta.activation-api\2.1.2\jakarta.activation-api-2.1.2.jar;C:\Users\r-uu\.m2\repository\org\hibernate\orm\hibernate-core\6.6.4.Final\hibernate-core-6.6.4.Final.jar;C:\Users\r-uu\.m2\repository\jakarta\transaction\jakarta.transaction-api\2.0.1\jakarta.transaction-api-2.0.1.jar;C:\Users\r-uu\.m2\repository\org\hibernate\common\hibernate-commons-annotations\6.0.6.Final\hibernate-commons-annotations-6.0.6.Final.jar;C:\Users\r-uu\.m2\repository\com\fasterxml\classmate\1.5.1\classmate-1.5.1.jar;C:\Users\r-uu\.m2\repository\net\bytebuddy\byte-buddy\1.14.18\byte-buddy-1.14.18.jar;C:\Users\r-uu\.m2\repository\org\glassfish\jaxb\jaxb-runtime\4.0.2\jaxb-runtime-4.0.2.jar;C:\Users\r-uu\.m2\repository\org\glassfish\jaxb\jaxb-core\4.0.2\jaxb-core-4.0.2.jar;C:\Users\r-uu\.m2\repository\org\eclipse\angus\angus-activation\2.0.0\angus-activation-2.0.0.jar;C:\Users\r-uu\.m2\repository\org\glassfish\jaxb\txw2\4.0.2\txw2-4.0.2.jar;C:\Users\r-uu\.m2\repository\com\sun\istack\istack-commons-runtime\4.1.1\istack-commons-runtime-4.1.1.jar;C:\Users\r-uu\.m2\repository\org\antlr\antlr4-runtime\4.13.0\antlr4-runtime-4.13.0.jar;C:\Users\r-uu\.m2\repository\io\smallrye\jandex\3.2.2\jandex-3.2.2.jar;C:\Users\r-uu\.m2\repository\io\smallrye\config\smallrye-config\3.11.1\smallrye-config-3.11.1.jar;C:\Users\r-uu\.m2\repository\io\smallrye\config\smallrye-config-core\3.11.1\smallrye-config-core-3.11.1.jar;C:\Users\r-uu\.m2\repository\io\smallrye\common\smallrye-common-annotation\2.9.0\smallrye-common-annotation-2.9.0.jar;C:\Users\r-uu\.m2\repository\io\smallrye\common\smallrye-common-expression\2.9.0\smallrye-common-expression-2.9.0.jar;C:\Users\r-uu\.m2\repository\io\smallrye\common\smallrye-common-function\2.9.0\smallrye-common-function-2.9.0.jar;C:\Users\r-uu\.m2\repository\io\smallrye\common\smallrye-common-constraint\2.9.0\smallrye-common-constraint-2.9.0.jar;C:\Users\r-uu\.m2\repository\io\smallrye\common\smallrye-common-classloader\2.9.0\smallrye-common-classloader-2.9.0.jar;C:\Users\r-uu\.m2\repository\org\ow2\asm\asm\9.7.1\asm-9.7.1.jar;C:\Users\r-uu\.m2\repository\io\smallrye\config\smallrye-config-common\3.11.1\smallrye-config-common-3.11.1.jar;C:\Users\r-uu\.m2\repository\org\jboss\logging\jboss-logging\3.6.1.Final\jboss-logging-3.6.1.Final.jar;C:\Users\r-uu\.m2\repository\org\eclipse\microprofile\config\microprofile-config-api\3.1\microprofile-config-api-3.1.jar;C:\Users\r-uu\develop\github\codespace\r-uu\lib\junit\target\r-uu.codespace.lib.junit-0.0.1.jar;C:\Users\r-uu\.m2\repository\org\slf4j\slf4j-api\2.0.16\slf4j-api-2.0.16.jar;C:\Users\r-uu\.m2\repository\org\junit\jupiter\junit-jupiter-api\5.10.2\junit-jupiter-api-5.10.2.jar;C:\Users\r-uu\.m2\repository\org\opentest4j\opentest4j\1.3.0\opentest4j-1.3.0.jar;C:\Users\r-uu\.m2\repository\org\apiguardian\apiguardian-api\1.1.2\apiguardian-api-1.1.2.jar;C:\Users\r-uu\.m2\repository\org\junit\platform\junit-platform-commons\1.10.2\junit-platform-commons-1.10.2.jar;C:\Users\r-uu\.m2\repository\org\hamcrest\hamcrest\2.2\hamcrest-2.2.jar;C:\Users\r-uu\.m2\repository\org\jboss\weld\se\weld-se-shaded\5.1.2.Final\weld-se-shaded-5.1.2.Final.jar;, jakarta.persistence.jdbc.driver=org.postgresql.Driver, sun.cpu.endian=little, user.home=C:\Users\r-uu, user.language=en, surefire.useFile=false, jakarta.persistence.jdbc.user=****, jdk.internal.vm.ci.enabled=true, persistence.unit.exclude.unlisted.classes=false, persistence.unit.validation.mode=AUTO, failsafe.useFile=false, javax.persistence.jdbc.driver=org.postgresql.Driver, surefire.real.class.path=C:\Users\r-uu\AppData\Local\Temp\surefire14687933195052639223\surefirebooter-20250930222831199_95.jar, jakarta.persistence.validation.mode=AUTO, hibernate.cache.use_query_cache=false, stdout.encoding=Cp1252, path.separator=;, hibernate.connection.username=****, os.version=10.0, java.runtime.name=Java(TM) SE Runtime Environment, hibernate.connection.url=jdbc:postgresql://localhost:5432/lib, java.vm.name=Java HotSpot(TM) 64-Bit Server VM, hibernate.show_sql=true, java.vendor.url.bug=https://bugreport.java.com/bugreport/, user.dir=C:\Users\r-uu\develop\github\codespace\r-uu\lib\jpa\se.hibernate.postgres.demo, os.arch=amd64, hibernate.connection.password=****, jakarta.persistence.jdbc.url=jdbc:postgresql://localhost:5432/lib, hibernate.boot.CfgXmlAccessService.key=org.hibernate.boot.registry.StandardServiceRegistryBuilder$1@45e140ae, trimStackTrace=false, java.vm.info=mixed mode, sharing, java.vm.version=24.0.2+11-jvmci-b01, hibernate.query.startup_check=false, javax.persistence.jdbc.password=****, java.class.version=68.0}
22:28:36.682 DEBUG org.hibernate.internal.SessionFactoryImpl.<init>(254) - Session factory constructed with filter configurations : {}
22:28:36.744 DEBUG org.hibernate.query.sqm.function.SqmFunctionRegistry.register(90) - Registered SqmFunctionTemplate [NamedSqmFunctionTemplate(max)] under max; prior registration was null
22:28:36.744 DEBUG org.hibernate.query.sqm.function.SqmFunctionRegistry.register(90) - Registered SqmFunctionTemplate [NamedSqmFunctionTemplate(min)] under min; prior registration was null
22:28:36.746 DEBUG org.hibernate.query.sqm.function.SqmFunctionRegistry.register(90) - Registered SqmFunctionTemplate [NamedSqmFunctionTemplate(sum)] under sum; prior registration was null
22:28:36.747 DEBUG org.hibernate.query.sqm.function.SqmFunctionRegistry.register(90) - Registered SqmFunctionTemplate [NamedSqmFunctionTemplate(avg)] under avg; prior registration was null
22:28:36.751 DEBUG org.hibernate.query.sqm.function.SqmFunctionRegistry.register(90) - Registered SqmFunctionTemplate [org.hibernate.dialect.function.CountFunction@7523d5a1] under count; prior registration was null
22:28:36.752 DEBUG org.hibernate.query.sqm.function.SqmFunctionRegistry.register(90) - Registered SqmFunctionTemplate [org.hibernate.dialect.function.EveryAnyEmulation@1ae924f1] under every; prior registration was null
22:28:36.753 DEBUG org.hibernate.query.sqm.function.SqmFunctionRegistry.register(90) - Registered SqmFunctionTemplate [org.hibernate.dialect.function.EveryAnyEmulation@59d5a6fd] under any; prior registration was null
22:28:36.753 DEBUG org.hibernate.query.sqm.function.SqmFunctionRegistry.register(90) - Registered SqmFunctionTemplate [NamedSqmFunctionTemplate(floor)] under floor; prior registration was null
22:28:36.754 DEBUG org.hibernate.query.sqm.function.SqmFunctionRegistry.register(90) - Registered SqmFunctionTemplate [NamedSqmFunctionTemplate(ceiling)] under ceiling; prior registration was null
22:28:36.754 DEBUG org.hibernate.query.sqm.function.SqmFunctionRegistry.register(90) - Registered SqmFunctionTemplate [NamedSqmFunctionTemplate(mod)] under mod; prior registration was null
22:28:36.754 DEBUG org.hibernate.query.sqm.function.SqmFunctionRegistry.register(90) - Registered SqmFunctionTemplate [NamedSqmFunctionTemplate(abs)] under abs; prior registration was null
22:28:36.754 DEBUG org.hibernate.query.sqm.function.SqmFunctionRegistry.register(90) - Registered SqmFunctionTemplate [NamedSqmFunctionTemplate(sign)] under sign; prior registration was null
22:28:36.755 DEBUG org.hibernate.query.sqm.function.SqmFunctionRegistry.register(90) - Registered SqmFunctionTemplate [NamedSqmFunctionTemplate(sqrt)] under sqrt; prior registration was null
22:28:36.755 DEBUG org.hibernate.query.sqm.function.SqmFunctionRegistry.register(90) - Registered SqmFunctionTemplate [NamedSqmFunctionTemplate(ln)] under ln; prior registration was null
22:28:36.755 DEBUG org.hibernate.query.sqm.function.SqmFunctionRegistry.register(90) - Registered SqmFunctionTemplate [NamedSqmFunctionTemplate(exp)] under exp; prior registration was null
22:28:36.755 DEBUG org.hibernate.query.sqm.function.SqmFunctionRegistry.register(90) - Registered SqmFunctionTemplate [NamedSqmFunctionTemplate(power)] under power; prior registration was null
22:28:36.756 DEBUG org.hibernate.query.sqm.function.SqmFunctionRegistry.register(90) - Registered SqmFunctionTemplate [NamedSqmFunctionTemplate(round)] under round; prior registration was null
22:28:36.757 DEBUG org.hibernate.query.sqm.function.SqmFunctionRegistry.register(90) - Registered SqmFunctionTemplate [NamedSqmFunctionTemplate(sin)] under sin; prior registration was null
22:28:36.757 DEBUG org.hibernate.query.sqm.function.SqmFunctionRegistry.register(90) - Registered SqmFunctionTemplate [NamedSqmFunctionTemplate(cos)] under cos; prior registration was null
22:28:36.757 DEBUG org.hibernate.query.sqm.function.SqmFunctionRegistry.register(90) - Registered SqmFunctionTemplate [NamedSqmFunctionTemplate(tan)] under tan; prior registration was null
22:28:36.757 DEBUG org.hibernate.query.sqm.function.SqmFunctionRegistry.register(90) - Registered SqmFunctionTemplate [NamedSqmFunctionTemplate(asin)] under asin; prior registration was null
22:28:36.757 DEBUG org.hibernate.query.sqm.function.SqmFunctionRegistry.register(90) - Registered SqmFunctionTemplate [NamedSqmFunctionTemplate(acos)] under acos; prior registration was null
22:28:36.757 DEBUG org.hibernate.query.sqm.function.SqmFunctionRegistry.register(90) - Registered SqmFunctionTemplate [NamedSqmFunctionTemplate(atan)] under atan; prior registration was null
22:28:36.758 DEBUG org.hibernate.query.sqm.function.SqmFunctionRegistry.register(90) - Registered SqmFunctionTemplate [NamedSqmFunctionTemplate(atan2)] under atan2; prior registration was null
22:28:36.761 DEBUG org.hibernate.query.sqm.function.SqmFunctionRegistry.register(90) - Registered SqmFunctionTemplate [org.hibernate.query.sqm.function.PatternBasedSqmFunctionDescriptor@45eab322] under sinh; prior registration was null
22:28:36.761 DEBUG org.hibernate.query.sqm.function.SqmFunctionRegistry.register(90) - Registered SqmFunctionTemplate [org.hibernate.query.sqm.function.PatternBasedSqmFunctionDescriptor@f017dd0] under cosh; prior registration was null
22:28:36.761 DEBUG org.hibernate.query.sqm.function.SqmFunctionRegistry.register(90) - Registered SqmFunctionTemplate [org.hibernate.query.sqm.function.PatternBasedSqmFunctionDescriptor@2424cb9d] under tanh; prior registration was null
22:28:36.761 DEBUG org.hibernate.query.sqm.function.SqmFunctionRegistry.register(90) - Registered SqmFunctionTemplate [org.hibernate.query.sqm.function.PatternBasedSqmFunctionDescriptor@7f51f588] under pi; prior registration was null
22:28:36.762 DEBUG org.hibernate.query.sqm.function.SqmFunctionRegistry.register(90) - Registered SqmFunctionTemplate [org.hibernate.query.sqm.function.PatternBasedSqmFunctionDescriptor@6fb22ae3] under log; prior registration was null
22:28:36.763 DEBUG org.hibernate.query.sqm.function.SqmFunctionRegistry.register(90) - Registered SqmFunctionTemplate [NamedSqmFunctionTemplate(coalesce)] under coalesce; prior registration was null
22:28:36.763 DEBUG org.hibernate.query.sqm.function.SqmFunctionRegistry.register(90) - Registered SqmFunctionTemplate [NamedSqmFunctionTemplate(nullif)] under nullif; prior registration was null
22:28:36.763 DEBUG org.hibernate.query.sqm.function.SqmFunctionRegistry.register(90) - Registered SqmFunctionTemplate [NamedSqmFunctionTemplate(left)] under left; prior registration was null
22:28:36.764 DEBUG org.hibernate.query.sqm.function.SqmFunctionRegistry.register(90) - Registered SqmFunctionTemplate [NamedSqmFunctionTemplate(right)] under right; prior registration was null
22:28:36.764 DEBUG org.hibernate.query.sqm.function.SqmFunctionRegistry.register(90) - Registered SqmFunctionTemplate [NamedSqmFunctionTemplate(replace)] under replace; prior registration was null
22:28:36.765 DEBUG org.hibernate.query.sqm.function.SqmFunctionRegistry.register(90) - Registered SqmFunctionTemplate [NamedSqmFunctionTemplate(concat)] under concat; prior registration was null
22:28:36.765 DEBUG org.hibernate.query.sqm.function.SqmFunctionRegistry.register(90) - Registered SqmFunctionTemplate [NamedSqmFunctionTemplate(lower)] under lower; prior registration was null
22:28:36.765 DEBUG org.hibernate.query.sqm.function.SqmFunctionRegistry.register(90) - Registered SqmFunctionTemplate [NamedSqmFunctionTemplate(upper)] under upper; prior registration was null
22:28:36.765 DEBUG org.hibernate.query.sqm.function.SqmFunctionRegistry.register(90) - Registered SqmFunctionTemplate [NamedSqmFunctionTemplate(substring)] under substring; prior registration was null
22:28:36.766 DEBUG org.hibernate.query.sqm.function.SqmFunctionRegistry.register(90) - Registered SqmFunctionTemplate [NamedSqmFunctionTemplate(locate)] under locate; prior registration was null
22:28:36.766 DEBUG org.hibernate.query.sqm.function.SqmFunctionRegistry.register(90) - Registered SqmFunctionTemplate [NamedSqmFunctionTemplate(character_length)] under character_length; prior registration was null
22:28:36.766 DEBUG org.hibernate.query.sqm.function.SqmFunctionRegistry.registerAlternateKey(307) - Registering alternate key : length -> character_length
22:28:36.768 DEBUG org.hibernate.query.sqm.function.SqmFunctionRegistry.register(90) - Registered SqmFunctionTemplate [org.hibernate.dialect.function.LocatePositionEmulation@1002d192] under position; prior registration was null
22:28:36.770 DEBUG org.hibernate.query.sqm.function.SqmFunctionRegistry.register(90) - Registered SqmFunctionTemplate [org.hibernate.dialect.function.InsertSubstringOverlayEmulation@1e721583] under overlay; prior registration was null
22:28:36.771 DEBUG org.hibernate.query.sqm.function.SqmFunctionRegistry.register(90) - Registered SqmFunctionTemplate [org.hibernate.dialect.function.TrimFunction@8b41ad] under trim; prior registration was null
22:28:36.772 DEBUG org.hibernate.query.sqm.function.SqmFunctionRegistry.register(90) - Registered SqmFunctionTemplate [org.hibernate.dialect.function.CastFunction@4a9b3956] under cast; prior registration was null
22:28:36.772 DEBUG org.hibernate.query.sqm.function.SqmFunctionRegistry.register(90) - Registered SqmFunctionTemplate [org.hibernate.query.sqm.function.PatternBasedSqmFunctionDescriptor@4217bce6] under collate; prior registration was null
22:28:36.773 DEBUG org.hibernate.query.sqm.function.SqmFunctionRegistry.register(90) - Registered SqmFunctionTemplate [org.hibernate.dialect.function.ExtractFunction@1b31af02] under extract; prior registration was null
22:28:36.773 DEBUG org.hibernate.query.sqm.function.SqmFunctionRegistry.register(90) - Registered SqmFunctionTemplate [NamedSqmFunctionTemplate(least)] under least; prior registration was null
22:28:36.773 DEBUG org.hibernate.query.sqm.function.SqmFunctionRegistry.register(90) - Registered SqmFunctionTemplate [NamedSqmFunctionTemplate(greatest)] under greatest; prior registration was null
22:28:36.774 DEBUG org.hibernate.query.sqm.function.SqmFunctionRegistry.register(90) - Registered SqmFunctionTemplate [org.hibernate.dialect.function.CoalesceIfnullEmulation@389a5022] under ifnull; prior registration was null
22:28:36.774 DEBUG org.hibernate.query.sqm.function.SqmFunctionRegistry.register(90) - Registered SqmFunctionTemplate [NamedSqmFunctionTemplate(lpad)] under lpad; prior registration was null
22:28:36.774 DEBUG org.hibernate.query.sqm.function.SqmFunctionRegistry.register(90) - Registered SqmFunctionTemplate [NamedSqmFunctionTemplate(rpad)] under rpad; prior registration was null
22:28:36.774 DEBUG org.hibernate.query.sqm.function.SqmFunctionRegistry.register(90) - Registered SqmFunctionTemplate [org.hibernate.dialect.function.LpadRpadPadEmulation@6c995c5d] under pad; prior registration was null
22:28:36.776 DEBUG org.hibernate.query.sqm.function.SqmFunctionRegistry.register(90) - Registered SqmFunctionTemplate [org.hibernate.dialect.function.CastStrEmulation@677cb96e] under str; prior registration was null
22:28:36.779 DEBUG org.hibernate.query.sqm.function.SqmFunctionRegistry.register(90) - Registered SqmFunctionTemplate [org.hibernate.dialect.function.FormatFunction@33627576] under format; prior registration was null
22:28:36.780 DEBUG org.hibernate.query.sqm.function.SqmFunctionRegistry.register(90) - Registered SqmFunctionTemplate [org.hibernate.dialect.function.TimestampaddFunction@5a3cf878] under timestampadd; prior registration was null
22:28:36.781 DEBUG org.hibernate.query.sqm.function.SqmFunctionRegistry.register(90) - Registered SqmFunctionTemplate [org.hibernate.dialect.function.TimestampdiffFunction@1b409a79] under timestampdiff; prior registration was null
22:28:36.781 DEBUG org.hibernate.query.sqm.function.SqmFunctionRegistry.registerAlternateKey(307) - Registering alternate key : dateadd -> timestampadd
22:28:36.781 DEBUG org.hibernate.query.sqm.function.SqmFunctionRegistry.registerAlternateKey(307) - Registering alternate key : datediff -> timestampdiff
22:28:36.782 DEBUG org.hibernate.query.sqm.function.SqmFunctionRegistry.register(90) - Registered SqmFunctionTemplate [org.hibernate.dialect.function.CurrentFunction@66d3b881] under current_date; prior registration was null
22:28:36.782 DEBUG org.hibernate.query.sqm.function.SqmFunctionRegistry.register(90) - Registered SqmFunctionTemplate [org.hibernate.dialect.function.CurrentFunction@3a45afd4] under current_time; prior registration was null
22:28:36.783 DEBUG org.hibernate.query.sqm.function.SqmFunctionRegistry.register(90) - Registered SqmFunctionTemplate [org.hibernate.dialect.function.CurrentFunction@762a10b6] under current_timestamp; prior registration was null
22:28:36.783 DEBUG org.hibernate.query.sqm.function.SqmFunctionRegistry.registerAlternateKey(307) - Registering alternate key : current date -> current_date
22:28:36.783 DEBUG org.hibernate.query.sqm.function.SqmFunctionRegistry.registerAlternateKey(307) - Registering alternate key : current time -> current_time
22:28:36.783 DEBUG org.hibernate.query.sqm.function.SqmFunctionRegistry.registerAlternateKey(307) - Registering alternate key : current timestamp -> current_timestamp
22:28:36.783 DEBUG org.hibernate.query.sqm.function.SqmFunctionRegistry.register(90) - Registered SqmFunctionTemplate [org.hibernate.dialect.function.CurrentFunction@74431b9c] under local_date; prior registration was null
22:28:36.783 DEBUG org.hibernate.query.sqm.function.SqmFunctionRegistry.register(90) - Registered SqmFunctionTemplate [org.hibernate.dialect.function.CurrentFunction@f2fb225] under local_time; prior registration was null
22:28:36.784 DEBUG org.hibernate.query.sqm.function.SqmFunctionRegistry.register(90) - Registered SqmFunctionTemplate [org.hibernate.dialect.function.CurrentFunction@1883871b] under local_datetime; prior registration was null
22:28:36.784 DEBUG org.hibernate.query.sqm.function.SqmFunctionRegistry.register(90) - Registered SqmFunctionTemplate [org.hibernate.dialect.function.CurrentFunction@3e0a9b1d] under offset_datetime; prior registration was null
22:28:36.784 DEBUG org.hibernate.query.sqm.function.SqmFunctionRegistry.registerAlternateKey(307) - Registering alternate key : local date -> local_date
22:28:36.784 DEBUG org.hibernate.query.sqm.function.SqmFunctionRegistry.registerAlternateKey(307) - Registering alternate key : local time -> local_time
22:28:36.784 DEBUG org.hibernate.query.sqm.function.SqmFunctionRegistry.registerAlternateKey(307) - Registering alternate key : local datetime -> local_datetime
22:28:36.784 DEBUG org.hibernate.query.sqm.function.SqmFunctionRegistry.registerAlternateKey(307) - Registering alternate key : offset datetime -> offset_datetime
22:28:36.784 DEBUG org.hibernate.query.sqm.function.SqmFunctionRegistry.register(90) - Registered SqmFunctionTemplate [org.hibernate.dialect.function.CurrentFunction@52f9e8bb] under instant; prior registration was null
22:28:36.785 DEBUG org.hibernate.query.sqm.function.SqmFunctionRegistry.registerAlternateKey(307) - Registering alternate key : current_instant -> instant
22:28:36.785 DEBUG org.hibernate.query.sqm.function.SqmFunctionRegistry.register(90) - Registered SqmFunctionTemplate [org.hibernate.dialect.function.SqlFunction@539316bb] under sql; prior registration was null
22:28:36.785 DEBUG org.hibernate.query.sqm.function.SqmFunctionRegistry.register(90) - Registered SqmFunctionTemplate [NamedSqmFunctionTemplate(cot)] under cot; prior registration was null
22:28:36.786 DEBUG org.hibernate.query.sqm.function.SqmFunctionRegistry.register(90) - Registered SqmFunctionTemplate [NamedSqmFunctionTemplate(radians)] under radians; prior registration was null
22:28:36.786 DEBUG org.hibernate.query.sqm.function.SqmFunctionRegistry.register(90) - Registered SqmFunctionTemplate [NamedSqmFunctionTemplate(degrees)] under degrees; prior registration was null
22:28:36.786 DEBUG org.hibernate.query.sqm.function.SqmFunctionRegistry.register(90) - Registered SqmFunctionTemplate [NamedSqmFunctionTemplate(log)] under log; prior registration was org.hibernate.query.sqm.function.PatternBasedSqmFunctionDescriptor@6fb22ae3
22:28:36.786 DEBUG org.hibernate.query.sqm.function.SqmFunctionRegistry.register(90) - Registered SqmFunctionTemplate [org.hibernate.query.sqm.function.PatternBasedSqmFunctionDescriptor@5d1a859c] under mod; prior registration was NamedSqmFunctionTemplate(mod)
22:28:36.786 DEBUG org.hibernate.query.sqm.function.SqmFunctionRegistry.register(90) - Registered SqmFunctionTemplate [NamedSqmFunctionTemplate(log10)] under log10; prior registration was null
22:28:36.786 DEBUG org.hibernate.query.sqm.function.SqmFunctionRegistry.register(90) - Registered SqmFunctionTemplate [NamedSqmFunctionTemplate(tanh)] under tanh; prior registration was org.hibernate.query.sqm.function.PatternBasedSqmFunctionDescriptor@2424cb9d
22:28:36.787 DEBUG org.hibernate.query.sqm.function.SqmFunctionRegistry.register(90) - Registered SqmFunctionTemplate [NamedSqmFunctionTemplate(sinh)] under sinh; prior registration was org.hibernate.query.sqm.function.PatternBasedSqmFunctionDescriptor@45eab322
22:28:36.787 DEBUG org.hibernate.query.sqm.function.SqmFunctionRegistry.register(90) - Registered SqmFunctionTemplate [NamedSqmFunctionTemplate(cosh)] under cosh; prior registration was org.hibernate.query.sqm.function.PatternBasedSqmFunctionDescriptor@f017dd0
22:28:36.787 DEBUG org.hibernate.query.sqm.function.SqmFunctionRegistry.register(90) - Registered SqmFunctionTemplate [NamedSqmFunctionTemplate(acosh)] under acosh; prior registration was null
22:28:36.787 DEBUG org.hibernate.query.sqm.function.SqmFunctionRegistry.register(90) - Registered SqmFunctionTemplate [NamedSqmFunctionTemplate(asinh)] under asinh; prior registration was null
22:28:36.787 DEBUG org.hibernate.query.sqm.function.SqmFunctionRegistry.register(90) - Registered SqmFunctionTemplate [NamedSqmFunctionTemplate(atanh)] under atanh; prior registration was null
22:28:36.788 DEBUG org.hibernate.query.sqm.function.SqmFunctionRegistry.register(90) - Registered SqmFunctionTemplate [NamedSqmFunctionTemplate(cbrt)] under cbrt; prior registration was null
22:28:36.788 DEBUG org.hibernate.query.sqm.function.SqmFunctionRegistry.register(90) - Registered SqmFunctionTemplate [NamedSqmFunctionTemplate(pi)] under pi; prior registration was org.hibernate.query.sqm.function.PatternBasedSqmFunctionDescriptor@7f51f588
[...]
22:28:36.896 DEBUG org.hibernate.HQL_FUNCTIONS.lambda$createFunctionRegistry$0(100) - OffsetDateTime offset_datetime
22:28:36.897 DEBUG org.hibernate.HQL_FUNCTIONS.lambda$createFunctionRegistry$0(100) - String overlay(string placing replacement from start[ for length])
22:28:36.897 DEBUG org.hibernate.HQL_FUNCTIONS.lambda$createFunctionRegistry$0(100) - String pad(STRING string with INTEGER length {leading|trailing}[ STRING character])
22:28:36.897 DEBUG org.hibernate.HQL_FUNCTIONS.lambda$createFunctionRegistry$0(100) - Double percent_rank([arg0[, ...]])
22:28:36.897 DEBUG org.hibernate.HQL_FUNCTIONS.lambda$createFunctionRegistry$0(100) - percentile_cont(NUMERIC arg)
22:28:36.897 DEBUG org.hibernate.HQL_FUNCTIONS.lambda$createFunctionRegistry$0(100) - percentile_disc(NUMERIC arg)
22:28:36.897 DEBUG org.hibernate.HQL_FUNCTIONS.lambda$createFunctionRegistry$0(100) - Double pi
22:28:36.897 DEBUG org.hibernate.HQL_FUNCTIONS.lambda$createFunctionRegistry$0(100) - Integer position(STRING pattern in STRING string)
22:28:36.897 DEBUG org.hibernate.HQL_FUNCTIONS.lambda$createFunctionRegistry$0(100) - Double power(NUMERIC arg0, NUMERIC arg1)
22:28:36.897 DEBUG org.hibernate.HQL_FUNCTIONS.lambda$createFunctionRegistry$0(100) - Double radians(NUMERIC arg)
22:28:36.898 DEBUG org.hibernate.HQL_FUNCTIONS.lambda$createFunctionRegistry$0(100) - Long rank([arg0[, ...]])
22:28:36.898 DEBUG org.hibernate.HQL_FUNCTIONS.lambda$createFunctionRegistry$0(100) - Double regr_avgx(NUMERIC arg0, NUMERIC arg1)
22:28:36.898 DEBUG org.hibernate.HQL_FUNCTIONS.lambda$createFunctionRegistry$0(100) - Double regr_avgy(NUMERIC arg0, NUMERIC arg1)
22:28:36.898 DEBUG org.hibernate.HQL_FUNCTIONS.lambda$createFunctionRegistry$0(100) - Double regr_count(NUMERIC arg0, NUMERIC arg1)
22:28:36.898 DEBUG org.hibernate.HQL_FUNCTIONS.lambda$createFunctionRegistry$0(100) - Double regr_intercept(NUMERIC arg0, NUMERIC arg1)
22:28:36.898 DEBUG org.hibernate.HQL_FUNCTIONS.lambda$createFunctionRegistry$0(100) - Double regr_r2(NUMERIC arg0, NUMERIC arg1)
22:28:36.898 DEBUG org.hibernate.HQL_FUNCTIONS.lambda$createFunctionRegistry$0(100) - Double regr_slope(NUMERIC arg0, NUMERIC arg1)
22:28:36.898 DEBUG org.hibernate.HQL_FUNCTIONS.lambda$createFunctionRegistry$0(100) - Double regr_sxx(NUMERIC arg0, NUMERIC arg1)
22:28:36.898 DEBUG org.hibernate.HQL_FUNCTIONS.lambda$createFunctionRegistry$0(100) - Double regr_sxy(NUMERIC arg0, NUMERIC arg1)
22:28:36.898 DEBUG org.hibernate.HQL_FUNCTIONS.lambda$createFunctionRegistry$0(100) - Double regr_syy(NUMERIC arg0, NUMERIC arg1)
22:28:36.898 DEBUG org.hibernate.HQL_FUNCTIONS.lambda$createFunctionRegistry$0(100) - String repeat(STRING string, INTEGER times)
22:28:36.899 DEBUG org.hibernate.HQL_FUNCTIONS.lambda$createFunctionRegistry$0(100) - String replace(STRING string, STRING pattern, STRING replacement)
22:28:36.899 DEBUG org.hibernate.HQL_FUNCTIONS.lambda$createFunctionRegistry$0(100) - String right(STRING string, INTEGER length)
22:28:36.899 DEBUG org.hibernate.HQL_FUNCTIONS.lambda$createFunctionRegistry$0(100) - round(NUMERIC number[, INTEGER places])
22:28:36.899 DEBUG org.hibernate.HQL_FUNCTIONS.lambda$createFunctionRegistry$0(100) - Long row_number()
22:28:36.899 DEBUG org.hibernate.HQL_FUNCTIONS.lambda$createFunctionRegistry$0(100) - String rpad(STRING string, INTEGER length[, STRING padding])
22:28:36.899 DEBUG org.hibernate.HQL_FUNCTIONS.lambda$createFunctionRegistry$0(100) - String rtrim(STRING string[, STRING characters])
22:28:36.899 DEBUG org.hibernate.HQL_FUNCTIONS.lambda$createFunctionRegistry$0(100) - Integer sign(NUMERIC arg)
22:28:36.899 DEBUG org.hibernate.HQL_FUNCTIONS.lambda$createFunctionRegistry$0(100) - Double sin(NUMERIC arg)
22:28:36.899 DEBUG org.hibernate.HQL_FUNCTIONS.lambda$createFunctionRegistry$0(100) - Double sinh(NUMERIC arg)
22:28:36.900 DEBUG org.hibernate.HQL_FUNCTIONS.lambda$createFunctionRegistry$0(100) - String soundex(arg)
22:28:36.900 DEBUG org.hibernate.HQL_FUNCTIONS.lambda$createFunctionRegistry$0(100) - Object sql
22:28:36.900 DEBUG org.hibernate.HQL_FUNCTIONS.lambda$createFunctionRegistry$0(100) - Double sqrt(NUMERIC arg)
22:28:36.900 DEBUG org.hibernate.HQL_FUNCTIONS.lambda$createFunctionRegistry$0(100) - Double stddev(NUMERIC arg)
22:28:36.900 DEBUG org.hibernate.HQL_FUNCTIONS.lambda$createFunctionRegistry$0(100) - Double stddev_pop(NUMERIC arg)
22:28:36.900 DEBUG org.hibernate.HQL_FUNCTIONS.lambda$createFunctionRegistry$0(100) - Double stddev_samp(NUMERIC arg)
22:28:36.900 DEBUG org.hibernate.HQL_FUNCTIONS.lambda$createFunctionRegistry$0(100) - String str(arg)
22:28:36.900 DEBUG org.hibernate.HQL_FUNCTIONS.lambda$createFunctionRegistry$0(100) - String substr(STRING string, INTEGER start[, INTEGER length])
22:28:36.900 DEBUG org.hibernate.HQL_FUNCTIONS.lambda$createFunctionRegistry$0(100) - String substring(STRING string{ from|,} INTEGER start[{ for|,} INTEGER length])
22:28:36.900 DEBUG org.hibernate.HQL_FUNCTIONS.lambda$createFunctionRegistry$0(100) - sum(arg)
22:28:36.900 DEBUG org.hibernate.HQL_FUNCTIONS.lambda$createFunctionRegistry$0(100) - Double tan(NUMERIC arg)
22:28:36.901 DEBUG org.hibernate.HQL_FUNCTIONS.lambda$createFunctionRegistry$0(100) - Double tanh(NUMERIC arg)
22:28:36.901 DEBUG org.hibernate.HQL_FUNCTIONS.lambda$createFunctionRegistry$0(100) - timestampadd(TEMPORAL_UNIT field, INTEGER magnitude, TEMPORAL datetime)
22:28:36.901 DEBUG org.hibernate.HQL_FUNCTIONS.lambda$createFunctionRegistry$0(100) - Long|Double timestampdiff(TEMPORAL_UNIT field, TEMPORAL start, TEMPORAL end)
22:28:36.901 DEBUG org.hibernate.HQL_FUNCTIONS.lambda$createFunctionRegistry$0(100) - String to_char(ANY arg0[, STRING arg1, STRING arg2])
22:28:36.901 DEBUG org.hibernate.HQL_FUNCTIONS.lambda$createFunctionRegistry$0(100) - Date to_date(STRING arg0[, STRING arg1, STRING arg2])
22:28:36.901 DEBUG org.hibernate.HQL_FUNCTIONS.lambda$createFunctionRegistry$0(100) - Double to_number(STRING arg0[, STRING arg1, STRING arg2])
22:28:36.901 DEBUG org.hibernate.HQL_FUNCTIONS.lambda$createFunctionRegistry$0(100) - Timestamp to_timestamp(STRING arg0[, STRING arg1, STRING arg2])
22:28:36.902 DEBUG org.hibernate.HQL_FUNCTIONS.lambda$createFunctionRegistry$0(100) - String translate(STRING arg0, STRING arg1, STRING arg2)
22:28:36.902 DEBUG org.hibernate.HQL_FUNCTIONS.lambda$createFunctionRegistry$0(100) - String trim([[{leading|trailing|both} ][STRING arg0 ]from] STRING arg1)
22:28:36.902 DEBUG org.hibernate.HQL_FUNCTIONS.lambda$createFunctionRegistry$0(100) - trunc( ... )
22:28:36.902 DEBUG org.hibernate.HQL_FUNCTIONS.lambda$createFunctionRegistry$0(100) - truncate( ... )
22:28:36.902 DEBUG org.hibernate.HQL_FUNCTIONS.lambda$createFunctionRegistry$0(100) - String upper(STRING string)
22:28:36.902 DEBUG org.hibernate.HQL_FUNCTIONS.lambda$createFunctionRegistry$0(100) - Double var_pop(NUMERIC arg)
22:28:36.902 DEBUG org.hibernate.HQL_FUNCTIONS.lambda$createFunctionRegistry$0(100) - Double var_samp(NUMERIC arg)
22:28:36.902 DEBUG org.hibernate.HQL_FUNCTIONS.lambda$createFunctionRegistry$0(100) - Double variance(NUMERIC arg)
22:28:36.911 DEBUG org.hibernate.orm.query.plan.cache.<init>(48) - Starting QueryInterpretationCache(2048)
22:28:37.065 DEBUG org.hibernate.service.internal.SessionFactoryServiceRegistryImpl.getService(105) - EventListenerRegistry access via ServiceRegistry is deprecated.  Use `sessionFactory.getEventEngine().getListenerRegistry()` instead
22:28:37.068 DEBUG org.hibernate.event.internal.EntityCopyObserverFactoryInitiator.initiateService(39) - Configured EntityCopyObserver strategy: disallow
22:28:37.218 DEBUG org.hibernate.boot.internal.ClassLoaderAccessImpl.classForName(60) - Not known whether passed class name [de.ruu.lib.jpa.se.hibernate.postgres.demo.SimpleTypeEntity] is safe
22:28:37.219 DEBUG org.hibernate.boot.internal.ClassLoaderAccessImpl.classForName(62) - No temp ClassLoader provided; using live ClassLoader for loading potentially unsafe class : de.ruu.lib.jpa.se.hibernate.postgres.demo.SimpleTypeEntity
22:28:37.509 DEBUG org.hibernate.bytecode.internal.bytebuddy.BytecodeProviderImpl.getReflectionOptimizer(237) - HHH000513: Unable to create the ReflectionOptimizer for [de.ruu.lib.jpa.se.hibernate.postgres.demo.SimpleTypeEntity]: private accessor [name]
22:28:37.578 DEBUG org.hibernate.orm.model.mapping.creation.executePostInitCallbacks(92) - Starting post-init callbacks
22:28:37.579 DEBUG org.hibernate.orm.model.mapping.creation.process(242) - Starting PostInitCallbackEntry : Entity(de.ruu.lib.jpa.se.hibernate.postgres.demo.SimpleTypeEntity) `staticFetchableList` generator
22:28:37.580 DEBUG org.hibernate.orm.model.mapping.creation.process(242) - Starting PostInitCallbackEntry : Entity(de.ruu.lib.jpa.se.hibernate.postgres.demo.SimpleTypeEntity) `sqmMultiTableInsertStrategy` interpretation
22:28:37.702 DEBUG org.hibernate.orm.sql.ast.create.generateNewAlias(32) - Created new SQL alias : ste1_0
22:28:37.706 DEBUG org.hibernate.orm.sql.ast.create.registerTableGroup(112) - Registration of TableGroup [StandardTableGroup(de.ruu.lib.jpa.se.hibernate.postgres.demo.SimpleTypeEntity)] with identifierForTableGroup [de.ruu.lib.jpa.se.hibernate.postgres.demo.SimpleTypeEntity] for NavigablePath [de.ruu.lib.jpa.se.hibernate.postgres.demo.SimpleTypeEntity] 
22:28:37.730 DEBUG org.hibernate.orm.results.graph.AST.visitDomainResults(67) - DomainResult Graph:
 \-EntityResultImpl [de.ruu.lib.jpa.se.hibernate.postgres.demo.SimpleTypeEntity]
 |  +-BasicFetch [de.ruu.lib.jpa.se.hibernate.postgres.demo.SimpleTypeEntity.name]
 |  \-BasicFetch [de.ruu.lib.jpa.se.hibernate.postgres.demo.SimpleTypeEntity.version]

22:28:37.734 DEBUG org.hibernate.orm.sql.ast.tree.logSqlAst(46) - SQL AST Tree:
    SelectStatement {
      FromClause {
        StandardTableGroup (ste1 : de.ruu.lib.jpa.se.hibernate.postgres.demo.SimpleTypeEntity) {
          primaryTableReference : lib_test.simple_type as ste1_0
        }
      }
    }

22:28:37.751 DEBUG org.hibernate.persister.entity.AbstractEntityPersister.logStaticSQL(3088) - Static SQL for entity: de.ruu.lib.jpa.se.hibernate.postgres.demo.SimpleTypeEntity
22:28:37.751 DEBUG org.hibernate.persister.entity.AbstractEntityPersister.logStaticSQL(3093) -  Version select: select version as version_ from lib_test.simple_type where id=?
22:28:37.751 DEBUG org.hibernate.persister.entity.AbstractEntityPersister.debugf(393) -  Insert (0): insert into lib_test.simple_type (name,version,id) values (?,?,?)
22:28:37.751 DEBUG org.hibernate.persister.entity.AbstractEntityPersister.debugf(393) -  Update (0): update lib_test.simple_type set name=?,version=? where id=? and version=?
22:28:37.751 DEBUG org.hibernate.persister.entity.AbstractEntityPersister.debugf(393) -  Delete (0): delete from lib_test.simple_type where id=? and version=?
22:28:37.801 DEBUG org.hibernate.engine.transaction.jta.platform.internal.JtaPlatformInitiator.initiateService(45) - No JtaPlatform was specified, checking resolver
22:28:37.803 DEBUG org.hibernate.engine.transaction.jta.platform.internal.JtaPlatformResolverInitiator.initiateService(35) - No JtaPlatformResolver was specified, using default [org.hibernate.engine.transaction.jta.platform.internal.StandardJtaPlatformResolver]
22:28:37.812 DEBUG org.hibernate.engine.transaction.jta.platform.internal.StandardJtaPlatformResolver.resolveJtaPlatform(138) - Could not resolve JtaPlatform, using default [org.hibernate.engine.transaction.jta.platform.internal.NoJtaPlatform]
22:28:37.812 INFO  org.hibernate.engine.transaction.jta.platform.internal.JtaPlatformInitiator.initiateService(59) - HHH000489: No JTA platform available (set 'hibernate.transaction.jta.platform' to enable JTA platform integration)
22:28:37.814 DEBUG org.hibernate.type.spi.TypeConfiguration$Scope.scope(209) - Scoping TypeConfiguration [org.hibernate.type.spi.TypeConfiguration@40de8f93] to SessionFactoryImplementor [org.hibernate.internal.SessionFactoryImpl@507f47f9]
22:28:37.840 DEBUG org.hibernate.SQL.logStatement(135) - 
    set client_min_messages = WARNING
Hibernate: 
    set client_min_messages = WARNING
22:28:37.842 INFO  org.hibernate.orm.connections.access.getIsolatedConnection(52) - HHH10001501: Connection obtained from JdbcConnectionAccess [org.hibernate.engine.jdbc.env.internal.JdbcEnvironmentInitiator$ConnectionProviderJdbcConnectionAccess@2cce10bc] for (non-JTA) DDL execution was not in auto-commit mode; the Connection 'local transaction' will be committed and the Connection will be set into auto-commit mode.
22:28:37.844 DEBUG org.hibernate.SQL.logStatement(135) - 
    drop table if exists lib_test.simple_type cascade
Hibernate: 
    drop table if exists lib_test.simple_type cascade
22:28:37.853 DEBUG org.hibernate.SQL.logStatement(135) - 
    drop sequence if exists simple_type_SEQ
Hibernate: 
    drop sequence if exists simple_type_SEQ
22:28:37.866 DEBUG org.hibernate.SQL.logStatement(135) - 
    create table lib_test.simple_type (
        version smallint not null,
        id bigint not null,
        name varchar(255),
        primary key (id)
    )
Hibernate: 
    create table lib_test.simple_type (
        version smallint not null,
        id bigint not null,
        name varchar(255),
        primary key (id)
    )
22:28:37.867 INFO  org.hibernate.orm.connections.access.getIsolatedConnection(52) - HHH10001501: Connection obtained from JdbcConnectionAccess [org.hibernate.engine.jdbc.env.internal.JdbcEnvironmentInitiator$ConnectionProviderJdbcConnectionAccess@71f29d91] for (non-JTA) DDL execution was not in auto-commit mode; the Connection 'local transaction' will be committed and the Connection will be set into auto-commit mode.
22:28:37.877 DEBUG org.hibernate.SQL.logStatement(135) - 
    create sequence simple_type_SEQ start with 1 increment by 50
Hibernate: 
    create sequence simple_type_SEQ start with 1 increment by 50
22:28:37.890 DEBUG org.hibernate.internal.SessionFactoryRegistry.<init>(52) - Initializing SessionFactoryRegistry : org.hibernate.internal.SessionFactoryRegistry@78fb72cb
22:28:37.890 DEBUG org.hibernate.internal.SessionFactoryRegistry.addSessionFactory(74) - Registering SessionFactory: c11f8213-428e-44ee-8748-d32a2636bbb0 (<unnamed>)
22:28:37.891 DEBUG org.hibernate.internal.SessionFactoryRegistry.addSessionFactory(81) - Not binding SessionFactory to JNDI, no JNDI name configured
22:28:37.891 DEBUG org.hibernate.internal.SessionFactoryImpl.<init>(343) - Instantiated SessionFactory
22:28:37.970 DEBUG org.hibernate.stat.internal.StatisticsInitiator.initiateServiceInternal(86) - Statistics initialized [enabled=false]
22:28:37.976 DEBUG de.ruu.lib.jpa.se.hibernate.postgres.AbstractEntityManagerProducer.produce(84) - created entity manager: SessionImpl(1459113115<open>)
22:28:37.979 DEBUG de.ruu.lib.jpa.se.hibernate.postgres.demo.SimpleTypeRepository.postConstruct(18) - injected entity manager successfully: true
22:28:38.006 DEBUG org.hibernate.SQL.logStatement(135) - 
    select
        nextval('simple_type_SEQ')
Hibernate: 
    select
        nextval('simple_type_SEQ')
22:28:38.016 DEBUG org.hibernate.id.enhanced.SequenceStructure.getNextValue(108) - Sequence value obtained: 1
22:28:38.019 DEBUG org.hibernate.event.internal.AbstractSaveEventListener.generateId(162) - Generated identifier: 1, using strategy: org.hibernate.id.enhanced.SequenceStyleGenerator
]]></system-out>
  </testcase>
  <testcase name="testAbstractRepositoryWithTransaction" classname="de.ruu.lib.jpa.se.hibernate.postgres.demo.TestAbstractRepository" time="0.084">
    <system-out><![CDATA[22:28:38.048 DEBUG de.ruu.lib.junit.DisableOnServerNotListening.evaluateExecutionCondition(26) - annotated Element: void de.ruu.lib.jpa.se.hibernate.postgres.demo.TestAbstractRepository.testAbstractRepositoryWithTransaction()
22:28:38.048 DEBUG de.ruu.lib.junit.DisableOnServerNotListening.evaluateExecutionCondition(90) - annotation not found -> execution enabled
22:28:38.052 DEBUG org.hibernate.engine.transaction.internal.TransactionImpl.<init>(53) - On TransactionImpl creation, JpaCompliance#isJpaTransactionComplianceEnabled == false
22:28:38.052 DEBUG org.hibernate.engine.transaction.internal.TransactionImpl.begin(81) - begin
22:28:38.053 DEBUG org.hibernate.SQL.logStatement(135) - 
    select
        nextval('simple_type_SEQ')
Hibernate: 
    select
        nextval('simple_type_SEQ')
22:28:38.055 DEBUG org.hibernate.id.enhanced.SequenceStructure.getNextValue(108) - Sequence value obtained: 51
22:28:38.055 DEBUG org.hibernate.event.internal.AbstractSaveEventListener.generateId(162) - Generated identifier: 2, using strategy: org.hibernate.id.enhanced.SequenceStyleGenerator
22:28:38.074 DEBUG org.hibernate.orm.results.loading.loadFromSessionCache(167) - Load request found matching entity in context, but it is scheduled for removal; returning null
22:28:38.074 DEBUG org.hibernate.engine.transaction.internal.TransactionImpl.commit(98) - committing
22:28:38.075 DEBUG org.hibernate.event.internal.AbstractFlushingEventListener.prepareEntityFlushes(150) - Processing flush-time cascades
22:28:38.076 DEBUG org.hibernate.event.internal.AbstractFlushingEventListener.prepareCollectionFlushes(223) - Dirty checking collections
22:28:38.086 DEBUG org.hibernate.event.internal.AbstractFlushingEventListener.logFlushResults(124) - Flushed: 2 insertions, 0 updates, 1 deletions to 2 objects
22:28:38.086 DEBUG org.hibernate.event.internal.AbstractFlushingEventListener.logFlushResults(131) - Flushed: 0 (re)creations, 0 updates, 0 removals to 0 collections
22:28:38.088 DEBUG org.hibernate.internal.util.EntityPrinter.toString(113) - Listing entities:
22:28:38.089 DEBUG org.hibernate.internal.util.EntityPrinter.toString(124) - de.ruu.lib.jpa.se.hibernate.postgres.demo.SimpleTypeEntity{name=schmottekk, id=1, version=0}
22:28:38.089 DEBUG org.hibernate.internal.util.EntityPrinter.toString(124) - de.ruu.lib.jpa.se.hibernate.postgres.demo.SimpleTypeEntity{name=äffchen, id=2, version=0}
22:28:38.102 DEBUG org.hibernate.SQL.logStatement(135) - 
    insert 
    into
        lib_test.simple_type
        (name, version, id) 
    values
        (?, ?, ?)
Hibernate: 
    insert 
    into
        lib_test.simple_type
        (name, version, id) 
    values
        (?, ?, ?)
22:28:38.105 TRACE org.hibernate.orm.jdbc.bind.logBinding(24) - binding parameter (1:VARCHAR) <- [schmottekk]
22:28:38.105 TRACE org.hibernate.orm.jdbc.bind.logBinding(24) - binding parameter (2:SMALLINT) <- [0]
22:28:38.107 TRACE org.hibernate.orm.jdbc.bind.logBinding(24) - binding parameter (3:BIGINT) <- [1]
22:28:38.113 DEBUG org.hibernate.SQL.logStatement(135) - 
    insert 
    into
        lib_test.simple_type
        (name, version, id) 
    values
        (?, ?, ?)
Hibernate: 
    insert 
    into
        lib_test.simple_type
        (name, version, id) 
    values
        (?, ?, ?)
22:28:38.114 TRACE org.hibernate.orm.jdbc.bind.logBinding(24) - binding parameter (1:VARCHAR) <- [schmottekk]
22:28:38.114 TRACE org.hibernate.orm.jdbc.bind.logBinding(24) - binding parameter (2:SMALLINT) <- [0]
22:28:38.114 TRACE org.hibernate.orm.jdbc.bind.logBinding(24) - binding parameter (3:BIGINT) <- [2]
22:28:38.119 DEBUG org.hibernate.SQL.logStatement(135) - 
    delete 
    from
        lib_test.simple_type 
    where
        id=? 
        and version=?
Hibernate: 
    delete 
    from
        lib_test.simple_type 
    where
        id=? 
        and version=?
22:28:38.119 TRACE org.hibernate.orm.jdbc.bind.logBinding(24) - binding parameter (1:BIGINT) <- [2]
22:28:38.120 TRACE org.hibernate.orm.jdbc.bind.logBinding(24) - binding parameter (2:SMALLINT) <- [0]
22:28:38.132 DEBUG org.hibernate.resource.jdbc.internal.LogicalConnectionManagedImpl.afterTransaction(192) - Initiating JDBC connection release from afterTransaction
22:28:38.133 DEBUG org.hibernate.resource.jdbc.internal.LogicalConnectionManagedImpl.afterTransaction(192) - Initiating JDBC connection release from afterTransaction
]]></system-out>
  </testcase>
</testsuite>