<?xml version="1.0" encoding="UTF-8"?>
<testsuite xmlns:xsi="http://www.w3.org/2001/XMLSchema-instance" xsi:noNamespaceSchemaLocation="https://maven.apache.org/surefire/maven-surefire-plugin/xsd/surefire-test-report.xsd" version="3.0.2" name="de.ruu.lib.jpa.se.hibernate.postgres.demo.TestAbstractRepository" time="2.105" tests="2" errors="0" skipped="0" failures="0">
  <properties>
[...]
</properties>
  <testcase name="testAbstractRepositoryWithoutTransaction" classname="de.ruu.lib.jpa.se.hibernate.postgres.demo.TestAbstractRepository" time="1.353">
    <system-out><![CDATA[09:09:13.319 DEBUG de.ruu.lib.junit.DisableOnServerNotListening.evaluateExecutionCondition(26) - annotated Element: class de.ruu.lib.jpa.se.hibernate.postgres.demo.TestAbstractRepository
09:09:13.324 DEBUG de.ruu.lib.junit.DisableOnServerNotListening.evaluateExecutionCondition(37) - 
property name host: database.host
property name port: database.port
09:09:13.361 DEBUG org.jboss.logging.logProvider(162) - Logging Provider: org.jboss.logging.Log4j2LoggerProvider
09:09:13.387 DEBUG io.smallrye.config.getSources(1077) - SRCFG01006: Loaded ConfigSource SysPropConfigSource with ordinal 400
09:09:13.387 DEBUG io.smallrye.config.getSources(1077) - SRCFG01006: Loaded ConfigSource EnvConfigSource with ordinal 300
09:09:13.388 DEBUG io.smallrye.config.getSources(1077) - SRCFG01006: Loaded ConfigSource PropertiesConfigSource[source=file:/C:/Users/r-uu/develop/github/codespace/r-uu/lib/jpa/se.hibernate.postgres.demo/target/test-classes/META-INF/microprofile-config.properties] with ordinal 100
09:09:13.388 DEBUG io.smallrye.config.getSources(1077) - SRCFG01006: Loaded ConfigSource PropertiesConfigSource[source=file:/C:/Users/r-uu/develop/github/codespace/r-uu/lib/jpa/se.hibernate.postgres.demo/target/test-classes/META-INF/microprofile-config.properties] with ordinal 100
09:09:13.388 DEBUG io.smallrye.config.getSources(1077) - SRCFG01006: Loaded ConfigSource DefaultValuesConfigSource with ordinal -2147483648
09:09:13.406 DEBUG de.ruu.lib.junit.DisableOnServerNotListening.evaluateExecutionCondition(65) - server at "localhost:5432" is listening -> execution enabled
09:09:13.447 DEBUG de.ruu.lib.cdi.se.CDIContainer.bootstrap(72) - initialising CDI
09:09:13.448 DEBUG de.ruu.lib.cdi.se.CDIContainer.checkIfBeansXMLIsPresent(108) - found META-INF/beans.xml in file:///C:/Users/r-uu/develop/github/codespace/r-uu/lib/cdi/se/target/r-uu.codespace.lib.cdi.se-0.0.1.jar!/META-INF/beans.xml
09:09:13.464 INFO  org.jboss.weld.Version.<clinit>(150) - WELD-000900: 5.1.2 (Final)
09:09:13.555 INFO  org.jboss.weld.Bootstrap.create(68) - WELD-ENV-000020: Using jandex for bean discovery
09:09:13.758 INFO  org.jboss.weld.Bootstrap.startContainer(227) - WELD-000101: Transactional services not available. Injection of @Inject UserTransaction not available. Transactional observers will be invoked synchronously.
09:09:13.957 WARN  org.jboss.weld.Validator.lambda$static$6(65) - WELD-001478: Interceptor class de.ruu.lib.jpa.se.hibernate.postgres.demo.TransactionalInterceptorCDI is enabled for the application and for the bean archive C:\Users\r-uu\develop\github\codespace\r-uu\lib\jpa\se.hibernate.postgres.demo\target\classes. It will only be invoked in the @Priority part of the chain.
09:09:14.105 INFO  org.jboss.weld.Bootstrap.fireContainerInitializedEvent(242) - WELD-ENV-002003: Weld SE container b5b3b6b3-776d-4dd2-9f91-8f2ef1c10458 initialized
09:09:14.109 DEBUG de.ruu.lib.cdi.se.CDIContainer.bootstrap(87) - initialised CDI successfully: true
09:09:14.109 DEBUG de.ruu.lib.jpa.se.hibernate.postgres.demo.TestAbstractRepository.beforeAll(30) - cdi bootstrapped successfully
09:09:14.112 DEBUG de.ruu.lib.junit.DisableOnServerNotListening.evaluateExecutionCondition(26) - annotated Element: void de.ruu.lib.jpa.se.hibernate.postgres.demo.TestAbstractRepository.testAbstractRepositoryWithoutTransaction()
09:09:14.113 DEBUG de.ruu.lib.junit.DisableOnServerNotListening.evaluateExecutionCondition(90) - annotation not found -> execution enabled
09:09:14.151 DEBUG org.hibernate.jpa.internal.util.LogHelper.logPersistenceUnitInformation(102) - PersistenceUnitInfo [
	name: lib_test
	persistence provider classname: org.hibernate.jpa.HibernatePersistenceProvider
	classloader: jdk.internal.loader.ClassLoaders$AppClassLoader@6325a3ee
	excludeUnlistedClasses: false
	JTA datasource: org.postgresql.ds.PGSimpleDataSource@5cbe2654
	Non JTA datasource: org.postgresql.ds.PGSimpleDataSource@5cbe2654
	Transaction type: RESOURCE_LOCAL
	PU root URL: null
	Shared Cache Mode: UNSPECIFIED
	Validation Mode: AUTO
	Jar files URLs []
	Managed classes names [
		de.ruu.lib.jpa.se.hibernate.postgres.demo.SimpleTypeEntity]
	Mapping files names []
	Properties [
		persistence.unit.class.loader: null
		persistence.unit.jar.file.urls: null
		persistence.unit.jta.data.source: null
		persistence.unit.mapping.file.names: null
		persistence.unit.transaction.type: null
		persistence.unit.shared.cache.mode: null
		persistence.unit.persistence.unit.name: lib_test
		persistence.unit.managed.class.names: null
		persistence.unit.persistence.provider.class.name: org.hibernate.jpa.HibernatePersistenceProvider
		persistence.unit.exclude.unlisted.classes: null
		persistence.unit.validation.mode: null
		persistence.unit.persistence.xml.schema.version: 3.0
		persistence.unit.properties: null]
09:09:14.158 DEBUG org.hibernate.integrator.internal.IntegratorServiceImpl.addIntegrator(51) - Adding Integrator [org.hibernate.boot.beanvalidation.BeanValidationIntegrator].
09:09:14.161 DEBUG org.hibernate.integrator.internal.IntegratorServiceImpl.addIntegrator(51) - Adding Integrator [org.hibernate.cache.internal.CollectionCacheInvalidator].
09:09:14.197 INFO  org.hibernate.Version.logVersion(44) - HHH000412: Hibernate ORM core version [WORKING]
09:09:14.198 DEBUG org.hibernate.cfg.Environment.<clinit>(163) - HHH000206: 'hibernate.properties' not found
09:09:14.213 DEBUG org.hibernate.orm.idgen.factory.getBeanContainer(95) - Ignoring CDI for resolving IdentifierGenerator instances as extended or delayed CDI support was enabled
09:09:14.216 DEBUG org.hibernate.orm.idgen.factory.register(173) - Registering IdentifierGenerator strategy [uuid2] -> [org.hibernate.id.UUIDGenerator]
09:09:14.217 DEBUG org.hibernate.orm.idgen.factory.register(173) - Registering IdentifierGenerator strategy [guid] -> [org.hibernate.id.GUIDGenerator]
09:09:14.217 DEBUG org.hibernate.orm.idgen.factory.register(173) - Registering IdentifierGenerator strategy [uuid] -> [org.hibernate.id.UUIDHexGenerator]
09:09:14.217 DEBUG org.hibernate.orm.idgen.factory.register(173) - Registering IdentifierGenerator strategy [uuid.hex] -> [org.hibernate.id.UUIDHexGenerator]
09:09:14.217 DEBUG org.hibernate.orm.idgen.factory.register(173) - Registering IdentifierGenerator strategy [assigned] -> [org.hibernate.id.Assigned]
09:09:14.218 DEBUG org.hibernate.orm.idgen.factory.register(173) - Registering IdentifierGenerator strategy [identity] -> [org.hibernate.id.IdentityGenerator]
09:09:14.218 DEBUG org.hibernate.orm.idgen.factory.register(173) - Registering IdentifierGenerator strategy [select] -> [org.hibernate.id.SelectGenerator]
09:09:14.219 DEBUG org.hibernate.orm.idgen.factory.register(173) - Registering IdentifierGenerator strategy [sequence] -> [org.hibernate.id.enhanced.SequenceStyleGenerator]
09:09:14.219 DEBUG org.hibernate.orm.idgen.factory.register(173) - Registering IdentifierGenerator strategy [increment] -> [org.hibernate.id.IncrementGenerator]
09:09:14.220 DEBUG org.hibernate.orm.idgen.factory.register(173) - Registering IdentifierGenerator strategy [foreign] -> [org.hibernate.id.ForeignGenerator]
09:09:14.220 DEBUG org.hibernate.orm.idgen.factory.register(173) - Registering IdentifierGenerator strategy [enhanced-sequence] -> [org.hibernate.id.enhanced.SequenceStyleGenerator]
09:09:14.221 DEBUG org.hibernate.orm.idgen.factory.register(173) - Registering IdentifierGenerator strategy [enhanced-table] -> [org.hibernate.id.enhanced.TableGenerator]
09:09:14.228 INFO  org.hibernate.cache.internal.RegionFactoryInitiator.initiateService(50) - HHH000026: Second-level cache disabled
09:09:14.287 DEBUG org.hibernate.type.BasicTypeRegistry.applyRegistrationKeys(420) - Adding type registration boolean -> org.hibernate.type.BasicTypeReference@30c4e352
09:09:14.287 DEBUG org.hibernate.type.BasicTypeRegistry.applyRegistrationKeys(420) - Adding type registration boolean -> org.hibernate.type.BasicTypeReference@30c4e352
09:09:14.287 DEBUG org.hibernate.type.BasicTypeRegistry.applyRegistrationKeys(420) - Adding type registration java.lang.Boolean -> org.hibernate.type.BasicTypeReference@30c4e352
09:09:14.289 DEBUG org.hibernate.type.BasicTypeRegistry.applyRegistrationKeys(420) - Adding type registration numeric_boolean -> org.hibernate.type.BasicTypeReference@f1dd5b4
09:09:14.289 DEBUG org.hibernate.type.BasicTypeRegistry.applyRegistrationKeys(420) - Adding type registration org.hibernate.type.NumericBooleanConverter -> org.hibernate.type.BasicTypeReference@f1dd5b4
09:09:14.289 DEBUG org.hibernate.type.BasicTypeRegistry.applyRegistrationKeys(420) - Adding type registration true_false -> org.hibernate.type.BasicTypeReference@73809e7
09:09:14.289 DEBUG org.hibernate.type.BasicTypeRegistry.applyRegistrationKeys(420) - Adding type registration org.hibernate.type.TrueFalseConverter -> org.hibernate.type.BasicTypeReference@73809e7
09:09:14.289 DEBUG org.hibernate.type.BasicTypeRegistry.applyRegistrationKeys(420) - Adding type registration yes_no -> org.hibernate.type.BasicTypeReference@5f96f6a2
09:09:14.289 DEBUG org.hibernate.type.BasicTypeRegistry.applyRegistrationKeys(420) - Adding type registration org.hibernate.type.YesNoConverter -> org.hibernate.type.BasicTypeReference@5f96f6a2
09:09:14.289 DEBUG org.hibernate.type.BasicTypeRegistry.applyRegistrationKeys(420) - Adding type registration byte -> org.hibernate.type.BasicTypeReference@48df4071
09:09:14.290 DEBUG org.hibernate.type.BasicTypeRegistry.applyRegistrationKeys(420) - Adding type registration byte -> org.hibernate.type.BasicTypeReference@48df4071
09:09:14.290 DEBUG org.hibernate.type.BasicTypeRegistry.applyRegistrationKeys(420) - Adding type registration java.lang.Byte -> org.hibernate.type.BasicTypeReference@48df4071
09:09:14.290 DEBUG org.hibernate.type.BasicTypeRegistry.applyRegistrationKeys(420) - Adding type registration binary -> org.hibernate.type.BasicTypeReference@290e8cab
09:09:14.290 DEBUG org.hibernate.type.BasicTypeRegistry.applyRegistrationKeys(420) - Adding type registration byte[] -> org.hibernate.type.BasicTypeReference@290e8cab
09:09:14.290 DEBUG org.hibernate.type.BasicTypeRegistry.applyRegistrationKeys(420) - Adding type registration [B -> org.hibernate.type.BasicTypeReference@290e8cab
09:09:14.290 DEBUG org.hibernate.type.BasicTypeRegistry.applyRegistrationKeys(420) - Adding type registration binary_wrapper -> org.hibernate.type.BasicTypeReference@6e3ecf5c
09:09:14.290 DEBUG org.hibernate.type.BasicTypeRegistry.applyRegistrationKeys(420) - Adding type registration wrapper-binary -> org.hibernate.type.BasicTypeReference@6e3ecf5c
09:09:14.290 DEBUG org.hibernate.type.BasicTypeRegistry.applyRegistrationKeys(420) - Adding type registration image -> org.hibernate.type.BasicTypeReference@67507df
09:09:14.291 DEBUG org.hibernate.type.BasicTypeRegistry.applyRegistrationKeys(420) - Adding type registration blob -> org.hibernate.type.BasicTypeReference@341b13a8
09:09:14.291 DEBUG org.hibernate.type.BasicTypeRegistry.applyRegistrationKeys(420) - Adding type registration java.sql.Blob -> org.hibernate.type.BasicTypeReference@341b13a8
09:09:14.291 DEBUG org.hibernate.type.BasicTypeRegistry.applyRegistrationKeys(420) - Adding type registration materialized_blob -> org.hibernate.type.BasicTypeReference@692dba54
09:09:14.291 DEBUG org.hibernate.type.BasicTypeRegistry.applyRegistrationKeys(420) - Adding type registration materialized_blob_wrapper -> org.hibernate.type.BasicTypeReference@71f1cc02
09:09:14.291 DEBUG org.hibernate.type.BasicTypeRegistry.applyRegistrationKeys(420) - Adding type registration short -> org.hibernate.type.BasicTypeReference@5f14761c
09:09:14.292 DEBUG org.hibernate.type.BasicTypeRegistry.applyRegistrationKeys(420) - Adding type registration short -> org.hibernate.type.BasicTypeReference@5f14761c
09:09:14.292 DEBUG org.hibernate.type.BasicTypeRegistry.applyRegistrationKeys(420) - Adding type registration java.lang.Short -> org.hibernate.type.BasicTypeReference@5f14761c
09:09:14.292 DEBUG org.hibernate.type.BasicTypeRegistry.applyRegistrationKeys(420) - Adding type registration integer -> org.hibernate.type.BasicTypeReference@33feb805
09:09:14.292 DEBUG org.hibernate.type.BasicTypeRegistry.applyRegistrationKeys(420) - Adding type registration int -> org.hibernate.type.BasicTypeReference@33feb805
09:09:14.293 DEBUG org.hibernate.type.BasicTypeRegistry.applyRegistrationKeys(420) - Adding type registration java.lang.Integer -> org.hibernate.type.BasicTypeReference@33feb805
09:09:14.293 DEBUG org.hibernate.type.BasicTypeRegistry.applyRegistrationKeys(420) - Adding type registration long -> org.hibernate.type.BasicTypeReference@37854b34
09:09:14.293 DEBUG org.hibernate.type.BasicTypeRegistry.applyRegistrationKeys(420) - Adding type registration long -> org.hibernate.type.BasicTypeReference@37854b34
09:09:14.293 DEBUG org.hibernate.type.BasicTypeRegistry.applyRegistrationKeys(420) - Adding type registration java.lang.Long -> org.hibernate.type.BasicTypeReference@37854b34
09:09:14.293 DEBUG org.hibernate.type.BasicTypeRegistry.applyRegistrationKeys(420) - Adding type registration float -> org.hibernate.type.BasicTypeReference@48eb001a
09:09:14.293 DEBUG org.hibernate.type.BasicTypeRegistry.applyRegistrationKeys(420) - Adding type registration float -> org.hibernate.type.BasicTypeReference@48eb001a
09:09:14.293 DEBUG org.hibernate.type.BasicTypeRegistry.applyRegistrationKeys(420) - Adding type registration java.lang.Float -> org.hibernate.type.BasicTypeReference@48eb001a
09:09:14.293 DEBUG org.hibernate.type.BasicTypeRegistry.applyRegistrationKeys(420) - Adding type registration double -> org.hibernate.type.BasicTypeReference@34332b8d
09:09:14.293 DEBUG org.hibernate.type.BasicTypeRegistry.applyRegistrationKeys(420) - Adding type registration double -> org.hibernate.type.BasicTypeReference@34332b8d
09:09:14.294 DEBUG org.hibernate.type.BasicTypeRegistry.applyRegistrationKeys(420) - Adding type registration java.lang.Double -> org.hibernate.type.BasicTypeReference@34332b8d
09:09:14.294 DEBUG org.hibernate.type.BasicTypeRegistry.applyRegistrationKeys(420) - Adding type registration big_integer -> org.hibernate.type.BasicTypeReference@724b939e
09:09:14.294 DEBUG org.hibernate.type.BasicTypeRegistry.applyRegistrationKeys(420) - Adding type registration java.math.BigInteger -> org.hibernate.type.BasicTypeReference@724b939e
09:09:14.294 DEBUG org.hibernate.type.BasicTypeRegistry.applyRegistrationKeys(420) - Adding type registration big_decimal -> org.hibernate.type.BasicTypeReference@6f8aba08
09:09:14.294 DEBUG org.hibernate.type.BasicTypeRegistry.applyRegistrationKeys(420) - Adding type registration java.math.BigDecimal -> org.hibernate.type.BasicTypeReference@6f8aba08
09:09:14.294 DEBUG org.hibernate.type.BasicTypeRegistry.applyRegistrationKeys(420) - Adding type registration character -> org.hibernate.type.BasicTypeReference@7ff19c33
09:09:14.294 DEBUG org.hibernate.type.BasicTypeRegistry.applyRegistrationKeys(420) - Adding type registration char -> org.hibernate.type.BasicTypeReference@7ff19c33
09:09:14.294 DEBUG org.hibernate.type.BasicTypeRegistry.applyRegistrationKeys(420) - Adding type registration java.lang.Character -> org.hibernate.type.BasicTypeReference@7ff19c33
09:09:14.295 DEBUG org.hibernate.type.BasicTypeRegistry.applyRegistrationKeys(420) - Adding type registration character_nchar -> org.hibernate.type.BasicTypeReference@52b3bf03
09:09:14.295 DEBUG org.hibernate.type.BasicTypeRegistry.applyRegistrationKeys(420) - Adding type registration string -> org.hibernate.type.BasicTypeReference@7cca01a8
09:09:14.295 DEBUG org.hibernate.type.BasicTypeRegistry.applyRegistrationKeys(420) - Adding type registration java.lang.String -> org.hibernate.type.BasicTypeReference@7cca01a8
09:09:14.295 DEBUG org.hibernate.type.BasicTypeRegistry.applyRegistrationKeys(420) - Adding type registration nstring -> org.hibernate.type.BasicTypeReference@462abec3
09:09:14.296 DEBUG org.hibernate.type.BasicTypeRegistry.applyRegistrationKeys(420) - Adding type registration characters -> org.hibernate.type.BasicTypeReference@35c9a231
09:09:14.296 DEBUG org.hibernate.type.BasicTypeRegistry.applyRegistrationKeys(420) - Adding type registration char[] -> org.hibernate.type.BasicTypeReference@35c9a231
09:09:14.296 DEBUG org.hibernate.type.BasicTypeRegistry.applyRegistrationKeys(420) - Adding type registration [C -> org.hibernate.type.BasicTypeReference@35c9a231
09:09:14.296 DEBUG org.hibernate.type.BasicTypeRegistry.applyRegistrationKeys(420) - Adding type registration wrapper-characters -> org.hibernate.type.BasicTypeReference@7a4d582c
09:09:14.296 DEBUG org.hibernate.type.BasicTypeRegistry.applyRegistrationKeys(420) - Adding type registration text -> org.hibernate.type.BasicTypeReference@5626d18c
09:09:14.296 DEBUG org.hibernate.type.BasicTypeRegistry.applyRegistrationKeys(420) - Adding type registration ntext -> org.hibernate.type.BasicTypeReference@45e9b12d
09:09:14.296 DEBUG org.hibernate.type.BasicTypeRegistry.applyRegistrationKeys(420) - Adding type registration clob -> org.hibernate.type.BasicTypeReference@3dc95b8b
09:09:14.296 DEBUG org.hibernate.type.BasicTypeRegistry.applyRegistrationKeys(420) - Adding type registration java.sql.Clob -> org.hibernate.type.BasicTypeReference@3dc95b8b
09:09:14.296 DEBUG org.hibernate.type.BasicTypeRegistry.applyRegistrationKeys(420) - Adding type registration nclob -> org.hibernate.type.BasicTypeReference@2d55e826
09:09:14.296 DEBUG org.hibernate.type.BasicTypeRegistry.applyRegistrationKeys(420) - Adding type registration java.sql.NClob -> org.hibernate.type.BasicTypeReference@2d55e826
09:09:14.296 DEBUG org.hibernate.type.BasicTypeRegistry.applyRegistrationKeys(420) - Adding type registration materialized_clob -> org.hibernate.type.BasicTypeReference@4d1ff6b1
09:09:14.296 DEBUG org.hibernate.type.BasicTypeRegistry.applyRegistrationKeys(420) - Adding type registration materialized_clob_char_array -> org.hibernate.type.BasicTypeReference@45f756e6
09:09:14.296 DEBUG org.hibernate.type.BasicTypeRegistry.applyRegistrationKeys(420) - Adding type registration materialized_clob_character_array -> org.hibernate.type.BasicTypeReference@329548d0
09:09:14.297 DEBUG org.hibernate.type.BasicTypeRegistry.applyRegistrationKeys(420) - Adding type registration materialized_nclob -> org.hibernate.type.BasicTypeReference@3003827c
09:09:14.297 DEBUG org.hibernate.type.BasicTypeRegistry.applyRegistrationKeys(420) - Adding type registration materialized_nclob_character_array -> org.hibernate.type.BasicTypeReference@29b40b3
09:09:14.297 DEBUG org.hibernate.type.BasicTypeRegistry.applyRegistrationKeys(420) - Adding type registration materialized_nclob_char_array -> org.hibernate.type.BasicTypeReference@7d247660
09:09:14.297 DEBUG org.hibernate.type.BasicTypeRegistry.applyRegistrationKeys(420) - Adding type registration Duration -> org.hibernate.type.BasicTypeReference@656f62dc
09:09:14.297 DEBUG org.hibernate.type.BasicTypeRegistry.applyRegistrationKeys(420) - Adding type registration java.time.Duration -> org.hibernate.type.BasicTypeReference@656f62dc
09:09:14.298 DEBUG org.hibernate.type.BasicTypeRegistry.applyRegistrationKeys(420) - Adding type registration LocalDateTime -> org.hibernate.type.BasicTypeReference@49d30c6f
09:09:14.298 DEBUG org.hibernate.type.BasicTypeRegistry.applyRegistrationKeys(420) - Adding type registration java.time.LocalDateTime -> org.hibernate.type.BasicTypeReference@49d30c6f
09:09:14.298 DEBUG org.hibernate.type.BasicTypeRegistry.applyRegistrationKeys(420) - Adding type registration LocalDate -> org.hibernate.type.BasicTypeReference@1115433e
09:09:14.298 DEBUG org.hibernate.type.BasicTypeRegistry.applyRegistrationKeys(420) - Adding type registration java.time.LocalDate -> org.hibernate.type.BasicTypeReference@1115433e
09:09:14.298 DEBUG org.hibernate.type.BasicTypeRegistry.applyRegistrationKeys(420) - Adding type registration LocalTime -> org.hibernate.type.BasicTypeReference@4fdca00a
09:09:14.298 DEBUG org.hibernate.type.BasicTypeRegistry.applyRegistrationKeys(420) - Adding type registration java.time.LocalTime -> org.hibernate.type.BasicTypeReference@4fdca00a
09:09:14.298 DEBUG org.hibernate.type.BasicTypeRegistry.applyRegistrationKeys(420) - Adding type registration OffsetDateTime -> org.hibernate.type.BasicTypeReference@513b52af
09:09:14.299 DEBUG org.hibernate.type.BasicTypeRegistry.applyRegistrationKeys(420) - Adding type registration java.time.OffsetDateTime -> org.hibernate.type.BasicTypeReference@513b52af
09:09:14.299 DEBUG org.hibernate.type.BasicTypeRegistry.applyRegistrationKeys(420) - Adding type registration OffsetDateTimeWithTimezone -> org.hibernate.type.BasicTypeReference@5a8c93
09:09:14.299 DEBUG org.hibernate.type.BasicTypeRegistry.applyRegistrationKeys(420) - Adding type registration OffsetDateTimeWithoutTimezone -> org.hibernate.type.BasicTypeReference@3bed3315
09:09:14.299 DEBUG org.hibernate.type.BasicTypeRegistry.applyRegistrationKeys(420) - Adding type registration OffsetTime -> org.hibernate.type.BasicTypeReference@119b0892
09:09:14.299 DEBUG org.hibernate.type.BasicTypeRegistry.applyRegistrationKeys(420) - Adding type registration java.time.OffsetTime -> org.hibernate.type.BasicTypeReference@119b0892
09:09:14.299 DEBUG org.hibernate.type.BasicTypeRegistry.applyRegistrationKeys(420) - Adding type registration OffsetTimeUtc -> org.hibernate.type.BasicTypeReference@1a3e8e24
09:09:14.299 DEBUG org.hibernate.type.BasicTypeRegistry.applyRegistrationKeys(420) - Adding type registration OffsetTimeWithTimezone -> org.hibernate.type.BasicTypeReference@4ed4a7e4
09:09:14.299 DEBUG org.hibernate.type.BasicTypeRegistry.applyRegistrationKeys(420) - Adding type registration OffsetTimeWithoutTimezone -> org.hibernate.type.BasicTypeReference@1c7350b0
09:09:14.299 DEBUG org.hibernate.type.BasicTypeRegistry.applyRegistrationKeys(420) - Adding type registration ZonedDateTime -> org.hibernate.type.BasicTypeReference@55651434
09:09:14.299 DEBUG org.hibernate.type.BasicTypeRegistry.applyRegistrationKeys(420) - Adding type registration java.time.ZonedDateTime -> org.hibernate.type.BasicTypeReference@55651434
09:09:14.300 DEBUG org.hibernate.type.BasicTypeRegistry.applyRegistrationKeys(420) - Adding type registration ZonedDateTimeWithTimezone -> org.hibernate.type.BasicTypeReference@3bc4ef12
09:09:14.300 DEBUG org.hibernate.type.BasicTypeRegistry.applyRegistrationKeys(420) - Adding type registration ZonedDateTimeWithoutTimezone -> org.hibernate.type.BasicTypeReference@50448409
09:09:14.300 DEBUG org.hibernate.type.BasicTypeRegistry.applyRegistrationKeys(420) - Adding type registration date -> org.hibernate.type.BasicTypeReference@5634a861
09:09:14.300 DEBUG org.hibernate.type.BasicTypeRegistry.applyRegistrationKeys(420) - Adding type registration java.sql.Date -> org.hibernate.type.BasicTypeReference@5634a861
09:09:14.300 DEBUG org.hibernate.type.BasicTypeRegistry.applyRegistrationKeys(420) - Adding type registration time -> org.hibernate.type.BasicTypeReference@2b0dc227
09:09:14.300 DEBUG org.hibernate.type.BasicTypeRegistry.applyRegistrationKeys(420) - Adding type registration java.sql.Time -> org.hibernate.type.BasicTypeReference@2b0dc227
09:09:14.301 DEBUG org.hibernate.type.BasicTypeRegistry.applyRegistrationKeys(420) - Adding type registration timestamp -> org.hibernate.type.BasicTypeReference@37ad042b
09:09:14.301 DEBUG org.hibernate.type.BasicTypeRegistry.applyRegistrationKeys(420) - Adding type registration java.sql.Timestamp -> org.hibernate.type.BasicTypeReference@37ad042b
09:09:14.301 DEBUG org.hibernate.type.BasicTypeRegistry.applyRegistrationKeys(420) - Adding type registration java.util.Date -> org.hibernate.type.BasicTypeReference@37ad042b
09:09:14.301 DEBUG org.hibernate.type.BasicTypeRegistry.applyRegistrationKeys(420) - Adding type registration calendar -> org.hibernate.type.BasicTypeReference@43bdaa1b
09:09:14.301 DEBUG org.hibernate.type.BasicTypeRegistry.applyRegistrationKeys(420) - Adding type registration java.util.Calendar -> org.hibernate.type.BasicTypeReference@43bdaa1b
09:09:14.302 DEBUG org.hibernate.type.BasicTypeRegistry.applyRegistrationKeys(420) - Adding type registration java.util.GregorianCalendar -> org.hibernate.type.BasicTypeReference@43bdaa1b
09:09:14.302 DEBUG org.hibernate.type.BasicTypeRegistry.applyRegistrationKeys(420) - Adding type registration calendar_date -> org.hibernate.type.BasicTypeReference@30b975ad
09:09:14.302 DEBUG org.hibernate.type.BasicTypeRegistry.applyRegistrationKeys(420) - Adding type registration calendar_time -> org.hibernate.type.BasicTypeReference@75e09567
09:09:14.302 DEBUG org.hibernate.type.BasicTypeRegistry.applyRegistrationKeys(420) - Adding type registration instant -> org.hibernate.type.BasicTypeReference@2a334bac
09:09:14.302 DEBUG org.hibernate.type.BasicTypeRegistry.applyRegistrationKeys(420) - Adding type registration java.time.Instant -> org.hibernate.type.BasicTypeReference@2a334bac
09:09:14.302 DEBUG org.hibernate.type.BasicTypeRegistry.applyRegistrationKeys(420) - Adding type registration uuid -> org.hibernate.type.BasicTypeReference@470d183
09:09:14.302 DEBUG org.hibernate.type.BasicTypeRegistry.applyRegistrationKeys(420) - Adding type registration java.util.UUID -> org.hibernate.type.BasicTypeReference@470d183
09:09:14.302 DEBUG org.hibernate.type.BasicTypeRegistry.applyRegistrationKeys(420) - Adding type registration pg-uuid -> org.hibernate.type.BasicTypeReference@470d183
09:09:14.302 DEBUG org.hibernate.type.BasicTypeRegistry.applyRegistrationKeys(420) - Adding type registration uuid-binary -> org.hibernate.type.BasicTypeReference@7f9fc8bd
09:09:14.302 DEBUG org.hibernate.type.BasicTypeRegistry.applyRegistrationKeys(420) - Adding type registration uuid-char -> org.hibernate.type.BasicTypeReference@ea52184
09:09:14.302 DEBUG org.hibernate.type.BasicTypeRegistry.applyRegistrationKeys(420) - Adding type registration class -> org.hibernate.type.BasicTypeReference@3e7b65d7
09:09:14.302 DEBUG org.hibernate.type.BasicTypeRegistry.applyRegistrationKeys(420) - Adding type registration java.lang.Class -> org.hibernate.type.BasicTypeReference@3e7b65d7
09:09:14.302 DEBUG org.hibernate.type.BasicTypeRegistry.applyRegistrationKeys(420) - Adding type registration currency -> org.hibernate.type.BasicTypeReference@3c854752
09:09:14.302 DEBUG org.hibernate.type.BasicTypeRegistry.applyRegistrationKeys(420) - Adding type registration Currency -> org.hibernate.type.BasicTypeReference@3c854752
09:09:14.303 DEBUG org.hibernate.type.BasicTypeRegistry.applyRegistrationKeys(420) - Adding type registration java.util.Currency -> org.hibernate.type.BasicTypeReference@3c854752
09:09:14.303 DEBUG org.hibernate.type.BasicTypeRegistry.applyRegistrationKeys(420) - Adding type registration locale -> org.hibernate.type.BasicTypeReference@3ddeaa5f
09:09:14.303 DEBUG org.hibernate.type.BasicTypeRegistry.applyRegistrationKeys(420) - Adding type registration java.util.Locale -> org.hibernate.type.BasicTypeReference@3ddeaa5f
09:09:14.303 DEBUG org.hibernate.type.BasicTypeRegistry.applyRegistrationKeys(420) - Adding type registration serializable -> org.hibernate.type.BasicTypeReference@1a500561
09:09:14.303 DEBUG org.hibernate.type.BasicTypeRegistry.applyRegistrationKeys(420) - Adding type registration java.io.Serializable -> org.hibernate.type.BasicTypeReference@1a500561
09:09:14.303 DEBUG org.hibernate.type.BasicTypeRegistry.applyRegistrationKeys(420) - Adding type registration timezone -> org.hibernate.type.BasicTypeReference@7f608e21
09:09:14.303 DEBUG org.hibernate.type.BasicTypeRegistry.applyRegistrationKeys(420) - Adding type registration java.util.TimeZone -> org.hibernate.type.BasicTypeReference@7f608e21
09:09:14.303 DEBUG org.hibernate.type.BasicTypeRegistry.applyRegistrationKeys(420) - Adding type registration ZoneOffset -> org.hibernate.type.BasicTypeReference@6949e948
09:09:14.303 DEBUG org.hibernate.type.BasicTypeRegistry.applyRegistrationKeys(420) - Adding type registration java.time.ZoneOffset -> org.hibernate.type.BasicTypeReference@6949e948
09:09:14.303 DEBUG org.hibernate.type.BasicTypeRegistry.applyRegistrationKeys(420) - Adding type registration url -> org.hibernate.type.BasicTypeReference@210d2a6c
09:09:14.303 DEBUG org.hibernate.type.BasicTypeRegistry.applyRegistrationKeys(420) - Adding type registration java.net.URL -> org.hibernate.type.BasicTypeReference@210d2a6c
09:09:14.304 DEBUG org.hibernate.type.BasicTypeRegistry.applyRegistrationKeys(420) - Adding type registration vector -> org.hibernate.type.BasicTypeReference@3bec5821
09:09:14.304 DEBUG org.hibernate.type.BasicTypeRegistry.applyRegistrationKeys(420) - Adding type registration float_vector -> org.hibernate.type.BasicTypeReference@4086d8fb
09:09:14.304 DEBUG org.hibernate.type.BasicTypeRegistry.applyRegistrationKeys(420) - Adding type registration double_vector -> org.hibernate.type.BasicTypeReference@66236a0a
09:09:14.304 DEBUG org.hibernate.type.BasicTypeRegistry.applyRegistrationKeys(420) - Adding type registration byte_vector -> org.hibernate.type.BasicTypeReference@2e3572e8
09:09:14.304 DEBUG org.hibernate.type.BasicTypeRegistry.applyRegistrationKeys(420) - Adding type registration row_version -> org.hibernate.type.BasicTypeReference@77c10a5f
09:09:14.308 DEBUG org.hibernate.type.BasicTypeRegistry.applyRegistrationKeys(395) - Adding type registration object -> org.hibernate.type.JavaObjectType@361abd01
09:09:14.308 DEBUG org.hibernate.type.BasicTypeRegistry.applyRegistrationKeys(395) - Adding type registration java.lang.Object -> org.hibernate.type.JavaObjectType@361abd01
09:09:14.309 DEBUG org.hibernate.type.BasicTypeRegistry.applyRegistrationKeys(395) - Adding type registration null -> org.hibernate.type.NullType@625a9c5d
09:09:14.309 DEBUG org.hibernate.type.BasicTypeRegistry.applyRegistrationKeys(420) - Adding type registration imm_date -> org.hibernate.type.BasicTypeReference@5d1e0fbb
09:09:14.309 DEBUG org.hibernate.type.BasicTypeRegistry.applyRegistrationKeys(420) - Adding type registration imm_time -> org.hibernate.type.BasicTypeReference@2eed37f4
09:09:14.309 DEBUG org.hibernate.type.BasicTypeRegistry.applyRegistrationKeys(420) - Adding type registration imm_timestamp -> org.hibernate.type.BasicTypeReference@9b76b60
09:09:14.309 DEBUG org.hibernate.type.BasicTypeRegistry.applyRegistrationKeys(420) - Adding type registration imm_calendar -> org.hibernate.type.BasicTypeReference@3fb9a67f
09:09:14.309 DEBUG org.hibernate.type.BasicTypeRegistry.applyRegistrationKeys(420) - Adding type registration imm_calendar_date -> org.hibernate.type.BasicTypeReference@127705e4
09:09:14.309 DEBUG org.hibernate.type.BasicTypeRegistry.applyRegistrationKeys(420) - Adding type registration imm_calendar_time -> org.hibernate.type.BasicTypeReference@5562c2c9
09:09:14.309 DEBUG org.hibernate.type.BasicTypeRegistry.applyRegistrationKeys(420) - Adding type registration imm_binary -> org.hibernate.type.BasicTypeReference@673c4f6e
09:09:14.309 DEBUG org.hibernate.type.BasicTypeRegistry.applyRegistrationKeys(420) - Adding type registration imm_serializable -> org.hibernate.type.BasicTypeReference@15c487a8
09:09:14.312 DEBUG org.hibernate.boot.internal.BootstrapContextImpl.injectScanEnvironment(301) - Injecting ScanEnvironment [org.hibernate.jpa.boot.internal.StandardJpaScanEnvironmentImpl@3d90eeb3] into BootstrapContext; was [null]
09:09:14.314 DEBUG org.hibernate.boot.internal.BootstrapContextImpl.injectScanOptions(296) - Injecting ScanOptions [org.hibernate.boot.archive.scan.internal.StandardScanOptions@1db87583] into BootstrapContext; was [org.hibernate.boot.archive.scan.internal.StandardScanOptions@7fb53256]
09:09:14.325 DEBUG org.hibernate.boot.internal.BootstrapContextImpl.injectJpaTempClassLoader(291) - Injecting JPA temp ClassLoader [null] into BootstrapContext; was [null]
09:09:14.325 DEBUG org.hibernate.boot.internal.ClassLoaderAccessImpl.injectTempClassLoader(45) - ClassLoaderAccessImpl#injectTempClassLoader(null) [was null]
09:09:14.338 WARN  org.hibernate.orm.connections.pooling.configure(86) - HHH10001002: Using built-in connection pool (not intended for production use)
09:09:14.340 DEBUG org.hibernate.orm.connections.pooling.debugf(383) - Initializing Connection pool with 1 Connections
09:09:14.461 DEBUG org.hibernate.engine.jdbc.env.internal.JdbcEnvironmentInitiator.logDatabaseAndDriver(397) - Database ->
	   name : PostgreSQL
	version : 17.2 (Debian 17.2-1.pgdg120+1)
	  major : 17
	  minor : 2
09:09:14.461 DEBUG org.hibernate.engine.jdbc.env.internal.JdbcEnvironmentInitiator.logDatabaseAndDriver(408) - Driver ->
	   name : PostgreSQL JDBC Driver
	version : 42.7.5
	  major : 42
	  minor : 7
09:09:14.461 DEBUG org.hibernate.engine.jdbc.env.internal.JdbcEnvironmentInitiator.debugf(388) - JDBC version : 4.2
09:09:14.504 DEBUG org.hibernate.orm.dialect.logSelectedDialect(94) - HHH035001: Using dialect: org.hibernate.dialect.PostgreSQLDialect, version: 17.2
09:09:14.506 DEBUG org.hibernate.engine.jdbc.env.spi.IdentifierHelperBuilder.applyIdentifierCasing(116) - JDBC driver metadata reported database stores quoted identifiers in neither upper, lower nor mixed case
09:09:14.514 DEBUG org.hibernate.orm.jdbc.lob.getSupportedContextualLobTypes(61) - HHH10010004: Disabling contextual LOB creation as Dialect reported it is not supported
09:09:14.516 INFO  org.hibernate.orm.connections.pooling.initiateService(157) - HHH10001005: Database info:
	Database JDBC URL [jdbc:postgresql://localhost:5432/lib]
	Database driver: org.postgresql.Driver
	Database version: 17.2
	Autocommit mode: false
	Isolation level: undefined/unknown
	Minimum pool size: 1
	Maximum pool size: 20
09:09:14.522 DEBUG org.hibernate.type.descriptor.sql.spi.DdlTypeRegistry.addDescriptor(64) - addDescriptor(2003, org.hibernate.type.descriptor.sql.internal.ArrayDdlTypeImpl@3b009e7b) replaced previous registration(org.hibernate.type.descriptor.sql.internal.ArrayDdlTypeImpl@270a620)
09:09:14.524 DEBUG org.hibernate.type.descriptor.sql.spi.DdlTypeRegistry.addDescriptor(64) - addDescriptor(6, org.hibernate.type.descriptor.sql.internal.CapacityDependentDdlType@41f4039e) replaced previous registration(org.hibernate.type.descriptor.sql.internal.DdlTypeImpl@5ff00507)
09:09:14.525 DEBUG org.hibernate.type.descriptor.jdbc.spi.JdbcTypeRegistry.addDescriptor(83) - addDescriptor(2004, BlobTypeDescriptor(BLOB_BINDING)) replaced previous registration(BlobTypeDescriptor(DEFAULT))
09:09:14.525 DEBUG org.hibernate.type.descriptor.jdbc.spi.JdbcTypeRegistry.addDescriptor(83) - addDescriptor(2005, ClobTypeDescriptor(CLOB_BINDING)) replaced previous registration(ClobTypeDescriptor(DEFAULT))
09:09:14.530 DEBUG org.hibernate.type.BasicTypeRegistry.applyRegistrationKeys(395) - Adding type registration JAVA_OBJECT -> org.hibernate.type.JavaObjectType@62b09715
09:09:14.530 DEBUG org.hibernate.type.BasicTypeRegistry.applyRegistrationKeys(395) - Adding type registration java.lang.Object -> org.hibernate.type.JavaObjectType@62b09715
09:09:14.530 DEBUG org.hibernate.type.BasicTypeRegistry.applyRegistrationKeys(399) - Type registration key [java.lang.Object] overrode previous entry : `org.hibernate.type.JavaObjectType@361abd01`
09:09:14.534 DEBUG org.hibernate.type.BasicTypeRegistry.applyRegistrationKeys(395) - Adding type registration org.hibernate.type.DurationType -> basicType@1(java.time.Duration,3015)
09:09:14.534 DEBUG org.hibernate.type.BasicTypeRegistry.applyRegistrationKeys(395) - Adding type registration Duration -> basicType@1(java.time.Duration,3015)
09:09:14.534 DEBUG org.hibernate.type.BasicTypeRegistry.applyRegistrationKeys(395) - Adding type registration java.time.Duration -> basicType@1(java.time.Duration,3015)
09:09:14.536 DEBUG org.hibernate.type.BasicTypeRegistry.applyRegistrationKeys(395) - Adding type registration org.hibernate.type.OffsetDateTimeType -> basicType@2(java.time.OffsetDateTime,3003)
09:09:14.536 DEBUG org.hibernate.type.BasicTypeRegistry.applyRegistrationKeys(395) - Adding type registration OffsetDateTime -> basicType@2(java.time.OffsetDateTime,3003)
09:09:14.536 DEBUG org.hibernate.type.BasicTypeRegistry.applyRegistrationKeys(395) - Adding type registration java.time.OffsetDateTime -> basicType@2(java.time.OffsetDateTime,3003)
09:09:14.536 DEBUG org.hibernate.type.BasicTypeRegistry.applyRegistrationKeys(395) - Adding type registration org.hibernate.type.ZonedDateTimeType -> basicType@3(java.time.ZonedDateTime,3003)
09:09:14.536 DEBUG org.hibernate.type.BasicTypeRegistry.applyRegistrationKeys(395) - Adding type registration ZonedDateTime -> basicType@3(java.time.ZonedDateTime,3003)
09:09:14.536 DEBUG org.hibernate.type.BasicTypeRegistry.applyRegistrationKeys(395) - Adding type registration java.time.ZonedDateTime -> basicType@3(java.time.ZonedDateTime,3003)
09:09:14.537 DEBUG org.hibernate.type.BasicTypeRegistry.applyRegistrationKeys(395) - Adding type registration org.hibernate.type.OffsetTimeType -> basicType@4(java.time.OffsetTime,3007)
09:09:14.537 DEBUG org.hibernate.type.BasicTypeRegistry.applyRegistrationKeys(395) - Adding type registration OffsetTime -> basicType@4(java.time.OffsetTime,3007)
09:09:14.537 DEBUG org.hibernate.type.BasicTypeRegistry.applyRegistrationKeys(395) - Adding type registration java.time.OffsetTime -> basicType@4(java.time.OffsetTime,3007)
09:09:14.538 DEBUG org.hibernate.type.spi.TypeConfiguration$Scope.scope(197) - Scoping TypeConfiguration [org.hibernate.type.spi.TypeConfiguration@384fda47] to MetadataBuildingContext [org.hibernate.boot.internal.MetadataBuildingContextRootImpl@3663d0ba]
09:09:14.554 DEBUG org.hibernate.boot.model.relational.Namespace.<init>(72) - Created database namespace [logicalName=Name{catalog=null, schema=null}, physicalName=Name{catalog=null, schema=null}]
09:09:14.564 INFO  org.hibernate.orm.beans.resolveBeanContainer(76) - HHH10005002: No explicit CDI BeanManager reference was passed to Hibernate, but CDI is available on the Hibernate ClassLoader.
09:09:14.569 DEBUG org.hibernate.boot.model.internal.EntityBinder.bindEntityClass(225) - Binding entity from annotated class: de.ruu.lib.jpa.se.hibernate.postgres.demo.SimpleTypeEntity
09:09:14.572 DEBUG org.hibernate.boot.model.internal.EntityBinder.registerImportName(1364) - Import with entity name SimpleTypeEntity
09:09:14.574 DEBUG org.hibernate.boot.model.relational.Namespace.<init>(72) - Created database namespace [logicalName=Name{catalog=null, schema=lib_test}, physicalName=Name{catalog=null, schema=lib_test}]
09:09:14.577 DEBUG org.hibernate.boot.model.internal.EntityBinder.bindTable(1908) - Bind entity de.ruu.lib.jpa.se.hibernate.postgres.demo.SimpleTypeEntity on table simple_type
09:09:14.582 DEBUG org.hibernate.boot.model.internal.AnnotatedColumn.bind(268) - Binding column: AnnotatedDiscriminatorColumn(column='DTYPE')
09:09:14.593 DEBUG org.hibernate.boot.model.internal.AnnotatedColumn.bind(268) - Binding column: AnnotatedColumn()
09:09:14.595 DEBUG org.hibernate.boot.internal.ClassLoaderAccessImpl.classForName(60) - Not known whether passed class name [de.ruu.lib.jpa.se.hibernate.postgres.demo.SimpleTypeEntity] is safe
09:09:14.595 DEBUG org.hibernate.boot.internal.ClassLoaderAccessImpl.classForName(62) - No temp ClassLoader provided; using live ClassLoader for loading potentially unsafe class : de.ruu.lib.jpa.se.hibernate.postgres.demo.SimpleTypeEntity
09:09:14.598 DEBUG org.hibernate.boot.model.internal.PropertyBinder.makePropertyAndValue(262) - MetadataSourceProcessor property id with lazy=false
09:09:14.600 DEBUG org.hibernate.boot.model.internal.AbstractPropertyHolder.resolveAttributeConverterDescriptor(106) - Attempting to locate auto-apply AttributeConverter for property [de.ruu.lib.jpa.se.hibernate.postgres.demo.SimpleTypeEntity:id]
09:09:14.603 DEBUG org.hibernate.boot.model.internal.BasicValueBinder.make(1219) - building BasicValue for id
09:09:14.606 DEBUG org.hibernate.mapping.BasicValue.checkSelectable(300) - Skipping column re-registration: simple_type.id
09:09:14.607 DEBUG org.hibernate.boot.model.internal.PropertyBinder.makeProperty(415) - Building property id
09:09:14.610 DEBUG org.hibernate.boot.model.internal.BinderHelper.makeIdGenerator(80) - #makeIdGenerator(BasicValue([Column(id)]), id, org.hibernate.id.enhanced.SequenceStyleGenerator, , ...)
09:09:14.611 DEBUG org.hibernate.boot.model.internal.AnnotatedColumn.bind(268) - Binding column: AnnotatedColumn()
09:09:14.611 DEBUG org.hibernate.boot.model.internal.PropertyBinder.makePropertyAndValue(262) - MetadataSourceProcessor property version with lazy=false
09:09:14.612 DEBUG org.hibernate.boot.model.internal.AbstractPropertyHolder.resolveAttributeConverterDescriptor(106) - Attempting to locate auto-apply AttributeConverter for property [de.ruu.lib.jpa.se.hibernate.postgres.demo.SimpleTypeEntity:version]
09:09:14.612 DEBUG org.hibernate.boot.model.internal.BasicValueBinder.make(1219) - building BasicValue for version
09:09:14.612 DEBUG org.hibernate.mapping.BasicValue.checkSelectable(300) - Skipping column re-registration: simple_type.version
09:09:14.612 DEBUG org.hibernate.boot.model.internal.PropertyBinder.makeProperty(415) - Building property version
09:09:14.613 DEBUG org.hibernate.boot.model.internal.AnnotatedColumn.bind(268) - Binding column: AnnotatedColumn()
09:09:14.613 DEBUG org.hibernate.boot.model.internal.PropertyBinder.makePropertyAndValue(262) - MetadataSourceProcessor property name with lazy=false
09:09:14.613 DEBUG org.hibernate.boot.model.internal.AbstractPropertyHolder.resolveAttributeConverterDescriptor(106) - Attempting to locate auto-apply AttributeConverter for property [de.ruu.lib.jpa.se.hibernate.postgres.demo.SimpleTypeEntity:name]
09:09:14.613 DEBUG org.hibernate.boot.model.internal.BasicValueBinder.make(1219) - building BasicValue for name
09:09:14.614 DEBUG org.hibernate.mapping.BasicValue.checkSelectable(300) - Skipping column re-registration: simple_type.name
09:09:14.614 DEBUG org.hibernate.boot.model.internal.PropertyBinder.makeProperty(415) - Building property name
09:09:14.615 DEBUG org.hibernate.boot.registry.classloading.internal.ClassLoaderServiceImpl.packageForNameOrNull(261) - HHH000194: Package not found or no package-info.java: de.ruu.lib.jpa.se.hibernate.postgres.demo
09:09:14.619 DEBUG org.hibernate.boot.model.internal.BasicValueBinder.fillSimpleValue(1302) - Starting `BasicValueBinder#fillSimpleValue` for id
09:09:14.620 DEBUG org.hibernate.boot.model.internal.BasicValueBinder.fillSimpleValue(1302) - Starting `BasicValueBinder#fillSimpleValue` for version
09:09:14.621 DEBUG org.hibernate.boot.model.internal.BasicValueBinder.fillSimpleValue(1302) - Starting `BasicValueBinder#fillSimpleValue` for name
09:09:14.624 DEBUG org.hibernate.mapping.PrimaryKey.addColumn(41) - Forcing column [id] to be non-null as it is part of the primary key for table [simple_type]
09:09:14.843 DEBUG org.hibernate.internal.SessionFactoryImpl.<init>(222) - Building session factory
09:09:14.878 DEBUG org.hibernate.service.internal.SessionFactoryServiceRegistryImpl.getService(105) - EventListenerRegistry access via ServiceRegistry is deprecated.  Use `sessionFactory.getEventEngine().getListenerRegistry()` instead
09:09:14.879 DEBUG org.hibernate.internal.SessionFactoryImpl.<init>(240) - Instantiating SessionFactory with settings: {persistence.unit.properties={}, hibernate.format_sql=true, java.specification.version=24, sun.cpu.isalist=amd64, sun.jnu.encoding=Cp1252, persistence.unit.mapping.file.names=[], sun.arch.data.model=64, java.vendor.url=https://java.oracle.com/, javax.persistence.jdbc.user=****, javax.persistence.jdbc.url=jdbc:postgresql://localhost:5432/lib, jakarta.persistence.jdbc.password=****, hibernate.jdbc.batch_size=0, sun.boot.library.path=c:\software\develop\java\jdk\bin, sun.java.command=org.apache.maven.surefire.booter.ForkedBooter C:\Users\r-uu\AppData\Local\Temp\surefire18181833856427801650 2025-09-30T09-09-10_347-jvmRun1 surefire-20250930090911649_1tmp surefire_0-20250930090911649_2tmp, jdk.debug=release, java.specification.vendor=Oracle Corporation, jdk.module.path=C:\Users\r-uu\develop\github\codespace\r-uu\lib\jpa\se.hibernate.postgres.demo\target\classes;C:\Users\r-uu\.m2\repository\jakarta\json\jakarta.json-api\2.1.2\jakarta.json-api-2.1.2.jar;C:\Users\r-uu\.m2\repository\org\projectlombok\lombok\1.18.38\lombok-1.18.38.jar;C:\Users\r-uu\.m2\repository\jakarta\enterprise\jakarta.enterprise.cdi-api\4.1.0\jakarta.enterprise.cdi-api-4.1.0.jar;C:\Users\r-uu\.m2\repository\jakarta\enterprise\jakarta.enterprise.lang-model\4.1.0\jakarta.enterprise.lang-model-4.1.0.jar;C:\Users\r-uu\.m2\repository\org\apache\logging\log4j\log4j-slf4j2-impl\2.24.1\log4j-slf4j2-impl-2.24.1.jar;C:\Users\r-uu\.m2\repository\org\apache\logging\log4j\log4j-api\2.24.1\log4j-api-2.24.1.jar;C:\Users\r-uu\.m2\repository\org\slf4j\slf4j-api\2.0.16\slf4j-api-2.0.16.jar;C:\Users\r-uu\.m2\repository\org\apache\logging\log4j\log4j-core\2.24.1\log4j-core-2.24.1.jar;C:\Users\r-uu\develop\github\codespace\r-uu\lib\cdi\se\target\r-uu.codespace.lib.cdi.se-0.0.1.jar;C:\Users\r-uu\.m2\repository\jakarta\el\jakarta.el-api\6.0.1\jakarta.el-api-6.0.1.jar;C:\Users\r-uu\.m2\repository\jakarta\inject\jakarta.inject-api\2.0.1\jakarta.inject-api-2.0.1.jar;C:\Users\r-uu\.m2\repository\jakarta\interceptor\jakarta.interceptor-api\2.2.0\jakarta.interceptor-api-2.2.0.jar;C:\Users\r-uu\develop\github\codespace\r-uu\lib\jpa\se\target\r-uu.codespace.lib.jpa.se-0.0.1.jar;C:\Users\r-uu\.m2\repository\jakarta\persistence\jakarta.persistence-api\3.2.0\jakarta.persistence-api-3.2.0.jar;C:\Users\r-uu\develop\github\codespace\r-uu\lib\jpa\core\target\r-uu.codespace.lib.jpa.core-0.0.1.jar;C:\Users\r-uu\.m2\repository\com\fasterxml\jackson\core\jackson-annotations\2.18.3\jackson-annotations-2.18.3.jar;C:\Users\r-uu\.m2\repository\jakarta\annotation\jakarta.annotation-api\3.0.0\jakarta.annotation-api-3.0.0.jar;C:\Users\r-uu\.m2\repository\jakarta\json\bind\jakarta.json.bind-api\3.0.0\jakarta.json.bind-api-3.0.0.jar;C:\Users\r-uu\.m2\repository\org\eclipse\yasson\3.0.4\yasson-3.0.4.jar;C:\Users\r-uu\.m2\repository\org\eclipse\parsson\parsson\1.1.7\parsson-1.1.7.jar;C:\Users\r-uu\develop\github\codespace\r-uu\lib\util\target\r-uu.codespace.lib.util-0.0.1.jar;C:\Users\r-uu\.m2\repository\jakarta\ws\rs\jakarta.ws.rs-api\4.0.0\jakarta.ws.rs-api-4.0.0.jar;C:\Users\r-uu\develop\github\codespace\r-uu\lib\jpa\se.hibernate.postgres\target\r-uu.codespace.lib.jpa.se.hibernate.postgres-0.0.1.jar;C:\Users\r-uu\develop\github\codespace\r-uu\lib\jdbc\core\target\r-uu.codespace.lib.jdbc.core-0.0.1.jar;C:\Users\r-uu\develop\github\codespace\r-uu\lib\jdbc\postgres\target\r-uu.codespace.lib.jdbc.postgres-0.0.1.jar;C:\Users\r-uu\.m2\repository\org\postgresql\postgresql\42.7.5\postgresql-42.7.5.jar;C:\Users\r-uu\develop\github\codespace\r-uu\lib\jpa\se.hibernate\target\r-uu.codespace.lib.jpa.se.hibernate-0.0.1.jar;C:\Users\r-uu\.m2\repository\jakarta\xml\bind\jakarta.xml.bind-api\4.0.1\jakarta.xml.bind-api-4.0.1.jar;C:\Users\r-uu\.m2\repository\jakarta\activation\jakarta.activation-api\2.1.2\jakarta.activation-api-2.1.2.jar;C:\Users\r-uu\.m2\repository\org\hibernate\orm\hibernate-core\6.6.4.Final\hibernate-core-6.6.4.Final.jar;C:\Users\r-uu\.m2\repository\org\glassfish\jaxb\jaxb-runtime\4.0.2\jaxb-runtime-4.0.2.jar;C:\Users\r-uu\.m2\repository\org\glassfish\jaxb\jaxb-core\4.0.2\jaxb-core-4.0.2.jar;C:\Users\r-uu\.m2\repository\org\eclipse\angus\angus-activation\2.0.0\angus-activation-2.0.0.jar;C:\Users\r-uu\.m2\repository\org\glassfish\jaxb\txw2\4.0.2\txw2-4.0.2.jar;C:\Users\r-uu\.m2\repository\com\sun\istack\istack-commons-runtime\4.1.1\istack-commons-runtime-4.1.1.jar;C:\Users\r-uu\.m2\repository\org\eclipse\microprofile\config\microprofile-config-api\3.0\microprofile-config-api-3.0.jar, java.version.date=2025-07-15, java.home=c:\software\develop\java\jdk, file.separator=\, basedir=C:\Users\r-uu\develop\github\codespace\r-uu\lib\jpa\se.hibernate.postgres.demo, java.vm.compressedOopsMode=Zero based, line.separator=
, hibernate.persistenceUnitName=lib_test, persistence.unit.class.loader=jdk.internal.loader.ClassLoaders$AppClassLoader@6325a3ee, java.vm.specification.vendor=Oracle Corporation, java.specification.name=Java Platform API Specification, hibernate.transaction.coordinator_class=class org.hibernate.resource.transaction.backend.jdbc.internal.JdbcResourceLocalTransactionCoordinatorBuilderImpl, persistence.unit.transaction.type=RESOURCE_LOCAL, persistence.unit.jar.file.urls=[], hibernate.hbm2ddl.auto=create, user.script=, sun.management.compiler=HotSpot 64-Bit Tiered Compilers, persistence.unit.jta.data.source=org.postgresql.ds.PGSimpleDataSource@5cbe2654, java.runtime.version=24.0.2+11-jvmci-b01, persistence.unit.persistence.provider.class.name=org.hibernate.jpa.HibernatePersistenceProvider, hibernate.cache.use_structured_entries=false, user.name=r-uu, persistence.unit.persistence.unit.name=lib_test, file.encoding=UTF-8, java.vendor.version=Oracle GraalVM 24.0.2+11.1, persistence.unit.managed.class.names=[de.ruu.lib.jpa.se.hibernate.postgres.demo.SimpleTypeEntity], localRepository=C:\Users\r-uu\.m2\repository, hibernate.connection.driver_class=org.postgresql.Driver, java.io.tmpdir=C:\Users\r-uu\AppData\Local\Temp\, java.version=24.0.2, java.vm.specification.name=Java Virtual Machine Specification, persistence.unit.persistence.xml.schema.version=3.0, sun.os.patch.level=, native.encoding=Cp1252, hibernate.cache.use_second_level_cache=false, java.library.path=c:\software\develop\java\jdk\bin;C:\WINDOWS\Sun\Java\bin;C:\WINDOWS\system32;C:\WINDOWS;C:\Python313\Scripts\;C:\Python313\;C:\WINDOWS\system32;C:\WINDOWS;C:\WINDOWS\System32\Wbem;C:\WINDOWS\System32\WindowsPowerShell\v1.0\;C:\WINDOWS\System32\OpenSSH\;C:\Program Files\Git\cmd;C:\Program Files\nodejs\;C:\ProgramData\chocolatey\bin;C:\Users\r-uu\AppData\Local\Microsoft\WindowsApps;C:\Users\r-uu\AppData\Local\Programs\Microsoft VS Code\bin;C:\Users\r-uu\AppData\Local\GitHubDesktop\bin;C:\Program Files\JetBrains\IntelliJ IDEA Community Edition 2024.3.2.2\bin;C:\software\develop\build\maven\bin;C:\Users\r-uu\AppData\Roaming\Programs\Zero Install;C:\Users\r-uu\AppData\Local\Microsoft\WindowsApps;C:\Users\r-uu\AppData\Local\Flutter\bin;C:\Users\r-uu\AppData\Local\Programs\Windsurf\bin;C:\Users\r-uu\AppData\Roaming\npm;C:\Users\r-uu\develop\github\codespace\config\shell\cmd;., stderr.encoding=Cp1252, java.vendor=Oracle Corporation, sun.io.unicode.encoding=UnicodeLittle, java.class.path=C:\Users\r-uu\develop\github\codespace\r-uu\lib\jpa\se.hibernate.postgres.demo\target\test-classes;C:\Users\r-uu\develop\github\codespace\r-uu\lib\cdi\common\target\r-uu.codespace.lib.cdi.common-0.0.1.jar;C:\Users\r-uu\.m2\repository\org\jboss\logging\jboss-logging\3.6.1.Final\jboss-logging-3.6.1.Final.jar;C:\Users\r-uu\.m2\repository\org\checkerframework\checker-qual\3.48.3\checker-qual-3.48.3.jar;C:\Users\r-uu\.m2\repository\jakarta\transaction\jakarta.transaction-api\2.0.1\jakarta.transaction-api-2.0.1.jar;C:\Users\r-uu\.m2\repository\org\hibernate\common\hibernate-commons-annotations\7.0.3.Final\hibernate-commons-annotations-7.0.3.Final.jar;C:\Users\r-uu\.m2\repository\com\fasterxml\classmate\1.5.1\classmate-1.5.1.jar;C:\Users\r-uu\.m2\repository\net\bytebuddy\byte-buddy\1.14.18\byte-buddy-1.14.18.jar;C:\Users\r-uu\.m2\repository\org\antlr\antlr4-runtime\4.13.0\antlr4-runtime-4.13.0.jar;C:\Users\r-uu\.m2\repository\io\smallrye\jandex\3.2.2\jandex-3.2.2.jar;C:\Users\r-uu\.m2\repository\io\smallrye\config\smallrye-config\3.11.0\smallrye-config-3.11.0.jar;C:\Users\r-uu\.m2\repository\io\smallrye\config\smallrye-config-core\3.11.0\smallrye-config-core-3.11.0.jar;C:\Users\r-uu\.m2\repository\io\smallrye\common\smallrye-common-annotation\2.9.0\smallrye-common-annotation-2.9.0.jar;C:\Users\r-uu\.m2\repository\io\smallrye\common\smallrye-common-expression\2.9.0\smallrye-common-expression-2.9.0.jar;C:\Users\r-uu\.m2\repository\io\smallrye\common\smallrye-common-function\2.9.0\smallrye-common-function-2.9.0.jar;C:\Users\r-uu\.m2\repository\io\smallrye\common\smallrye-common-constraint\2.9.0\smallrye-common-constraint-2.9.0.jar;C:\Users\r-uu\.m2\repository\io\smallrye\common\smallrye-common-classloader\2.9.0\smallrye-common-classloader-2.9.0.jar;C:\Users\r-uu\.m2\repository\org\ow2\asm\asm\9.7.1\asm-9.7.1.jar;C:\Users\r-uu\.m2\repository\io\smallrye\config\smallrye-config-common\3.11.0\smallrye-config-common-3.11.0.jar;C:\Users\r-uu\develop\github\codespace\r-uu\lib\junit\target\r-uu.codespace.lib.junit-0.0.1.jar;C:\Users\r-uu\.m2\repository\org\junit\jupiter\junit-jupiter-api\5.7.0\junit-jupiter-api-5.7.0.jar;C:\Users\r-uu\.m2\repository\org\apiguardian\apiguardian-api\1.1.0\apiguardian-api-1.1.0.jar;C:\Users\r-uu\.m2\repository\org\opentest4j\opentest4j\1.2.0\opentest4j-1.2.0.jar;C:\Users\r-uu\.m2\repository\org\junit\platform\junit-platform-commons\1.7.0\junit-platform-commons-1.7.0.jar;C:\Users\r-uu\.m2\repository\org\hamcrest\hamcrest\2.2\hamcrest-2.2.jar;C:\Users\r-uu\.m2\repository\org\jboss\weld\se\weld-se-shaded\5.1.2.Final\weld-se-shaded-5.1.2.Final.jar;, java.vm.vendor=Oracle Corporation, user.variant=, user.timezone=Europe/Berlin, jakarta.persistence.sharedCache.mode=UNSPECIFIED, os.name=Windows 11, java.vm.specification.version=24, hibernate.generate_statistics=false, persistence.unit.shared.cache.mode=UNSPECIFIED, sun.java.launcher=SUN_STANDARD, user.country=DE, local.setting.IS_JTA_TXN_COORD=false, surefire.test.class.path=C:\Users\r-uu\develop\github\codespace\r-uu\lib\jpa\se.hibernate.postgres.demo\target\test-classes;C:\Users\r-uu\develop\github\codespace\r-uu\lib\cdi\common\target\r-uu.codespace.lib.cdi.common-0.0.1.jar;C:\Users\r-uu\.m2\repository\org\jboss\logging\jboss-logging\3.6.1.Final\jboss-logging-3.6.1.Final.jar;C:\Users\r-uu\.m2\repository\org\checkerframework\checker-qual\3.48.3\checker-qual-3.48.3.jar;C:\Users\r-uu\.m2\repository\jakarta\transaction\jakarta.transaction-api\2.0.1\jakarta.transaction-api-2.0.1.jar;C:\Users\r-uu\.m2\repository\org\hibernate\common\hibernate-commons-annotations\7.0.3.Final\hibernate-commons-annotations-7.0.3.Final.jar;C:\Users\r-uu\.m2\repository\com\fasterxml\classmate\1.5.1\classmate-1.5.1.jar;C:\Users\r-uu\.m2\repository\net\bytebuddy\byte-buddy\1.14.18\byte-buddy-1.14.18.jar;C:\Users\r-uu\.m2\repository\org\antlr\antlr4-runtime\4.13.0\antlr4-runtime-4.13.0.jar;C:\Users\r-uu\.m2\repository\io\smallrye\jandex\3.2.2\jandex-3.2.2.jar;C:\Users\r-uu\.m2\repository\io\smallrye\config\smallrye-config\3.11.0\smallrye-config-3.11.0.jar;C:\Users\r-uu\.m2\repository\io\smallrye\config\smallrye-config-core\3.11.0\smallrye-config-core-3.11.0.jar;C:\Users\r-uu\.m2\repository\io\smallrye\common\smallrye-common-annotation\2.9.0\smallrye-common-annotation-2.9.0.jar;C:\Users\r-uu\.m2\repository\io\smallrye\common\smallrye-common-expression\2.9.0\smallrye-common-expression-2.9.0.jar;C:\Users\r-uu\.m2\repository\io\smallrye\common\smallrye-common-function\2.9.0\smallrye-common-function-2.9.0.jar;C:\Users\r-uu\.m2\repository\io\smallrye\common\smallrye-common-constraint\2.9.0\smallrye-common-constraint-2.9.0.jar;C:\Users\r-uu\.m2\repository\io\smallrye\common\smallrye-common-classloader\2.9.0\smallrye-common-classloader-2.9.0.jar;C:\Users\r-uu\.m2\repository\org\ow2\asm\asm\9.7.1\asm-9.7.1.jar;C:\Users\r-uu\.m2\repository\io\smallrye\config\smallrye-config-common\3.11.0\smallrye-config-common-3.11.0.jar;C:\Users\r-uu\develop\github\codespace\r-uu\lib\junit\target\r-uu.codespace.lib.junit-0.0.1.jar;C:\Users\r-uu\.m2\repository\org\junit\jupiter\junit-jupiter-api\5.7.0\junit-jupiter-api-5.7.0.jar;C:\Users\r-uu\.m2\repository\org\apiguardian\apiguardian-api\1.1.0\apiguardian-api-1.1.0.jar;C:\Users\r-uu\.m2\repository\org\opentest4j\opentest4j\1.2.0\opentest4j-1.2.0.jar;C:\Users\r-uu\.m2\repository\org\junit\platform\junit-platform-commons\1.7.0\junit-platform-commons-1.7.0.jar;C:\Users\r-uu\.m2\repository\org\hamcrest\hamcrest\2.2\hamcrest-2.2.jar;C:\Users\r-uu\.m2\repository\org\jboss\weld\se\weld-se-shaded\5.1.2.Final\weld-se-shaded-5.1.2.Final.jar;, jakarta.persistence.jdbc.driver=org.postgresql.Driver, sun.cpu.endian=little, user.home=C:\Users\r-uu, user.language=en, jakarta.persistence.jdbc.user=****, jdk.internal.vm.ci.enabled=true, persistence.unit.exclude.unlisted.classes=false, persistence.unit.validation.mode=AUTO, javax.persistence.jdbc.driver=org.postgresql.Driver, surefire.real.class.path=C:\Users\r-uu\.m2\repository\org\apache\maven\surefire\surefire-booter\3.5.2\surefire-booter-3.5.2.jar;C:\Users\r-uu\.m2\repository\org\apache\maven\surefire\surefire-api\3.5.2\surefire-api-3.5.2.jar;C:\Users\r-uu\.m2\repository\org\apache\maven\surefire\surefire-extensions-spi\3.5.2\surefire-extensions-spi-3.5.2.jar;C:\Users\r-uu\.m2\repository\org\apache\maven\surefire\surefire-shared-utils\3.5.2\surefire-shared-utils-3.5.2.jar;C:\Users\r-uu\.m2\repository\org\apache\maven\surefire\surefire-logger-api\3.5.2\surefire-logger-api-3.5.2.jar;C:\Users\r-uu\develop\github\codespace\r-uu\lib\jpa\se.hibernate.postgres.demo\target\test-classes;C:\Users\r-uu\develop\github\codespace\r-uu\lib\cdi\common\target\r-uu.codespace.lib.cdi.common-0.0.1.jar;C:\Users\r-uu\.m2\repository\org\jboss\logging\jboss-logging\3.6.1.Final\jboss-logging-3.6.1.Final.jar;C:\Users\r-uu\.m2\repository\org\checkerframework\checker-qual\3.48.3\checker-qual-3.48.3.jar;C:\Users\r-uu\.m2\repository\jakarta\transaction\jakarta.transaction-api\2.0.1\jakarta.transaction-api-2.0.1.jar;C:\Users\r-uu\.m2\repository\org\hibernate\common\hibernate-commons-annotations\7.0.3.Final\hibernate-commons-annotations-7.0.3.Final.jar;C:\Users\r-uu\.m2\repository\com\fasterxml\classmate\1.5.1\classmate-1.5.1.jar;C:\Users\r-uu\.m2\repository\net\bytebuddy\byte-buddy\1.14.18\byte-buddy-1.14.18.jar;C:\Users\r-uu\.m2\repository\org\antlr\antlr4-runtime\4.13.0\antlr4-runtime-4.13.0.jar;C:\Users\r-uu\.m2\repository\io\smallrye\jandex\3.2.2\jandex-3.2.2.jar;C:\Users\r-uu\.m2\repository\io\smallrye\config\smallrye-config\3.11.0\smallrye-config-3.11.0.jar;C:\Users\r-uu\.m2\repository\io\smallrye\config\smallrye-config-core\3.11.0\smallrye-config-core-3.11.0.jar;C:\Users\r-uu\.m2\repository\io\smallrye\common\smallrye-common-annotation\2.9.0\smallrye-common-annotation-2.9.0.jar;C:\Users\r-uu\.m2\repository\io\smallrye\common\smallrye-common-expression\2.9.0\smallrye-common-expression-2.9.0.jar;C:\Users\r-uu\.m2\repository\io\smallrye\common\smallrye-common-function\2.9.0\smallrye-common-function-2.9.0.jar;C:\Users\r-uu\.m2\repository\io\smallrye\common\smallrye-common-constraint\2.9.0\smallrye-common-constraint-2.9.0.jar;C:\Users\r-uu\.m2\repository\io\smallrye\common\smallrye-common-classloader\2.9.0\smallrye-common-classloader-2.9.0.jar;C:\Users\r-uu\.m2\repository\org\ow2\asm\asm\9.7.1\asm-9.7.1.jar;C:\Users\r-uu\.m2\repository\io\smallrye\config\smallrye-config-common\3.11.0\smallrye-config-common-3.11.0.jar;C:\Users\r-uu\develop\github\codespace\r-uu\lib\junit\target\r-uu.codespace.lib.junit-0.0.1.jar;C:\Users\r-uu\.m2\repository\org\junit\jupiter\junit-jupiter-api\5.7.0\junit-jupiter-api-5.7.0.jar;C:\Users\r-uu\.m2\repository\org\apiguardian\apiguardian-api\1.1.0\apiguardian-api-1.1.0.jar;C:\Users\r-uu\.m2\repository\org\opentest4j\opentest4j\1.2.0\opentest4j-1.2.0.jar;C:\Users\r-uu\.m2\repository\org\junit\platform\junit-platform-commons\1.7.0\junit-platform-commons-1.7.0.jar;C:\Users\r-uu\.m2\repository\org\hamcrest\hamcrest\2.2\hamcrest-2.2.jar;C:\Users\r-uu\.m2\repository\org\jboss\weld\se\weld-se-shaded\5.1.2.Final\weld-se-shaded-5.1.2.Final.jar;C:\Users\r-uu\.m2\repository\org\apache\maven\surefire\surefire-junit-platform\3.5.2\surefire-junit-platform-3.5.2.jar;C:\Users\r-uu\.m2\repository\org\apache\maven\surefire\common-java5\3.5.2\common-java5-3.5.2.jar;C:\Users\r-uu\.m2\repository\org\junit\platform\junit-platform-engine\1.7.0\junit-platform-engine-1.7.0.jar;C:\Users\r-uu\.m2\repository\org\junit\platform\junit-platform-launcher\1.7.0\junit-platform-launcher-1.7.0.jar;C:\Users\r-uu\.m2\repository\org\junit\jupiter\junit-jupiter-engine\5.7.0\junit-jupiter-engine-5.7.0.jar, jakarta.persistence.validation.mode=AUTO, hibernate.cache.use_query_cache=false, stdout.encoding=Cp1252, path.separator=;, hibernate.connection.username=****, os.version=10.0, java.runtime.name=Java(TM) SE Runtime Environment, hibernate.connection.url=jdbc:postgresql://localhost:5432/lib, java.vm.name=Java HotSpot(TM) 64-Bit Server VM, hibernate.show_sql=true, java.vendor.url.bug=https://bugreport.java.com/bugreport/, user.dir=C:\Users\r-uu\develop\github\codespace\r-uu\lib\jpa\se.hibernate.postgres.demo, os.arch=amd64, hibernate.connection.password=****, jakarta.persistence.jdbc.url=jdbc:postgresql://localhost:5432/lib, hibernate.boot.CfgXmlAccessService.key=org.hibernate.boot.registry.StandardServiceRegistryBuilder$1@775f15fd, java.vm.info=mixed mode, java.vm.version=24.0.2+11-jvmci-b01, hibernate.query.startup_check=false, javax.persistence.jdbc.password=****, java.class.version=68.0}
09:09:14.882 DEBUG org.hibernate.internal.SessionFactoryImpl.<init>(254) - Session factory constructed with filter configurations : {}
09:09:14.910 DEBUG org.hibernate.query.sqm.function.SqmFunctionRegistry.register(90) - Registered SqmFunctionTemplate [NamedSqmFunctionTemplate(max)] under max; prior registration was null
09:09:14.910 DEBUG org.hibernate.query.sqm.function.SqmFunctionRegistry.register(90) - Registered SqmFunctionTemplate [NamedSqmFunctionTemplate(min)] under min; prior registration was null
09:09:14.911 DEBUG org.hibernate.query.sqm.function.SqmFunctionRegistry.register(90) - Registered SqmFunctionTemplate [NamedSqmFunctionTemplate(sum)] under sum; prior registration was null
09:09:14.911 DEBUG org.hibernate.query.sqm.function.SqmFunctionRegistry.register(90) - Registered SqmFunctionTemplate [NamedSqmFunctionTemplate(avg)] under avg; prior registration was null
09:09:14.912 DEBUG org.hibernate.query.sqm.function.SqmFunctionRegistry.register(90) - Registered SqmFunctionTemplate [org.hibernate.dialect.function.CountFunction@2712e8f4] under count; prior registration was null
09:09:14.913 DEBUG org.hibernate.query.sqm.function.SqmFunctionRegistry.register(90) - Registered SqmFunctionTemplate [org.hibernate.dialect.function.EveryAnyEmulation@4a2e1e52] under every; prior registration was null
09:09:14.913 DEBUG org.hibernate.query.sqm.function.SqmFunctionRegistry.register(90) - Registered SqmFunctionTemplate [org.hibernate.dialect.function.EveryAnyEmulation@3dfe92ef] under any; prior registration was null
09:09:14.914 DEBUG org.hibernate.query.sqm.function.SqmFunctionRegistry.register(90) - Registered SqmFunctionTemplate [NamedSqmFunctionTemplate(floor)] under floor; prior registration was null
09:09:14.915 DEBUG org.hibernate.query.sqm.function.SqmFunctionRegistry.register(90) - Registered SqmFunctionTemplate [NamedSqmFunctionTemplate(ceiling)] under ceiling; prior registration was null
09:09:14.915 DEBUG org.hibernate.query.sqm.function.SqmFunctionRegistry.register(90) - Registered SqmFunctionTemplate [NamedSqmFunctionTemplate(mod)] under mod; prior registration was null
09:09:14.917 DEBUG org.hibernate.query.sqm.function.SqmFunctionRegistry.register(90) - Registered SqmFunctionTemplate [NamedSqmFunctionTemplate(abs)] under abs; prior registration was null
09:09:14.918 DEBUG org.hibernate.query.sqm.function.SqmFunctionRegistry.register(90) - Registered SqmFunctionTemplate [NamedSqmFunctionTemplate(sign)] under sign; prior registration was null
09:09:14.922 DEBUG org.hibernate.query.sqm.function.SqmFunctionRegistry.register(90) - Registered SqmFunctionTemplate [NamedSqmFunctionTemplate(sqrt)] under sqrt; prior registration was null
09:09:14.922 DEBUG org.hibernate.query.sqm.function.SqmFunctionRegistry.register(90) - Registered SqmFunctionTemplate [NamedSqmFunctionTemplate(ln)] under ln; prior registration was null
09:09:14.922 DEBUG org.hibernate.query.sqm.function.SqmFunctionRegistry.register(90) - Registered SqmFunctionTemplate [NamedSqmFunctionTemplate(exp)] under exp; prior registration was null
09:09:14.922 DEBUG org.hibernate.query.sqm.function.SqmFunctionRegistry.register(90) - Registered SqmFunctionTemplate [NamedSqmFunctionTemplate(power)] under power; prior registration was null
09:09:14.923 DEBUG org.hibernate.query.sqm.function.SqmFunctionRegistry.register(90) - Registered SqmFunctionTemplate [NamedSqmFunctionTemplate(round)] under round; prior registration was null
09:09:14.923 DEBUG org.hibernate.query.sqm.function.SqmFunctionRegistry.register(90) - Registered SqmFunctionTemplate [NamedSqmFunctionTemplate(sin)] under sin; prior registration was null
09:09:14.923 DEBUG org.hibernate.query.sqm.function.SqmFunctionRegistry.register(90) - Registered SqmFunctionTemplate [NamedSqmFunctionTemplate(cos)] under cos; prior registration was null
09:09:14.923 DEBUG org.hibernate.query.sqm.function.SqmFunctionRegistry.register(90) - Registered SqmFunctionTemplate [NamedSqmFunctionTemplate(tan)] under tan; prior registration was null
09:09:14.923 DEBUG org.hibernate.query.sqm.function.SqmFunctionRegistry.register(90) - Registered SqmFunctionTemplate [NamedSqmFunctionTemplate(asin)] under asin; prior registration was null
09:09:14.923 DEBUG org.hibernate.query.sqm.function.SqmFunctionRegistry.register(90) - Registered SqmFunctionTemplate [NamedSqmFunctionTemplate(acos)] under acos; prior registration was null
09:09:14.923 DEBUG org.hibernate.query.sqm.function.SqmFunctionRegistry.register(90) - Registered SqmFunctionTemplate [NamedSqmFunctionTemplate(atan)] under atan; prior registration was null
09:09:14.923 DEBUG org.hibernate.query.sqm.function.SqmFunctionRegistry.register(90) - Registered SqmFunctionTemplate [NamedSqmFunctionTemplate(atan2)] under atan2; prior registration was null
09:09:14.924 DEBUG org.hibernate.query.sqm.function.SqmFunctionRegistry.register(90) - Registered SqmFunctionTemplate [org.hibernate.query.sqm.function.PatternBasedSqmFunctionDescriptor@31f31b20] under sinh; prior registration was null
09:09:14.925 DEBUG org.hibernate.query.sqm.function.SqmFunctionRegistry.register(90) - Registered SqmFunctionTemplate [org.hibernate.query.sqm.function.PatternBasedSqmFunctionDescriptor@4c5f7b4f] under cosh; prior registration was null
09:09:14.925 DEBUG org.hibernate.query.sqm.function.SqmFunctionRegistry.register(90) - Registered SqmFunctionTemplate [org.hibernate.query.sqm.function.PatternBasedSqmFunctionDescriptor@4b544732] under tanh; prior registration was null
09:09:14.925 DEBUG org.hibernate.query.sqm.function.SqmFunctionRegistry.register(90) - Registered SqmFunctionTemplate [org.hibernate.query.sqm.function.PatternBasedSqmFunctionDescriptor@44084713] under pi; prior registration was null
09:09:14.925 DEBUG org.hibernate.query.sqm.function.SqmFunctionRegistry.register(90) - Registered SqmFunctionTemplate [org.hibernate.query.sqm.function.PatternBasedSqmFunctionDescriptor@6d8b7ea9] under log; prior registration was null
09:09:14.925 DEBUG org.hibernate.query.sqm.function.SqmFunctionRegistry.register(90) - Registered SqmFunctionTemplate [NamedSqmFunctionTemplate(coalesce)] under coalesce; prior registration was null
09:09:14.925 DEBUG org.hibernate.query.sqm.function.SqmFunctionRegistry.register(90) - Registered SqmFunctionTemplate [NamedSqmFunctionTemplate(nullif)] under nullif; prior registration was null
09:09:14.927 DEBUG org.hibernate.query.sqm.function.SqmFunctionRegistry.register(90) - Registered SqmFunctionTemplate [NamedSqmFunctionTemplate(left)] under left; prior registration was null
09:09:14.927 DEBUG org.hibernate.query.sqm.function.SqmFunctionRegistry.register(90) - Registered SqmFunctionTemplate [NamedSqmFunctionTemplate(right)] under right; prior registration was null
09:09:14.927 DEBUG org.hibernate.query.sqm.function.SqmFunctionRegistry.register(90) - Registered SqmFunctionTemplate [NamedSqmFunctionTemplate(replace)] under replace; prior registration was null
09:09:14.928 DEBUG org.hibernate.query.sqm.function.SqmFunctionRegistry.register(90) - Registered SqmFunctionTemplate [NamedSqmFunctionTemplate(concat)] under concat; prior registration was null
09:09:14.928 DEBUG org.hibernate.query.sqm.function.SqmFunctionRegistry.register(90) - Registered SqmFunctionTemplate [NamedSqmFunctionTemplate(lower)] under lower; prior registration was null
09:09:14.928 DEBUG org.hibernate.query.sqm.function.SqmFunctionRegistry.register(90) - Registered SqmFunctionTemplate [NamedSqmFunctionTemplate(upper)] under upper; prior registration was null
09:09:14.928 DEBUG org.hibernate.query.sqm.function.SqmFunctionRegistry.register(90) - Registered SqmFunctionTemplate [NamedSqmFunctionTemplate(substring)] under substring; prior registration was null
09:09:14.928 DEBUG org.hibernate.query.sqm.function.SqmFunctionRegistry.register(90) - Registered SqmFunctionTemplate [NamedSqmFunctionTemplate(locate)] under locate; prior registration was null
09:09:14.928 DEBUG org.hibernate.query.sqm.function.SqmFunctionRegistry.register(90) - Registered SqmFunctionTemplate [NamedSqmFunctionTemplate(character_length)] under character_length; prior registration was null
09:09:14.928 DEBUG org.hibernate.query.sqm.function.SqmFunctionRegistry.registerAlternateKey(307) - Registering alternate key : length -> character_length
09:09:14.929 DEBUG org.hibernate.query.sqm.function.SqmFunctionRegistry.register(90) - Registered SqmFunctionTemplate [org.hibernate.dialect.function.LocatePositionEmulation@7d28cdcd] under position; prior registration was null
09:09:14.929 DEBUG org.hibernate.query.sqm.function.SqmFunctionRegistry.register(90) - Registered SqmFunctionTemplate [org.hibernate.dialect.function.InsertSubstringOverlayEmulation@43c0c13a] under overlay; prior registration was null
09:09:14.930 DEBUG org.hibernate.query.sqm.function.SqmFunctionRegistry.register(90) - Registered SqmFunctionTemplate [org.hibernate.dialect.function.TrimFunction@6fde6f05] under trim; prior registration was null
09:09:14.930 DEBUG org.hibernate.query.sqm.function.SqmFunctionRegistry.register(90) - Registered SqmFunctionTemplate [org.hibernate.dialect.function.CastFunction@7530090a] under cast; prior registration was null
09:09:14.930 DEBUG org.hibernate.query.sqm.function.SqmFunctionRegistry.register(90) - Registered SqmFunctionTemplate [org.hibernate.query.sqm.function.PatternBasedSqmFunctionDescriptor@4492b393] under collate; prior registration was null
09:09:14.931 DEBUG org.hibernate.query.sqm.function.SqmFunctionRegistry.register(90) - Registered SqmFunctionTemplate [org.hibernate.dialect.function.ExtractFunction@22686ddb] under extract; prior registration was null
09:09:14.931 DEBUG org.hibernate.query.sqm.function.SqmFunctionRegistry.register(90) - Registered SqmFunctionTemplate [NamedSqmFunctionTemplate(least)] under least; prior registration was null
09:09:14.931 DEBUG org.hibernate.query.sqm.function.SqmFunctionRegistry.register(90) - Registered SqmFunctionTemplate [NamedSqmFunctionTemplate(greatest)] under greatest; prior registration was null
09:09:14.931 DEBUG org.hibernate.query.sqm.function.SqmFunctionRegistry.register(90) - Registered SqmFunctionTemplate [org.hibernate.dialect.function.CoalesceIfnullEmulation@5353dd09] under ifnull; prior registration was null
09:09:14.931 DEBUG org.hibernate.query.sqm.function.SqmFunctionRegistry.register(90) - Registered SqmFunctionTemplate [NamedSqmFunctionTemplate(lpad)] under lpad; prior registration was null
09:09:14.931 DEBUG org.hibernate.query.sqm.function.SqmFunctionRegistry.register(90) - Registered SqmFunctionTemplate [NamedSqmFunctionTemplate(rpad)] under rpad; prior registration was null
09:09:14.932 DEBUG org.hibernate.query.sqm.function.SqmFunctionRegistry.register(90) - Registered SqmFunctionTemplate [org.hibernate.dialect.function.LpadRpadPadEmulation@45b96e4c] under pad; prior registration was null
09:09:14.932 DEBUG org.hibernate.query.sqm.function.SqmFunctionRegistry.register(90) - Registered SqmFunctionTemplate [org.hibernate.dialect.function.CastStrEmulation@379f9555] under str; prior registration was null
09:09:14.933 DEBUG org.hibernate.query.sqm.function.SqmFunctionRegistry.register(90) - Registered SqmFunctionTemplate [org.hibernate.dialect.function.FormatFunction@1584c019] under format; prior registration was null
09:09:14.933 DEBUG org.hibernate.query.sqm.function.SqmFunctionRegistry.register(90) - Registered SqmFunctionTemplate [org.hibernate.dialect.function.TimestampaddFunction@5817f1ca] under timestampadd; prior registration was null
09:09:14.934 DEBUG org.hibernate.query.sqm.function.SqmFunctionRegistry.register(90) - Registered SqmFunctionTemplate [org.hibernate.dialect.function.TimestampdiffFunction@19faedcc] under timestampdiff; prior registration was null
09:09:14.934 DEBUG org.hibernate.query.sqm.function.SqmFunctionRegistry.registerAlternateKey(307) - Registering alternate key : dateadd -> timestampadd
09:09:14.934 DEBUG org.hibernate.query.sqm.function.SqmFunctionRegistry.registerAlternateKey(307) - Registering alternate key : datediff -> timestampdiff
09:09:14.934 DEBUG org.hibernate.query.sqm.function.SqmFunctionRegistry.register(90) - Registered SqmFunctionTemplate [org.hibernate.dialect.function.CurrentFunction@68b7bdcb] under current_date; prior registration was null
09:09:14.934 DEBUG org.hibernate.query.sqm.function.SqmFunctionRegistry.register(90) - Registered SqmFunctionTemplate [org.hibernate.dialect.function.CurrentFunction@d84418a] under current_time; prior registration was null
09:09:14.934 DEBUG org.hibernate.query.sqm.function.SqmFunctionRegistry.register(90) - Registered SqmFunctionTemplate [org.hibernate.dialect.function.CurrentFunction@45e11627] under current_timestamp; prior registration was null
09:09:14.934 DEBUG org.hibernate.query.sqm.function.SqmFunctionRegistry.registerAlternateKey(307) - Registering alternate key : current date -> current_date
09:09:14.934 DEBUG org.hibernate.query.sqm.function.SqmFunctionRegistry.registerAlternateKey(307) - Registering alternate key : current time -> current_time
09:09:14.934 DEBUG org.hibernate.query.sqm.function.SqmFunctionRegistry.registerAlternateKey(307) - Registering alternate key : current timestamp -> current_timestamp
09:09:14.934 DEBUG org.hibernate.query.sqm.function.SqmFunctionRegistry.register(90) - Registered SqmFunctionTemplate [org.hibernate.dialect.function.CurrentFunction@ec5f944] under local_date; prior registration was null
09:09:14.934 DEBUG org.hibernate.query.sqm.function.SqmFunctionRegistry.register(90) - Registered SqmFunctionTemplate [org.hibernate.dialect.function.CurrentFunction@5b4954b2] under local_time; prior registration was null
09:09:14.934 DEBUG org.hibernate.query.sqm.function.SqmFunctionRegistry.register(90) - Registered SqmFunctionTemplate [org.hibernate.dialect.function.CurrentFunction@74eec640] under local_datetime; prior registration was null
09:09:14.934 DEBUG org.hibernate.query.sqm.function.SqmFunctionRegistry.register(90) - Registered SqmFunctionTemplate [org.hibernate.dialect.function.CurrentFunction@3973b6d4] under offset_datetime; prior registration was null
09:09:14.934 DEBUG org.hibernate.query.sqm.function.SqmFunctionRegistry.registerAlternateKey(307) - Registering alternate key : local date -> local_date
09:09:14.934 DEBUG org.hibernate.query.sqm.function.SqmFunctionRegistry.registerAlternateKey(307) - Registering alternate key : local time -> local_time
09:09:14.934 DEBUG org.hibernate.query.sqm.function.SqmFunctionRegistry.registerAlternateKey(307) - Registering alternate key : local datetime -> local_datetime
09:09:14.934 DEBUG org.hibernate.query.sqm.function.SqmFunctionRegistry.registerAlternateKey(307) - Registering alternate key : offset datetime -> offset_datetime
09:09:14.934 DEBUG org.hibernate.query.sqm.function.SqmFunctionRegistry.register(90) - Registered SqmFunctionTemplate [org.hibernate.dialect.function.CurrentFunction@18dd7767] under instant; prior registration was null
09:09:14.934 DEBUG org.hibernate.query.sqm.function.SqmFunctionRegistry.registerAlternateKey(307) - Registering alternate key : current_instant -> instant
09:09:14.934 DEBUG org.hibernate.query.sqm.function.SqmFunctionRegistry.register(90) - Registered SqmFunctionTemplate [org.hibernate.dialect.function.SqlFunction@5c8ab9de] under sql; prior registration was null
09:09:14.934 DEBUG org.hibernate.query.sqm.function.SqmFunctionRegistry.register(90) - Registered SqmFunctionTemplate [NamedSqmFunctionTemplate(cot)] under cot; prior registration was null
09:09:14.934 DEBUG org.hibernate.query.sqm.function.SqmFunctionRegistry.register(90) - Registered SqmFunctionTemplate [NamedSqmFunctionTemplate(radians)] under radians; prior registration was null
09:09:14.934 DEBUG org.hibernate.query.sqm.function.SqmFunctionRegistry.register(90) - Registered SqmFunctionTemplate [NamedSqmFunctionTemplate(degrees)] under degrees; prior registration was null
09:09:14.934 DEBUG org.hibernate.query.sqm.function.SqmFunctionRegistry.register(90) - Registered SqmFunctionTemplate [NamedSqmFunctionTemplate(log)] under log; prior registration was org.hibernate.query.sqm.function.PatternBasedSqmFunctionDescriptor@6d8b7ea9
09:09:14.934 DEBUG org.hibernate.query.sqm.function.SqmFunctionRegistry.register(90) - Registered SqmFunctionTemplate [org.hibernate.query.sqm.function.PatternBasedSqmFunctionDescriptor@57416e49] under mod; prior registration was NamedSqmFunctionTemplate(mod)
09:09:14.936 DEBUG org.hibernate.query.sqm.function.SqmFunctionRegistry.register(90) - Registered SqmFunctionTemplate [NamedSqmFunctionTemplate(log10)] under log10; prior registration was null
09:09:14.936 DEBUG org.hibernate.query.sqm.function.SqmFunctionRegistry.register(90) - Registered SqmFunctionTemplate [NamedSqmFunctionTemplate(tanh)] under tanh; prior registration was org.hibernate.query.sqm.function.PatternBasedSqmFunctionDescriptor@4b544732
09:09:14.936 DEBUG org.hibernate.query.sqm.function.SqmFunctionRegistry.register(90) - Registered SqmFunctionTemplate [NamedSqmFunctionTemplate(sinh)] under sinh; prior registration was org.hibernate.query.sqm.function.PatternBasedSqmFunctionDescriptor@31f31b20
09:09:14.936 DEBUG org.hibernate.query.sqm.function.SqmFunctionRegistry.register(90) - Registered SqmFunctionTemplate [NamedSqmFunctionTemplate(cosh)] under cosh; prior registration was org.hibernate.query.sqm.function.PatternBasedSqmFunctionDescriptor@4c5f7b4f
09:09:14.936 DEBUG org.hibernate.query.sqm.function.SqmFunctionRegistry.register(90) - Registered SqmFunctionTemplate [NamedSqmFunctionTemplate(acosh)] under acosh; prior registration was null
09:09:14.936 DEBUG org.hibernate.query.sqm.function.SqmFunctionRegistry.register(90) - Registered SqmFunctionTemplate [NamedSqmFunctionTemplate(asinh)] under asinh; prior registration was null
09:09:14.936 DEBUG org.hibernate.query.sqm.function.SqmFunctionRegistry.register(90) - Registered SqmFunctionTemplate [NamedSqmFunctionTemplate(atanh)] under atanh; prior registration was null
09:09:14.936 DEBUG org.hibernate.query.sqm.function.SqmFunctionRegistry.register(90) - Registered SqmFunctionTemplate [NamedSqmFunctionTemplate(cbrt)] under cbrt; prior registration was null
09:09:14.936 DEBUG org.hibernate.query.sqm.function.SqmFunctionRegistry.register(90) - Registered SqmFunctionTemplate [NamedSqmFunctionTemplate(pi)] under pi; prior registration was org.hibernate.query.sqm.function.PatternBasedSqmFunctionDescriptor@44084713
[...]
09:09:14.970 DEBUG org.hibernate.HQL_FUNCTIONS.lambda$createFunctionRegistry$0(100) - min(COMPARABLE arg)
09:09:14.970 DEBUG org.hibernate.HQL_FUNCTIONS.lambda$createFunctionRegistry$0(100) - Integer mod(INTEGER arg0, INTEGER arg1)
09:09:14.970 DEBUG org.hibernate.HQL_FUNCTIONS.lambda$createFunctionRegistry$0(100) - mode()
09:09:14.970 DEBUG org.hibernate.HQL_FUNCTIONS.lambda$createFunctionRegistry$0(100) - nth_valueANY value, INTEGER nth
09:09:14.970 DEBUG org.hibernate.HQL_FUNCTIONS.lambda$createFunctionRegistry$0(100) - nullif(arg0, arg1)
09:09:14.970 DEBUG org.hibernate.HQL_FUNCTIONS.lambda$createFunctionRegistry$0(100) - Integer octet_length(STRING_OR_CLOB arg)
09:09:14.970 DEBUG org.hibernate.HQL_FUNCTIONS.lambda$createFunctionRegistry$0(100) - OffsetDateTime offset datetime
09:09:14.970 DEBUG org.hibernate.HQL_FUNCTIONS.lambda$createFunctionRegistry$0(100) - OffsetDateTime offset_datetime
09:09:14.970 DEBUG org.hibernate.HQL_FUNCTIONS.lambda$createFunctionRegistry$0(100) - String overlay(string placing replacement from start[ for length])
09:09:14.971 DEBUG org.hibernate.HQL_FUNCTIONS.lambda$createFunctionRegistry$0(100) - String pad(STRING string with INTEGER length {leading|trailing}[ STRING character])
09:09:14.971 DEBUG org.hibernate.HQL_FUNCTIONS.lambda$createFunctionRegistry$0(100) - Double percent_rank([arg0[, ...]])
09:09:14.971 DEBUG org.hibernate.HQL_FUNCTIONS.lambda$createFunctionRegistry$0(100) - percentile_cont(NUMERIC arg)
09:09:14.971 DEBUG org.hibernate.HQL_FUNCTIONS.lambda$createFunctionRegistry$0(100) - percentile_disc(NUMERIC arg)
09:09:14.971 DEBUG org.hibernate.HQL_FUNCTIONS.lambda$createFunctionRegistry$0(100) - Double pi
09:09:14.971 DEBUG org.hibernate.HQL_FUNCTIONS.lambda$createFunctionRegistry$0(100) - Integer position(STRING pattern in STRING string)
09:09:14.971 DEBUG org.hibernate.HQL_FUNCTIONS.lambda$createFunctionRegistry$0(100) - Double power(NUMERIC arg0, NUMERIC arg1)
09:09:14.971 DEBUG org.hibernate.HQL_FUNCTIONS.lambda$createFunctionRegistry$0(100) - Double radians(NUMERIC arg)
09:09:14.971 DEBUG org.hibernate.HQL_FUNCTIONS.lambda$createFunctionRegistry$0(100) - Long rank([arg0[, ...]])
09:09:14.971 DEBUG org.hibernate.HQL_FUNCTIONS.lambda$createFunctionRegistry$0(100) - Double regr_avgx(NUMERIC arg0, NUMERIC arg1)
09:09:14.971 DEBUG org.hibernate.HQL_FUNCTIONS.lambda$createFunctionRegistry$0(100) - Double regr_avgy(NUMERIC arg0, NUMERIC arg1)
09:09:14.971 DEBUG org.hibernate.HQL_FUNCTIONS.lambda$createFunctionRegistry$0(100) - Double regr_count(NUMERIC arg0, NUMERIC arg1)
09:09:14.971 DEBUG org.hibernate.HQL_FUNCTIONS.lambda$createFunctionRegistry$0(100) - Double regr_intercept(NUMERIC arg0, NUMERIC arg1)
09:09:14.971 DEBUG org.hibernate.HQL_FUNCTIONS.lambda$createFunctionRegistry$0(100) - Double regr_r2(NUMERIC arg0, NUMERIC arg1)
09:09:14.971 DEBUG org.hibernate.HQL_FUNCTIONS.lambda$createFunctionRegistry$0(100) - Double regr_slope(NUMERIC arg0, NUMERIC arg1)
09:09:14.971 DEBUG org.hibernate.HQL_FUNCTIONS.lambda$createFunctionRegistry$0(100) - Double regr_sxx(NUMERIC arg0, NUMERIC arg1)
09:09:14.971 DEBUG org.hibernate.HQL_FUNCTIONS.lambda$createFunctionRegistry$0(100) - Double regr_sxy(NUMERIC arg0, NUMERIC arg1)
09:09:14.971 DEBUG org.hibernate.HQL_FUNCTIONS.lambda$createFunctionRegistry$0(100) - Double regr_syy(NUMERIC arg0, NUMERIC arg1)
09:09:14.971 DEBUG org.hibernate.HQL_FUNCTIONS.lambda$createFunctionRegistry$0(100) - String repeat(STRING string, INTEGER times)
09:09:14.971 DEBUG org.hibernate.HQL_FUNCTIONS.lambda$createFunctionRegistry$0(100) - String replace(STRING string, STRING pattern, STRING replacement)
09:09:14.971 DEBUG org.hibernate.HQL_FUNCTIONS.lambda$createFunctionRegistry$0(100) - String right(STRING string, INTEGER length)
09:09:14.971 DEBUG org.hibernate.HQL_FUNCTIONS.lambda$createFunctionRegistry$0(100) - round(NUMERIC number[, INTEGER places])
09:09:14.971 DEBUG org.hibernate.HQL_FUNCTIONS.lambda$createFunctionRegistry$0(100) - Long row_number()
09:09:14.971 DEBUG org.hibernate.HQL_FUNCTIONS.lambda$createFunctionRegistry$0(100) - String rpad(STRING string, INTEGER length[, STRING padding])
09:09:14.971 DEBUG org.hibernate.HQL_FUNCTIONS.lambda$createFunctionRegistry$0(100) - String rtrim(STRING string[, STRING characters])
09:09:14.972 DEBUG org.hibernate.HQL_FUNCTIONS.lambda$createFunctionRegistry$0(100) - Integer sign(NUMERIC arg)
09:09:14.972 DEBUG org.hibernate.HQL_FUNCTIONS.lambda$createFunctionRegistry$0(100) - Double sin(NUMERIC arg)
09:09:14.972 DEBUG org.hibernate.HQL_FUNCTIONS.lambda$createFunctionRegistry$0(100) - Double sinh(NUMERIC arg)
09:09:14.972 DEBUG org.hibernate.HQL_FUNCTIONS.lambda$createFunctionRegistry$0(100) - String soundex(arg)
09:09:14.972 DEBUG org.hibernate.HQL_FUNCTIONS.lambda$createFunctionRegistry$0(100) - Object sql
09:09:14.972 DEBUG org.hibernate.HQL_FUNCTIONS.lambda$createFunctionRegistry$0(100) - Double sqrt(NUMERIC arg)
09:09:14.972 DEBUG org.hibernate.HQL_FUNCTIONS.lambda$createFunctionRegistry$0(100) - Double stddev(NUMERIC arg)
09:09:14.972 DEBUG org.hibernate.HQL_FUNCTIONS.lambda$createFunctionRegistry$0(100) - Double stddev_pop(NUMERIC arg)
09:09:14.972 DEBUG org.hibernate.HQL_FUNCTIONS.lambda$createFunctionRegistry$0(100) - Double stddev_samp(NUMERIC arg)
09:09:14.972 DEBUG org.hibernate.HQL_FUNCTIONS.lambda$createFunctionRegistry$0(100) - String str(arg)
09:09:14.972 DEBUG org.hibernate.HQL_FUNCTIONS.lambda$createFunctionRegistry$0(100) - String substr(STRING string, INTEGER start[, INTEGER length])
09:09:14.972 DEBUG org.hibernate.HQL_FUNCTIONS.lambda$createFunctionRegistry$0(100) - String substring(STRING string{ from|,} INTEGER start[{ for|,} INTEGER length])
09:09:14.972 DEBUG org.hibernate.HQL_FUNCTIONS.lambda$createFunctionRegistry$0(100) - sum(arg)
09:09:14.973 DEBUG org.hibernate.HQL_FUNCTIONS.lambda$createFunctionRegistry$0(100) - Double tan(NUMERIC arg)
09:09:14.973 DEBUG org.hibernate.HQL_FUNCTIONS.lambda$createFunctionRegistry$0(100) - Double tanh(NUMERIC arg)
09:09:14.973 DEBUG org.hibernate.HQL_FUNCTIONS.lambda$createFunctionRegistry$0(100) - timestampadd(TEMPORAL_UNIT field, INTEGER magnitude, TEMPORAL datetime)
09:09:14.973 DEBUG org.hibernate.HQL_FUNCTIONS.lambda$createFunctionRegistry$0(100) - Long|Double timestampdiff(TEMPORAL_UNIT field, TEMPORAL start, TEMPORAL end)
09:09:14.973 DEBUG org.hibernate.HQL_FUNCTIONS.lambda$createFunctionRegistry$0(100) - String to_char(ANY arg0[, STRING arg1, STRING arg2])
09:09:14.973 DEBUG org.hibernate.HQL_FUNCTIONS.lambda$createFunctionRegistry$0(100) - Date to_date(STRING arg0[, STRING arg1, STRING arg2])
09:09:14.973 DEBUG org.hibernate.HQL_FUNCTIONS.lambda$createFunctionRegistry$0(100) - Double to_number(STRING arg0[, STRING arg1, STRING arg2])
09:09:14.973 DEBUG org.hibernate.HQL_FUNCTIONS.lambda$createFunctionRegistry$0(100) - Timestamp to_timestamp(STRING arg0[, STRING arg1, STRING arg2])
09:09:14.973 DEBUG org.hibernate.HQL_FUNCTIONS.lambda$createFunctionRegistry$0(100) - String translate(STRING arg0, STRING arg1, STRING arg2)
09:09:14.973 DEBUG org.hibernate.HQL_FUNCTIONS.lambda$createFunctionRegistry$0(100) - String trim([[{leading|trailing|both} ][STRING arg0 ]from] STRING arg1)
09:09:14.973 DEBUG org.hibernate.HQL_FUNCTIONS.lambda$createFunctionRegistry$0(100) - trunc( ... )
09:09:14.973 DEBUG org.hibernate.HQL_FUNCTIONS.lambda$createFunctionRegistry$0(100) - truncate( ... )
09:09:14.973 DEBUG org.hibernate.HQL_FUNCTIONS.lambda$createFunctionRegistry$0(100) - String upper(STRING string)
09:09:14.974 DEBUG org.hibernate.HQL_FUNCTIONS.lambda$createFunctionRegistry$0(100) - Double var_pop(NUMERIC arg)
09:09:14.974 DEBUG org.hibernate.HQL_FUNCTIONS.lambda$createFunctionRegistry$0(100) - Double var_samp(NUMERIC arg)
09:09:14.974 DEBUG org.hibernate.HQL_FUNCTIONS.lambda$createFunctionRegistry$0(100) - Double variance(NUMERIC arg)
09:09:14.978 DEBUG org.hibernate.orm.query.plan.cache.<init>(48) - Starting QueryInterpretationCache(2048)
09:09:15.023 DEBUG org.hibernate.service.internal.SessionFactoryServiceRegistryImpl.getService(105) - EventListenerRegistry access via ServiceRegistry is deprecated.  Use `sessionFactory.getEventEngine().getListenerRegistry()` instead
09:09:15.024 DEBUG org.hibernate.event.internal.EntityCopyObserverFactoryInitiator.initiateService(39) - Configured EntityCopyObserver strategy: disallow
09:09:15.070 DEBUG org.hibernate.boot.internal.ClassLoaderAccessImpl.classForName(60) - Not known whether passed class name [de.ruu.lib.jpa.se.hibernate.postgres.demo.SimpleTypeEntity] is safe
09:09:15.070 DEBUG org.hibernate.boot.internal.ClassLoaderAccessImpl.classForName(62) - No temp ClassLoader provided; using live ClassLoader for loading potentially unsafe class : de.ruu.lib.jpa.se.hibernate.postgres.demo.SimpleTypeEntity
09:09:15.217 DEBUG org.hibernate.bytecode.internal.bytebuddy.BytecodeProviderImpl.getReflectionOptimizer(237) - HHH000513: Unable to create the ReflectionOptimizer for [de.ruu.lib.jpa.se.hibernate.postgres.demo.SimpleTypeEntity]: private accessor [name]
09:09:15.244 DEBUG org.hibernate.orm.model.mapping.creation.executePostInitCallbacks(92) - Starting post-init callbacks
09:09:15.245 DEBUG org.hibernate.orm.model.mapping.creation.process(242) - Starting PostInitCallbackEntry : Entity(de.ruu.lib.jpa.se.hibernate.postgres.demo.SimpleTypeEntity) `staticFetchableList` generator
09:09:15.245 DEBUG org.hibernate.orm.model.mapping.creation.process(242) - Starting PostInitCallbackEntry : Entity(de.ruu.lib.jpa.se.hibernate.postgres.demo.SimpleTypeEntity) `sqmMultiTableInsertStrategy` interpretation
09:09:15.303 DEBUG org.hibernate.orm.sql.ast.create.generateNewAlias(32) - Created new SQL alias : ste1_0
09:09:15.305 DEBUG org.hibernate.orm.sql.ast.create.registerTableGroup(112) - Registration of TableGroup [StandardTableGroup(de.ruu.lib.jpa.se.hibernate.postgres.demo.SimpleTypeEntity)] with identifierForTableGroup [de.ruu.lib.jpa.se.hibernate.postgres.demo.SimpleTypeEntity] for NavigablePath [de.ruu.lib.jpa.se.hibernate.postgres.demo.SimpleTypeEntity] 
09:09:15.315 DEBUG org.hibernate.orm.results.graph.AST.visitDomainResults(67) - DomainResult Graph:
 \-EntityResultImpl [de.ruu.lib.jpa.se.hibernate.postgres.demo.SimpleTypeEntity]
 |  +-BasicFetch [de.ruu.lib.jpa.se.hibernate.postgres.demo.SimpleTypeEntity.name]
 |  \-BasicFetch [de.ruu.lib.jpa.se.hibernate.postgres.demo.SimpleTypeEntity.version]

09:09:15.317 DEBUG org.hibernate.orm.sql.ast.tree.logSqlAst(46) - SQL AST Tree:
    SelectStatement {
      FromClause {
        StandardTableGroup (ste1 : de.ruu.lib.jpa.se.hibernate.postgres.demo.SimpleTypeEntity) {
          primaryTableReference : lib_test.simple_type as ste1_0
        }
      }
    }

09:09:15.322 DEBUG org.hibernate.persister.entity.AbstractEntityPersister.logStaticSQL(3088) - Static SQL for entity: de.ruu.lib.jpa.se.hibernate.postgres.demo.SimpleTypeEntity
09:09:15.322 DEBUG org.hibernate.persister.entity.AbstractEntityPersister.logStaticSQL(3093) -  Version select: select version as version_ from lib_test.simple_type where id=?
09:09:15.322 DEBUG org.hibernate.persister.entity.AbstractEntityPersister.debugf(393) -  Insert (0): insert into lib_test.simple_type (name,version,id) values (?,?,?)
09:09:15.322 DEBUG org.hibernate.persister.entity.AbstractEntityPersister.debugf(393) -  Update (0): update lib_test.simple_type set name=?,version=? where id=? and version=?
09:09:15.322 DEBUG org.hibernate.persister.entity.AbstractEntityPersister.debugf(393) -  Delete (0): delete from lib_test.simple_type where id=? and version=?
09:09:15.340 DEBUG org.hibernate.engine.transaction.jta.platform.internal.JtaPlatformInitiator.initiateService(45) - No JtaPlatform was specified, checking resolver
09:09:15.341 DEBUG org.hibernate.engine.transaction.jta.platform.internal.JtaPlatformResolverInitiator.initiateService(35) - No JtaPlatformResolver was specified, using default [org.hibernate.engine.transaction.jta.platform.internal.StandardJtaPlatformResolver]
09:09:15.344 DEBUG org.hibernate.engine.transaction.jta.platform.internal.StandardJtaPlatformResolver.resolveJtaPlatform(138) - Could not resolve JtaPlatform, using default [org.hibernate.engine.transaction.jta.platform.internal.NoJtaPlatform]
09:09:15.344 INFO  org.hibernate.engine.transaction.jta.platform.internal.JtaPlatformInitiator.initiateService(59) - HHH000489: No JTA platform available (set 'hibernate.transaction.jta.platform' to enable JTA platform integration)
09:09:15.344 DEBUG org.hibernate.type.spi.TypeConfiguration$Scope.scope(209) - Scoping TypeConfiguration [org.hibernate.type.spi.TypeConfiguration@384fda47] to SessionFactoryImplementor [org.hibernate.internal.SessionFactoryImpl@103bcc9f]
09:09:15.356 DEBUG org.hibernate.SQL.logStatement(135) - 
    set client_min_messages = WARNING
Hibernate: 
    set client_min_messages = WARNING
09:09:15.357 INFO  org.hibernate.orm.connections.access.getIsolatedConnection(52) - HHH10001501: Connection obtained from JdbcConnectionAccess [org.hibernate.engine.jdbc.env.internal.JdbcEnvironmentInitiator$ConnectionProviderJdbcConnectionAccess@669580e2] for (non-JTA) DDL execution was not in auto-commit mode; the Connection 'local transaction' will be committed and the Connection will be set into auto-commit mode.
09:09:15.363 DEBUG org.hibernate.SQL.logStatement(135) - 
    drop table if exists lib_test.simple_type cascade
Hibernate: 
    drop table if exists lib_test.simple_type cascade
09:09:15.382 DEBUG org.hibernate.SQL.logStatement(135) - 
    drop sequence if exists simple_type_SEQ
Hibernate: 
    drop sequence if exists simple_type_SEQ
09:09:15.391 DEBUG org.hibernate.SQL.logStatement(135) - 
    create table lib_test.simple_type (
        version smallint not null,
        id bigint not null,
        name varchar(255),
        primary key (id)
    )
Hibernate: 
    create table lib_test.simple_type (
        version smallint not null,
        id bigint not null,
        name varchar(255),
        primary key (id)
    )
09:09:15.391 INFO  org.hibernate.orm.connections.access.getIsolatedConnection(52) - HHH10001501: Connection obtained from JdbcConnectionAccess [org.hibernate.engine.jdbc.env.internal.JdbcEnvironmentInitiator$ConnectionProviderJdbcConnectionAccess@1bcb8599] for (non-JTA) DDL execution was not in auto-commit mode; the Connection 'local transaction' will be committed and the Connection will be set into auto-commit mode.
09:09:15.400 DEBUG org.hibernate.SQL.logStatement(135) - 
    create sequence simple_type_SEQ start with 1 increment by 50
Hibernate: 
    create sequence simple_type_SEQ start with 1 increment by 50
09:09:15.410 DEBUG org.hibernate.internal.SessionFactoryRegistry.<init>(52) - Initializing SessionFactoryRegistry : org.hibernate.internal.SessionFactoryRegistry@5abb7a8f
09:09:15.410 DEBUG org.hibernate.internal.SessionFactoryRegistry.addSessionFactory(74) - Registering SessionFactory: 9d8a3678-719e-4f7d-9a93-0230a435884d (<unnamed>)
09:09:15.410 DEBUG org.hibernate.internal.SessionFactoryRegistry.addSessionFactory(81) - Not binding SessionFactory to JNDI, no JNDI name configured
09:09:15.410 DEBUG org.hibernate.internal.SessionFactoryImpl.<init>(343) - Instantiated SessionFactory
09:09:15.432 DEBUG org.hibernate.stat.internal.StatisticsInitiator.initiateServiceInternal(86) - Statistics initialized [enabled=false]
09:09:15.435 DEBUG de.ruu.lib.jpa.se.hibernate.postgres.AbstractEntityManagerProducer.produce(84) - created entity manager: SessionImpl(678631391<open>)
09:09:15.437 DEBUG de.ruu.lib.jpa.se.hibernate.postgres.demo.SimpleTypeRepository.postConstruct(18) - injected entity manager successfully: true
09:09:15.450 DEBUG org.hibernate.SQL.logStatement(135) - 
    select
        nextval('simple_type_SEQ')
Hibernate: 
    select
        nextval('simple_type_SEQ')
09:09:15.455 DEBUG org.hibernate.id.enhanced.SequenceStructure.getNextValue(108) - Sequence value obtained: 1
09:09:15.456 DEBUG org.hibernate.event.internal.AbstractSaveEventListener.generateId(162) - Generated identifier: 1, using strategy: org.hibernate.id.enhanced.SequenceStyleGenerator
]]></system-out>
  </testcase>
  <testcase name="testAbstractRepositoryWithTransaction" classname="de.ruu.lib.jpa.se.hibernate.postgres.demo.TestAbstractRepository" time="0.04">
    <system-out><![CDATA[09:09:15.468 DEBUG de.ruu.lib.junit.DisableOnServerNotListening.evaluateExecutionCondition(26) - annotated Element: void de.ruu.lib.jpa.se.hibernate.postgres.demo.TestAbstractRepository.testAbstractRepositoryWithTransaction()
09:09:15.468 DEBUG de.ruu.lib.junit.DisableOnServerNotListening.evaluateExecutionCondition(90) - annotation not found -> execution enabled
09:09:15.470 DEBUG org.hibernate.engine.transaction.internal.TransactionImpl.<init>(53) - On TransactionImpl creation, JpaCompliance#isJpaTransactionComplianceEnabled == false
09:09:15.471 DEBUG org.hibernate.engine.transaction.internal.TransactionImpl.begin(81) - begin
09:09:15.471 DEBUG org.hibernate.SQL.logStatement(135) - 
    select
        nextval('simple_type_SEQ')
Hibernate: 
    select
        nextval('simple_type_SEQ')
09:09:15.472 DEBUG org.hibernate.id.enhanced.SequenceStructure.getNextValue(108) - Sequence value obtained: 51
09:09:15.473 DEBUG org.hibernate.event.internal.AbstractSaveEventListener.generateId(162) - Generated identifier: 2, using strategy: org.hibernate.id.enhanced.SequenceStyleGenerator
09:09:15.479 DEBUG org.hibernate.orm.results.loading.loadFromSessionCache(167) - Load request found matching entity in context, but it is scheduled for removal; returning null
09:09:15.479 DEBUG org.hibernate.engine.transaction.internal.TransactionImpl.commit(98) - committing
09:09:15.480 DEBUG org.hibernate.event.internal.AbstractFlushingEventListener.prepareEntityFlushes(150) - Processing flush-time cascades
09:09:15.480 DEBUG org.hibernate.event.internal.AbstractFlushingEventListener.prepareCollectionFlushes(223) - Dirty checking collections
09:09:15.483 DEBUG org.hibernate.event.internal.AbstractFlushingEventListener.logFlushResults(124) - Flushed: 2 insertions, 0 updates, 1 deletions to 2 objects
09:09:15.483 DEBUG org.hibernate.event.internal.AbstractFlushingEventListener.logFlushResults(131) - Flushed: 0 (re)creations, 0 updates, 0 removals to 0 collections
09:09:15.484 DEBUG org.hibernate.internal.util.EntityPrinter.toString(113) - Listing entities:
09:09:15.484 DEBUG org.hibernate.internal.util.EntityPrinter.toString(124) - de.ruu.lib.jpa.se.hibernate.postgres.demo.SimpleTypeEntity{name=schmottekk, id=1, version=0}
09:09:15.484 DEBUG org.hibernate.internal.util.EntityPrinter.toString(124) - de.ruu.lib.jpa.se.hibernate.postgres.demo.SimpleTypeEntity{name=äffchen, id=2, version=0}
09:09:15.490 DEBUG org.hibernate.SQL.logStatement(135) - 
    insert 
    into
        lib_test.simple_type
        (name, version, id) 
    values
        (?, ?, ?)
Hibernate: 
    insert 
    into
        lib_test.simple_type
        (name, version, id) 
    values
        (?, ?, ?)
09:09:15.496 DEBUG org.hibernate.SQL.logStatement(135) - 
    insert 
    into
        lib_test.simple_type
        (name, version, id) 
    values
        (?, ?, ?)
Hibernate: 
    insert 
    into
        lib_test.simple_type
        (name, version, id) 
    values
        (?, ?, ?)
09:09:15.499 DEBUG org.hibernate.SQL.logStatement(135) - 
    delete 
    from
        lib_test.simple_type 
    where
        id=? 
        and version=?
Hibernate: 
    delete 
    from
        lib_test.simple_type 
    where
        id=? 
        and version=?
09:09:15.508 DEBUG org.hibernate.resource.jdbc.internal.LogicalConnectionManagedImpl.afterTransaction(192) - Initiating JDBC connection release from afterTransaction
09:09:15.508 DEBUG org.hibernate.resource.jdbc.internal.LogicalConnectionManagedImpl.afterTransaction(192) - Initiating JDBC connection release from afterTransaction
]]></system-out>
  </testcase>
</testsuite>